
> rs-cms@1.0.0 dev
> cross-env NODE_OPTIONS=--no-deprecation next dev

 âš  Port 3000 is in use by process 1017
25376
30353
30356
30427
38038
55254
67845, using available port 3001 instead.
   â–² Next.js 15.4.5
   - Local:        http://localhost:3001
   - Network:      http://192.168.1.161:3001
   - Environments: .env
   - Experiments (use with caution):
     Â· swcPlugins

 âœ“ Starting...
 âœ“ Ready in 1376ms
 â—‹ Compiling /api/[...slug] ...
 âœ“ Compiled /api/[...slug] in 1724ms (2938 modules)
objc[35001]: Class GNotificationCenterDelegate is implemented in both /Users/abenezernuro/projects/Expos/rws_cms/node_modules/@img/sharp-libvips-darwin-arm64/lib/libvips-cpp.8.16.1.dylib (0x12964da98) and /Users/abenezernuro/projects/Expos/rws_cms/node_modules/canvas/build/Release/libgio-2.0.0.dylib (0x108a60648). This may cause spurious casting failures and mysterious crashes. One of the duplicates must be removed or renamed.
objc[35189]: Class GNotificationCenterDelegate is implemented in both /Users/abenezernuro/projects/Expos/rws_cms/node_modules/@img/sharp-libvips-darwin-arm64/lib/libvips-cpp.8.16.1.dylib (0x128dc5a98) and /Users/abenezernuro/projects/Expos/rws_cms/node_modules/canvas/build/Release/libgio-2.0.0.dylib (0x109d0c648). This may cause spurious casting failures and mysterious crashes. One of the duplicates must be removed or renamed.
[â£·] Pulling schema from database...
objc[35206]: Class GNotificationCenterDelegate is implemented in both /Users/abenezernuro/projects/Expos/rws_cms/node_modules/@img/sharp-libvips-darwin-arm64/lib/libvips-cpp.8.16.1.dylib (0x12a3c9a98) and /Users/abenezernuro/projects/Expos/rws_cms/node_modules/canvas/build/Release/libgio-2.0.0.dylib (0x10ac58648). This may cause spurious casting failures and mysterious crashes. One of the duplicates must be removed or renamed.
[2K[1G[â£¯] Pulling schema from database...
[2K[1G[â£Ÿ] Pulling schema from database...
[2K[1G[â¡¿] Pulling schema from database...
[2K[1G[â¢¿] Pulling schema from database...
[2K[1G[â£»] Pulling schema from database...
[2K[1G[â£½] Pulling schema from database...
[2K[1G[â£·] Pulling schema from database...
[2K[1G[â£¯] Pulling schema from database...
[2K[1G[â£Ÿ] Pulling schema from database...
[2K[1G[â¡¿] Pulling schema from database...
[2K[1G[â¢¿] Pulling schema from database...
[2K[1G[â£»] Pulling schema from database...
[2K[1G[â£½] Pulling schema from database...
[2K[1G[â£·] Pulling schema from database...
[2K[1G[â£¯] Pulling schema from database...
[2K[1G[â£Ÿ] Pulling schema from database...
[2K[1G[â¡¿] Pulling schema from database...
[2K[1G[â¢¿] Pulling schema from database...
[2K[1G[â£»] Pulling schema from database...
[2K[1G[â£½] Pulling schema from database...
[2K[1G[â£·] Pulling schema from database...
[2K[1G[âœ“] Pulling schema from database...
[17:57:23] [33mWARN[39m: [36mNo email adapter provided. Email will be written to console. More info at https://payloadcms.com/docs/email/overview.[39m
 GET /api/pdf-jobs?where[module][equals]=73&limit=1 200 in 5015ms
 GET /api/pdf-jobs?where[module][equals]=73&limit=1 200 in 3832ms
 GET /api/pdf-jobs?where[module][equals]=73&limit=1 200 in 4820ms
 GET /api/pdf-jobs?where[module][equals]=73&limit=1 200 in 6746ms
 GET /api/pdf-jobs?where[module][equals]=73&limit=1 200 in 7660ms
 GET /api/pdf-jobs?where[module][equals]=73&limit=1 200 in 8143ms
 GET /api/pdf-jobs?where[module][equals]=73&limit=1 200 in 245ms
 GET /api/pdf-jobs?where[module][equals]=73&limit=1 200 in 246ms
 GET /api/pdf-jobs?where[module][equals]=73&limit=1 200 in 247ms
 GET /api/pdf-jobs?where[module][equals]=73&limit=1 200 in 242ms
objc[35618]: Class GNotificationCenterDelegate is implemented in both /Users/abenezernuro/projects/Expos/rws_cms/node_modules/@img/sharp-libvips-darwin-arm64/lib/libvips-cpp.8.16.1.dylib (0x121a85a98) and /Users/abenezernuro/projects/Expos/rws_cms/node_modules/canvas/build/Release/libgio-2.0.0.dylib (0x10a00c648). This may cause spurious casting failures and mysterious crashes. One of the duplicates must be removed or renamed.
objc[35670]: Class GNotificationCenterDelegate is implemented in both /Users/abenezernuro/projects/Expos/rws_cms/node_modules/@img/sharp-libvips-darwin-arm64/lib/libvips-cpp.8.16.1.dylib (0x1275c5a98) and /Users/abenezernuro/projects/Expos/rws_cms/node_modules/canvas/build/Release/libgio-2.0.0.dylib (0x108300648). This may cause spurious casting failures and mysterious crashes. One of the duplicates must be removed or renamed.
 GET /api/pdf-jobs?where[module][equals]=73&limit=1 200 in 893ms
 GET /api/pdf-jobs?where[module][equals]=73&limit=1 200 in 234ms
objc[35741]: Class GNotificationCenterDelegate is implemented in both /Users/abenezernuro/projects/Expos/rws_cms/node_modules/@img/sharp-libvips-darwin-arm64/lib/libvips-cpp.8.16.1.dylib (0x128dc5a98) and /Users/abenezernuro/projects/Expos/rws_cms/node_modules/canvas/build/Release/libgio-2.0.0.dylib (0x10a448648). This may cause spurious casting failures and mysterious crashes. One of the duplicates must be removed or renamed.
 GET /api/pdf-jobs?where[module][equals]=73&limit=1 200 in 238ms
objc[35743]: Class GNotificationCenterDelegate is implemented in both /Users/abenezernuro/projects/Expos/rws_cms/node_modules/@img/sharp-libvips-darwin-arm64/lib/libvips-cpp.8.16.1.dylib (0x127dc5a98) and /Users/abenezernuro/projects/Expos/rws_cms/node_modules/canvas/build/Release/libgio-2.0.0.dylib (0x108a70648). This may cause spurious casting failures and mysterious crashes. One of the duplicates must be removed or renamed.
 GET /api/pdf-jobs?where[module][equals]=73&limit=1 200 in 232ms
objc[35846]: Class GNotificationCenterDelegate is implemented in both /Users/abenezernuro/projects/Expos/rws_cms/node_modules/@img/sharp-libvips-darwin-arm64/lib/libvips-cpp.8.16.1.dylib (0x126dc5a98) and /Users/abenezernuro/projects/Expos/rws_cms/node_modules/canvas/build/Release/libgio-2.0.0.dylib (0x1081ac648). This may cause spurious casting failures and mysterious crashes. One of the duplicates must be removed or renamed.
 GET /api/pdf-jobs?where[module][equals]=73&limit=1 200 in 246ms
objc[35852]: Class GNotificationCenterDelegate is implemented in both /Users/abenezernuro/projects/Expos/rws_cms/node_modules/@img/sharp-libvips-darwin-arm64/lib/libvips-cpp.8.16.1.dylib (0x126dc5a98) and /Users/abenezernuro/projects/Expos/rws_cms/node_modules/canvas/build/Release/libgio-2.0.0.dylib (0x108190648). This may cause spurious casting failures and mysterious crashes. One of the duplicates must be removed or renamed.
 GET /api/pdf-jobs?where[module][equals]=73&limit=1 200 in 264ms
objc[35924]: Class GNotificationCenterDelegate is implemented in both /Users/abenezernuro/projects/Expos/rws_cms/node_modules/@img/sharp-libvips-darwin-arm64/lib/libvips-cpp.8.16.1.dylib (0x1295c5a98) and /Users/abenezernuro/projects/Expos/rws_cms/node_modules/canvas/build/Release/libgio-2.0.0.dylib (0x10a830648). This may cause spurious casting failures and mysterious crashes. One of the duplicates must be removed or renamed.
 GET /api/pdf-jobs?where[module][equals]=73&limit=1 200 in 338ms
objc[35965]: Class GNotificationCenterDelegate is implemented in both /Users/abenezernuro/projects/Expos/rws_cms/node_modules/@img/sharp-libvips-darwin-arm64/lib/libvips-cpp.8.16.1.dylib (0x1275c5a98) and /Users/abenezernuro/projects/Expos/rws_cms/node_modules/canvas/build/Release/libgio-2.0.0.dylib (0x10877c648). This may cause spurious casting failures and mysterious crashes. One of the duplicates must be removed or renamed.
 GET /api/pdf-jobs?where[module][equals]=73&limit=1 200 in 253ms
objc[35983]: Class GNotificationCenterDelegate is implemented in both /Users/abenezernuro/projects/Expos/rws_cms/node_modules/@img/sharp-libvips-darwin-arm64/lib/libvips-cpp.8.16.1.dylib (0x1295c5a98) and /Users/abenezernuro/projects/Expos/rws_cms/node_modules/canvas/build/Release/libgio-2.0.0.dylib (0x10a690648). This may cause spurious casting failures and mysterious crashes. One of the duplicates must be removed or renamed.
 GET /api/pdf-jobs?where[module][equals]=73&limit=1 200 in 281ms
objc[36083]: Class GNotificationCenterDelegate is implemented in both /Users/abenezernuro/projects/Expos/rws_cms/node_modules/@img/sharp-libvips-darwin-arm64/lib/libvips-cpp.8.16.1.dylib (0x1255c5a98) and /Users/abenezernuro/projects/Expos/rws_cms/node_modules/canvas/build/Release/libgio-2.0.0.dylib (0x1066d0648). This may cause spurious casting failures and mysterious crashes. One of the duplicates must be removed or renamed.
 GET /api/pdf-jobs?where[module][equals]=73&limit=1 200 in 332ms
objc[36145]: Class GNotificationCenterDelegate is implemented in both /Users/abenezernuro/projects/Expos/rws_cms/node_modules/@img/sharp-libvips-darwin-arm64/lib/libvips-cpp.8.16.1.dylib (0x126dc5a98) and /Users/abenezernuro/projects/Expos/rws_cms/node_modules/canvas/build/Release/libgio-2.0.0.dylib (0x107e24648). This may cause spurious casting failures and mysterious crashes. One of the duplicates must be removed or renamed.
 GET /api/pdf-jobs?where[module][equals]=73&limit=1 200 in 246ms
objc[36200]: Class GNotificationCenterDelegate is implemented in both /Users/abenezernuro/projects/Expos/rws_cms/node_modules/@img/sharp-libvips-darwin-arm64/lib/libvips-cpp.8.16.1.dylib (0x120445a98) and /Users/abenezernuro/projects/Expos/rws_cms/node_modules/canvas/build/Release/libgio-2.0.0.dylib (0x108b10648). This may cause spurious casting failures and mysterious crashes. One of the duplicates must be removed or renamed.
 GET /api/pdf-jobs?where[module][equals]=73&limit=1 200 in 235ms
objc[36218]: Class GNotificationCenterDelegate is implemented in both /Users/abenezernuro/projects/Expos/rws_cms/node_modules/@img/sharp-libvips-darwin-arm64/lib/libvips-cpp.8.16.1.dylib (0x1295c5a98) and /Users/abenezernuro/projects/Expos/rws_cms/node_modules/canvas/build/Release/libgio-2.0.0.dylib (0x10a3e8648). This may cause spurious casting failures and mysterious crashes. One of the duplicates must be removed or renamed.
 GET /api/pdf-jobs?where[module][equals]=73&limit=1 200 in 255ms
objc[36270]: Class GNotificationCenterDelegate is implemented in both /Users/abenezernuro/projects/Expos/rws_cms/node_modules/@img/sharp-libvips-darwin-arm64/lib/libvips-cpp.8.16.1.dylib (0x128dc5a98) and /Users/abenezernuro/projects/Expos/rws_cms/node_modules/canvas/build/Release/libgio-2.0.0.dylib (0x109da8648). This may cause spurious casting failures and mysterious crashes. One of the duplicates must be removed or renamed.
 GET /api/pdf-jobs?where[module][equals]=73&limit=1 200 in 597ms
objc[36325]: Class GNotificationCenterDelegate is implemented in both /Users/abenezernuro/projects/Expos/rws_cms/node_modules/@img/sharp-libvips-darwin-arm64/lib/libvips-cpp.8.16.1.dylib (0x122645a98) and /Users/abenezernuro/projects/Expos/rws_cms/node_modules/canvas/build/Release/libgio-2.0.0.dylib (0x10ac44648). This may cause spurious casting failures and mysterious crashes. One of the duplicates must be removed or renamed.
 GET /api/pdf-jobs?where[module][equals]=73&limit=1 200 in 240ms
objc[36383]: Class GNotificationCenterDelegate is implemented in both /Users/abenezernuro/projects/Expos/rws_cms/node_modules/@img/sharp-libvips-darwin-arm64/lib/libvips-cpp.8.16.1.dylib (0x125dc5a98) and /Users/abenezernuro/projects/Expos/rws_cms/node_modules/canvas/build/Release/libgio-2.0.0.dylib (0x106858648). This may cause spurious casting failures and mysterious crashes. One of the duplicates must be removed or renamed.
 GET /api/pdf-jobs?where[module][equals]=73&limit=1 200 in 429ms
objc[36401]: Class GNotificationCenterDelegate is implemented in both /Users/abenezernuro/projects/Expos/rws_cms/node_modules/@img/sharp-libvips-darwin-arm64/lib/libvips-cpp.8.16.1.dylib (0x126dc5a98) and /Users/abenezernuro/projects/Expos/rws_cms/node_modules/canvas/build/Release/libgio-2.0.0.dylib (0x107ee0648). This may cause spurious casting failures and mysterious crashes. One of the duplicates must be removed or renamed.
 GET /api/pdf-jobs?where[module][equals]=73&limit=1 200 in 376ms
objc[36490]: Class GNotificationCenterDelegate is implemented in both /Users/abenezernuro/projects/Expos/rws_cms/node_modules/@img/sharp-libvips-darwin-arm64/lib/libvips-cpp.8.16.1.dylib (0x128dc5a98) and /Users/abenezernuro/projects/Expos/rws_cms/node_modules/canvas/build/Release/libgio-2.0.0.dylib (0x109dc8648). This may cause spurious casting failures and mysterious crashes. One of the duplicates must be removed or renamed.
 GET /api/pdf-jobs?where[module][equals]=73&limit=1 200 in 413ms
objc[36509]: Class GNotificationCenterDelegate is implemented in both /Users/abenezernuro/projects/Expos/rws_cms/node_modules/@img/sharp-libvips-darwin-arm64/lib/libvips-cpp.8.16.1.dylib (0x1275c5a98) and /Users/abenezernuro/projects/Expos/rws_cms/node_modules/canvas/build/Release/libgio-2.0.0.dylib (0x108b68648). This may cause spurious casting failures and mysterious crashes. One of the duplicates must be removed or renamed.
 GET /api/pdf-jobs?where[module][equals]=73&limit=1 200 in 297ms
objc[36602]: Class GNotificationCenterDelegate is implemented in both /Users/abenezernuro/projects/Expos/rws_cms/node_modules/@img/sharp-libvips-darwin-arm64/lib/libvips-cpp.8.16.1.dylib (0x128dc5a98) and /Users/abenezernuro/projects/Expos/rws_cms/node_modules/canvas/build/Release/libgio-2.0.0.dylib (0x109f38648). This may cause spurious casting failures and mysterious crashes. One of the duplicates must be removed or renamed.
 GET /api/pdf-jobs?where[module][equals]=73&limit=1 200 in 239ms
objc[36665]: Class GNotificationCenterDelegate is implemented in both /Users/abenezernuro/projects/Expos/rws_cms/node_modules/@img/sharp-libvips-darwin-arm64/lib/libvips-cpp.8.16.1.dylib (0x128dc5a98) and /Users/abenezernuro/projects/Expos/rws_cms/node_modules/canvas/build/Release/libgio-2.0.0.dylib (0x109ccc648). This may cause spurious casting failures and mysterious crashes. One of the duplicates must be removed or renamed.
 GET /api/pdf-jobs?where[module][equals]=73&limit=1 200 in 233ms
objc[36715]: Class GNotificationCenterDelegate is implemented in both /Users/abenezernuro/projects/Expos/rws_cms/node_modules/@img/sharp-libvips-darwin-arm64/lib/libvips-cpp.8.16.1.dylib (0x1275c5a98) and /Users/abenezernuro/projects/Expos/rws_cms/node_modules/canvas/build/Release/libgio-2.0.0.dylib (0x108680648). This may cause spurious casting failures and mysterious crashes. One of the duplicates must be removed or renamed.
 GET /api/pdf-jobs?where[module][equals]=73&limit=1 200 in 278ms
objc[36732]: Class GNotificationCenterDelegate is implemented in both /Users/abenezernuro/projects/Expos/rws_cms/node_modules/@img/sharp-libvips-darwin-arm64/lib/libvips-cpp.8.16.1.dylib (0x126dc5a98) and /Users/abenezernuro/projects/Expos/rws_cms/node_modules/canvas/build/Release/libgio-2.0.0.dylib (0x108198648). This may cause spurious casting failures and mysterious crashes. One of the duplicates must be removed or renamed.
 GET /api/pdf-jobs?where[module][equals]=73&limit=1 200 in 243ms
objc[36782]: Class GNotificationCenterDelegate is implemented in both /Users/abenezernuro/projects/Expos/rws_cms/node_modules/@img/sharp-libvips-darwin-arm64/lib/libvips-cpp.8.16.1.dylib (0x11fa85a98) and /Users/abenezernuro/projects/Expos/rws_cms/node_modules/canvas/build/Release/libgio-2.0.0.dylib (0x107f6c648). This may cause spurious casting failures and mysterious crashes. One of the duplicates must be removed or renamed.
 GET /api/pdf-jobs?where[module][equals]=73&limit=1 200 in 243ms
objc[36843]: Class GNotificationCenterDelegate is implemented in both /Users/abenezernuro/projects/Expos/rws_cms/node_modules/@img/sharp-libvips-darwin-arm64/lib/libvips-cpp.8.16.1.dylib (0x128dc5a98) and /Users/abenezernuro/projects/Expos/rws_cms/node_modules/canvas/build/Release/libgio-2.0.0.dylib (0x109d84648). This may cause spurious casting failures and mysterious crashes. One of the duplicates must be removed or renamed.
 GET /api/pdf-jobs?where[module][equals]=73&limit=1 200 in 248ms
objc[36896]: Class GNotificationCenterDelegate is implemented in both /Users/abenezernuro/projects/Expos/rws_cms/node_modules/@img/sharp-libvips-darwin-arm64/lib/libvips-cpp.8.16.1.dylib (0x1255c5a98) and /Users/abenezernuro/projects/Expos/rws_cms/node_modules/canvas/build/Release/libgio-2.0.0.dylib (0x106804648). This may cause spurious casting failures and mysterious crashes. One of the duplicates must be removed or renamed.
 GET /api/pdf-jobs?where[module][equals]=73&limit=1 200 in 247ms
objc[36913]: Class GNotificationCenterDelegate is implemented in both /Users/abenezernuro/projects/Expos/rws_cms/node_modules/@img/sharp-libvips-darwin-arm64/lib/libvips-cpp.8.16.1.dylib (0x126dc5a98) and /Users/abenezernuro/projects/Expos/rws_cms/node_modules/canvas/build/Release/libgio-2.0.0.dylib (0x107f28648). This may cause spurious casting failures and mysterious crashes. One of the duplicates must be removed or renamed.
 GET /api/pdf-jobs?where[module][equals]=73&limit=1 200 in 249ms
objc[37007]: Class GNotificationCenterDelegate is implemented in both /Users/abenezernuro/projects/Expos/rws_cms/node_modules/@img/sharp-libvips-darwin-arm64/lib/libvips-cpp.8.16.1.dylib (0x1255c5a98) and /Users/abenezernuro/projects/Expos/rws_cms/node_modules/canvas/build/Release/libgio-2.0.0.dylib (0x1064b8648). This may cause spurious casting failures and mysterious crashes. One of the duplicates must be removed or renamed.
 GET /api/pdf-jobs?where[module][equals]=73&limit=1 200 in 243ms
objc[37031]: Class GNotificationCenterDelegate is implemented in both /Users/abenezernuro/projects/Expos/rws_cms/node_modules/@img/sharp-libvips-darwin-arm64/lib/libvips-cpp.8.16.1.dylib (0x125bc9a98) and /Users/abenezernuro/projects/Expos/rws_cms/node_modules/canvas/build/Release/libgio-2.0.0.dylib (0x106698648). This may cause spurious casting failures and mysterious crashes. One of the duplicates must be removed or renamed.
 GET /api/pdf-jobs?where[module][equals]=73&limit=1 200 in 261ms
objc[37119]: Class GNotificationCenterDelegate is implemented in both /Users/abenezernuro/projects/Expos/rws_cms/node_modules/@img/sharp-libvips-darwin-arm64/lib/libvips-cpp.8.16.1.dylib (0x126dc5a98) and /Users/abenezernuro/projects/Expos/rws_cms/node_modules/canvas/build/Release/libgio-2.0.0.dylib (0x107edc648). This may cause spurious casting failures and mysterious crashes. One of the duplicates must be removed or renamed.
 GET /api/pdf-jobs?where[module][equals]=73&limit=1 200 in 253ms
objc[37181]: Class GNotificationCenterDelegate is implemented in both /Users/abenezernuro/projects/Expos/rws_cms/node_modules/@img/sharp-libvips-darwin-arm64/lib/libvips-cpp.8.16.1.dylib (0x121d45a98) and /Users/abenezernuro/projects/Expos/rws_cms/node_modules/canvas/build/Release/libgio-2.0.0.dylib (0x10a098648). This may cause spurious casting failures and mysterious crashes. One of the duplicates must be removed or renamed.
 GET /api/pdf-jobs?where[module][equals]=73&limit=1 200 in 474ms
objc[37232]: Class GNotificationCenterDelegate is implemented in both /Users/abenezernuro/projects/Expos/rws_cms/node_modules/@img/sharp-libvips-darwin-arm64/lib/libvips-cpp.8.16.1.dylib (0x1195c5a98) and /Users/abenezernuro/projects/Expos/rws_cms/node_modules/canvas/build/Release/libgio-2.0.0.dylib (0x10a900648). This may cause spurious casting failures and mysterious crashes. One of the duplicates must be removed or renamed.
 GET /api/pdf-jobs?where[module][equals]=73&limit=1 200 in 343ms
objc[37327]: Class GNotificationCenterDelegate is implemented in both /Users/abenezernuro/projects/Expos/rws_cms/node_modules/@img/sharp-libvips-darwin-arm64/lib/libvips-cpp.8.16.1.dylib (0x128dc5a98) and /Users/abenezernuro/projects/Expos/rws_cms/node_modules/canvas/build/Release/libgio-2.0.0.dylib (0x10a01c648). This may cause spurious casting failures and mysterious crashes. One of the duplicates must be removed or renamed.
 GET /api/pdf-jobs?where[module][equals]=73&limit=1 200 in 267ms
objc[37332]: Class GNotificationCenterDelegate is implemented in both /Users/abenezernuro/projects/Expos/rws_cms/node_modules/@img/sharp-libvips-darwin-arm64/lib/libvips-cpp.8.16.1.dylib (0x1255c5a98) and /Users/abenezernuro/projects/Expos/rws_cms/node_modules/canvas/build/Release/libgio-2.0.0.dylib (0x106400648). This may cause spurious casting failures and mysterious crashes. One of the duplicates must be removed or renamed.
 GET /api/pdf-jobs?where[module][equals]=73&limit=1 200 in 247ms
objc[37444]: Class GNotificationCenterDelegate is implemented in both /Users/abenezernuro/projects/Expos/rws_cms/node_modules/@img/sharp-libvips-darwin-arm64/lib/libvips-cpp.8.16.1.dylib (0x1295c5a98) and /Users/abenezernuro/projects/Expos/rws_cms/node_modules/canvas/build/Release/libgio-2.0.0.dylib (0x10a9b0648). This may cause spurious casting failures and mysterious crashes. One of the duplicates must be removed or renamed.
 GET /api/pdf-jobs?where[module][equals]=73&limit=1 200 in 297ms
objc[37445]: Class GNotificationCenterDelegate is implemented in both /Users/abenezernuro/projects/Expos/rws_cms/node_modules/@img/sharp-libvips-darwin-arm64/lib/libvips-cpp.8.16.1.dylib (0x128dc5a98) and /Users/abenezernuro/projects/Expos/rws_cms/node_modules/canvas/build/Release/libgio-2.0.0.dylib (0x10a1c8648). This may cause spurious casting failures and mysterious crashes. One of the duplicates must be removed or renamed.
 GET /api/pdf-jobs?where[module][equals]=73&limit=1 200 in 533ms
objc[37554]: Class GNotificationCenterDelegate is implemented in both /Users/abenezernuro/projects/Expos/rws_cms/node_modules/@img/sharp-libvips-darwin-arm64/lib/libvips-cpp.8.16.1.dylib (0x127dc5a98) and /Users/abenezernuro/projects/Expos/rws_cms/node_modules/canvas/build/Release/libgio-2.0.0.dylib (0x108c78648). This may cause spurious casting failures and mysterious crashes. One of the duplicates must be removed or renamed.
 GET /api/pdf-jobs?where[module][equals]=73&limit=1 200 in 297ms
objc[37562]: Class GNotificationCenterDelegate is implemented in both /Users/abenezernuro/projects/Expos/rws_cms/node_modules/@img/sharp-libvips-darwin-arm64/lib/libvips-cpp.8.16.1.dylib (0x11e045a98) and /Users/abenezernuro/projects/Expos/rws_cms/node_modules/canvas/build/Release/libgio-2.0.0.dylib (0x106618648). This may cause spurious casting failures and mysterious crashes. One of the duplicates must be removed or renamed.
 GET /api/pdf-jobs?where[module][equals]=73&limit=1 200 in 251ms
objc[37681]: Class GNotificationCenterDelegate is implemented in both /Users/abenezernuro/projects/Expos/rws_cms/node_modules/@img/sharp-libvips-darwin-arm64/lib/libvips-cpp.8.16.1.dylib (0x1275c5a98) and /Users/abenezernuro/projects/Expos/rws_cms/node_modules/canvas/build/Release/libgio-2.0.0.dylib (0x108578648). This may cause spurious casting failures and mysterious crashes. One of the duplicates must be removed or renamed.
 GET /api/pdf-jobs?where[module][equals]=73&limit=1 200 in 441ms
objc[37728]: Class GNotificationCenterDelegate is implemented in both /Users/abenezernuro/projects/Expos/rws_cms/node_modules/@img/sharp-libvips-darwin-arm64/lib/libvips-cpp.8.16.1.dylib (0x1275c5a98) and /Users/abenezernuro/projects/Expos/rws_cms/node_modules/canvas/build/Release/libgio-2.0.0.dylib (0x1085bc648). This may cause spurious casting failures and mysterious crashes. One of the duplicates must be removed or renamed.
 GET /api/pdf-jobs?where[module][equals]=73&limit=1 200 in 267ms
objc[37794]: Class GNotificationCenterDelegate is implemented in both /Users/abenezernuro/projects/Expos/rws_cms/node_modules/@img/sharp-libvips-darwin-arm64/lib/libvips-cpp.8.16.1.dylib (0x11e145a98) and /Users/abenezernuro/projects/Expos/rws_cms/node_modules/canvas/build/Release/libgio-2.0.0.dylib (0x10648c648). This may cause spurious casting failures and mysterious crashes. One of the duplicates must be removed or renamed.
 GET /api/pdf-jobs?where[module][equals]=73&limit=1 200 in 243ms
objc[37806]: Class GNotificationCenterDelegate is implemented in both /Users/abenezernuro/projects/Expos/rws_cms/node_modules/@img/sharp-libvips-darwin-arm64/lib/libvips-cpp.8.16.1.dylib (0x121d05a98) and /Users/abenezernuro/projects/Expos/rws_cms/node_modules/canvas/build/Release/libgio-2.0.0.dylib (0x10a464648). This may cause spurious casting failures and mysterious crashes. One of the duplicates must be removed or renamed.
 GET /api/pdf-jobs?where[module][equals]=73&limit=1 200 in 242ms
objc[37873]: Class GNotificationCenterDelegate is implemented in both /Users/abenezernuro/projects/Expos/rws_cms/node_modules/@img/sharp-libvips-darwin-arm64/lib/libvips-cpp.8.16.1.dylib (0x1255c5a98) and /Users/abenezernuro/projects/Expos/rws_cms/node_modules/canvas/build/Release/libgio-2.0.0.dylib (0x10698c648). This may cause spurious casting failures and mysterious crashes. One of the duplicates must be removed or renamed.
 GET /api/pdf-jobs?where[module][equals]=73&limit=1 200 in 367ms
objc[37874]: Class GNotificationCenterDelegate is implemented in both /Users/abenezernuro/projects/Expos/rws_cms/node_modules/@img/sharp-libvips-darwin-arm64/lib/libvips-cpp.8.16.1.dylib (0x1255c5a98) and /Users/abenezernuro/projects/Expos/rws_cms/node_modules/canvas/build/Release/libgio-2.0.0.dylib (0x10647c648). This may cause spurious casting failures and mysterious crashes. One of the duplicates must be removed or renamed.
 GET /api/pdf-jobs?where[module][equals]=73&limit=1 200 in 230ms
objc[37988]: Class GNotificationCenterDelegate is implemented in both /Users/abenezernuro/projects/Expos/rws_cms/node_modules/@img/sharp-libvips-darwin-arm64/lib/libvips-cpp.8.16.1.dylib (0x1295c5a98) and /Users/abenezernuro/projects/Expos/rws_cms/node_modules/canvas/build/Release/libgio-2.0.0.dylib (0x10a934648). This may cause spurious casting failures and mysterious crashes. One of the duplicates must be removed or renamed.
 GET /api/pdf-jobs?where[module][equals]=73&limit=1 200 in 240ms
objc[37996]: Class GNotificationCenterDelegate is implemented in both /Users/abenezernuro/projects/Expos/rws_cms/node_modules/@img/sharp-libvips-darwin-arm64/lib/libvips-cpp.8.16.1.dylib (0x12a3c9a98) and /Users/abenezernuro/projects/Expos/rws_cms/node_modules/canvas/build/Release/libgio-2.0.0.dylib (0x10a7c8648). This may cause spurious casting failures and mysterious crashes. One of the duplicates must be removed or renamed.
 GET /api/pdf-jobs?where[module][equals]=73&limit=1 200 in 247ms
objc[38102]: Class GNotificationCenterDelegate is implemented in both /Users/abenezernuro/projects/Expos/rws_cms/node_modules/@img/sharp-libvips-darwin-arm64/lib/libvips-cpp.8.16.1.dylib (0x1295c5a98) and /Users/abenezernuro/projects/Expos/rws_cms/node_modules/canvas/build/Release/libgio-2.0.0.dylib (0x10acd4648). This may cause spurious casting failures and mysterious crashes. One of the duplicates must be removed or renamed.
 GET /api/pdf-jobs?where[module][equals]=73&limit=1 200 in 245ms
objc[38104]: Class GNotificationCenterDelegate is implemented in both /Users/abenezernuro/projects/Expos/rws_cms/node_modules/@img/sharp-libvips-darwin-arm64/lib/libvips-cpp.8.16.1.dylib (0x1255c5a98) and /Users/abenezernuro/projects/Expos/rws_cms/node_modules/canvas/build/Release/libgio-2.0.0.dylib (0x106a24648). This may cause spurious casting failures and mysterious crashes. One of the duplicates must be removed or renamed.
 GET /api/pdf-jobs?where[module][equals]=73&limit=1 200 in 253ms
 GET /api/pdf-jobs?where[module][equals]=73&limit=1 200 in 247ms
objc[38216]: Class GNotificationCenterDelegate is implemented in both /Users/abenezernuro/projects/Expos/rws_cms/node_modules/@img/sharp-libvips-darwin-arm64/lib/libvips-cpp.8.16.1.dylib (0x1255c5a98) and /Users/abenezernuro/projects/Expos/rws_cms/node_modules/canvas/build/Release/libgio-2.0.0.dylib (0x1067f0648). This may cause spurious casting failures and mysterious crashes. One of the duplicates must be removed or renamed.
 GET /api/pdf-jobs?where[module][equals]=73&limit=1 200 in 262ms
objc[38267]: Class GNotificationCenterDelegate is implemented in both /Users/abenezernuro/projects/Expos/rws_cms/node_modules/@img/sharp-libvips-darwin-arm64/lib/libvips-cpp.8.16.1.dylib (0x128dc5a98) and /Users/abenezernuro/projects/Expos/rws_cms/node_modules/canvas/build/Release/libgio-2.0.0.dylib (0x109f00648). This may cause spurious casting failures and mysterious crashes. One of the duplicates must be removed or renamed.
 GET /api/pdf-jobs?where[module][equals]=73&limit=1 200 in 252ms
objc[38335]: Class GNotificationCenterDelegate is implemented in both /Users/abenezernuro/projects/Expos/rws_cms/node_modules/@img/sharp-libvips-darwin-arm64/lib/libvips-cpp.8.16.1.dylib (0x126dc5a98) and /Users/abenezernuro/projects/Expos/rws_cms/node_modules/canvas/build/Release/libgio-2.0.0.dylib (0x1080a0648). This may cause spurious casting failures and mysterious crashes. One of the duplicates must be removed or renamed.
 GET /api/pdf-jobs?where[module][equals]=73&limit=1 200 in 238ms
objc[38336]: Class GNotificationCenterDelegate is implemented in both /Users/abenezernuro/projects/Expos/rws_cms/node_modules/@img/sharp-libvips-darwin-arm64/lib/libvips-cpp.8.16.1.dylib (0x1275c5a98) and /Users/abenezernuro/projects/Expos/rws_cms/node_modules/canvas/build/Release/libgio-2.0.0.dylib (0x1088d0648). This may cause spurious casting failures and mysterious crashes. One of the duplicates must be removed or renamed.
 GET /api/pdf-jobs?where[module][equals]=73&limit=1 200 in 270ms
objc[38405]: Class GNotificationCenterDelegate is implemented in both /Users/abenezernuro/projects/Expos/rws_cms/node_modules/@img/sharp-libvips-darwin-arm64/lib/libvips-cpp.8.16.1.dylib (0x1275c5a98) and /Users/abenezernuro/projects/Expos/rws_cms/node_modules/canvas/build/Release/libgio-2.0.0.dylib (0x108568648). This may cause spurious casting failures and mysterious crashes. One of the duplicates must be removed or renamed.
 GET /api/pdf-jobs?where[module][equals]=73&limit=1 200 in 248ms
objc[38525]: Class GNotificationCenterDelegate is implemented in both /Users/abenezernuro/projects/Expos/rws_cms/node_modules/@img/sharp-libvips-darwin-arm64/lib/libvips-cpp.8.16.1.dylib (0x1275c5a98) and /Users/abenezernuro/projects/Expos/rws_cms/node_modules/canvas/build/Release/libgio-2.0.0.dylib (0x1089ac648). This may cause spurious casting failures and mysterious crashes. One of the duplicates must be removed or renamed.
 GET /api/pdf-jobs?where[module][equals]=73&limit=1 200 in 708ms
objc[38526]: Class GNotificationCenterDelegate is implemented in both /Users/abenezernuro/projects/Expos/rws_cms/node_modules/@img/sharp-libvips-darwin-arm64/lib/libvips-cpp.8.16.1.dylib (0x125dc5a98) and /Users/abenezernuro/projects/Expos/rws_cms/node_modules/canvas/build/Release/libgio-2.0.0.dylib (0x106c88648). This may cause spurious casting failures and mysterious crashes. One of the duplicates must be removed or renamed.
objc[38633]: Class GNotificationCenterDelegate is implemented in both /Users/abenezernuro/projects/Expos/rws_cms/node_modules/@img/sharp-libvips-darwin-arm64/lib/libvips-cpp.8.16.1.dylib (0x1275c5a98) and /Users/abenezernuro/projects/Expos/rws_cms/node_modules/canvas/build/Release/libgio-2.0.0.dylib (0x1087b8648). This may cause spurious casting failures and mysterious crashes. One of the duplicates must be removed or renamed.
 GET /api/pdf-jobs?where[module][equals]=73&limit=1 200 in 950ms
 GET /api/pdf-jobs?where[module][equals]=73&limit=1 200 in 242ms
objc[38638]: Class GNotificationCenterDelegate is implemented in both /Users/abenezernuro/projects/Expos/rws_cms/node_modules/@img/sharp-libvips-darwin-arm64/lib/libvips-cpp.8.16.1.dylib (0x11d905a98) and /Users/abenezernuro/projects/Expos/rws_cms/node_modules/canvas/build/Release/libgio-2.0.0.dylib (0x1060b4648). This may cause spurious casting failures and mysterious crashes. One of the duplicates must be removed or renamed.
 GET /api/pdf-jobs?where[module][equals]=73&limit=1 200 in 248ms
objc[38741]: Class GNotificationCenterDelegate is implemented in both /Users/abenezernuro/projects/Expos/rws_cms/node_modules/@img/sharp-libvips-darwin-arm64/lib/libvips-cpp.8.16.1.dylib (0x126dc5a98) and /Users/abenezernuro/projects/Expos/rws_cms/node_modules/canvas/build/Release/libgio-2.0.0.dylib (0x107f00648). This may cause spurious casting failures and mysterious crashes. One of the duplicates must be removed or renamed.
 GET /api/pdf-jobs?where[module][equals]=73&limit=1 200 in 242ms
objc[38790]: Class GNotificationCenterDelegate is implemented in both /Users/abenezernuro/projects/Expos/rws_cms/node_modules/@img/sharp-libvips-darwin-arm64/lib/libvips-cpp.8.16.1.dylib (0x1295c5a98) and /Users/abenezernuro/projects/Expos/rws_cms/node_modules/canvas/build/Release/libgio-2.0.0.dylib (0x10a484648). This may cause spurious casting failures and mysterious crashes. One of the duplicates must be removed or renamed.
 GET /api/pdf-jobs?where[module][equals]=73&limit=1 200 in 240ms
objc[38858]: Class GNotificationCenterDelegate is implemented in both /Users/abenezernuro/projects/Expos/rws_cms/node_modules/@img/sharp-libvips-darwin-arm64/lib/libvips-cpp.8.16.1.dylib (0x1255c5a98) and /Users/abenezernuro/projects/Expos/rws_cms/node_modules/canvas/build/Release/libgio-2.0.0.dylib (0x1064d4648). This may cause spurious casting failures and mysterious crashes. One of the duplicates must be removed or renamed.
 GET /api/pdf-jobs?where[module][equals]=73&limit=1 200 in 248ms
objc[38861]: Class GNotificationCenterDelegate is implemented in both /Users/abenezernuro/projects/Expos/rws_cms/node_modules/@img/sharp-libvips-darwin-arm64/lib/libvips-cpp.8.16.1.dylib (0x126dc5a98) and /Users/abenezernuro/projects/Expos/rws_cms/node_modules/canvas/build/Release/libgio-2.0.0.dylib (0x107eb4648). This may cause spurious casting failures and mysterious crashes. One of the duplicates must be removed or renamed.
 GET /api/pdf-jobs?where[module][equals]=73&limit=1 200 in 244ms
objc[38927]: Class GNotificationCenterDelegate is implemented in both /Users/abenezernuro/projects/Expos/rws_cms/node_modules/@img/sharp-libvips-darwin-arm64/lib/libvips-cpp.8.16.1.dylib (0x1275c5a98) and /Users/abenezernuro/projects/Expos/rws_cms/node_modules/canvas/build/Release/libgio-2.0.0.dylib (0x1083cc648). This may cause spurious casting failures and mysterious crashes. One of the duplicates must be removed or renamed.
 GET /api/pdf-jobs?where[module][equals]=73&limit=1 200 in 444ms
objc[38935]: Class GNotificationCenterDelegate is implemented in both /Users/abenezernuro/projects/Expos/rws_cms/node_modules/@img/sharp-libvips-darwin-arm64/lib/libvips-cpp.8.16.1.dylib (0x1295c5a98) and /Users/abenezernuro/projects/Expos/rws_cms/node_modules/canvas/build/Release/libgio-2.0.0.dylib (0x10a518648). This may cause spurious casting failures and mysterious crashes. One of the duplicates must be removed or renamed.
 GET /api/pdf-jobs?where[module][equals]=73&limit=1 200 in 259ms
objc[39041]: Class GNotificationCenterDelegate is implemented in both /Users/abenezernuro/projects/Expos/rws_cms/node_modules/@img/sharp-libvips-darwin-arm64/lib/libvips-cpp.8.16.1.dylib (0x121e85a98) and /Users/abenezernuro/projects/Expos/rws_cms/node_modules/canvas/build/Release/libgio-2.0.0.dylib (0x10a258648). This may cause spurious casting failures and mysterious crashes. One of the duplicates must be removed or renamed.
 GET /api/pdf-jobs?where[module][equals]=73&limit=1 200 in 260ms
objc[39043]: Class GNotificationCenterDelegate is implemented in both /Users/abenezernuro/projects/Expos/rws_cms/node_modules/@img/sharp-libvips-darwin-arm64/lib/libvips-cpp.8.16.1.dylib (0x1275c5a98) and /Users/abenezernuro/projects/Expos/rws_cms/node_modules/canvas/build/Release/libgio-2.0.0.dylib (0x108578648). This may cause spurious casting failures and mysterious crashes. One of the duplicates must be removed or renamed.
 GET /api/pdf-jobs?where[module][equals]=73&limit=1 200 in 243ms
objc[39146]: Class GNotificationCenterDelegate is implemented in both /Users/abenezernuro/projects/Expos/rws_cms/node_modules/@img/sharp-libvips-darwin-arm64/lib/libvips-cpp.8.16.1.dylib (0x1275c5a98) and /Users/abenezernuro/projects/Expos/rws_cms/node_modules/canvas/build/Release/libgio-2.0.0.dylib (0x1085d4648). This may cause spurious casting failures and mysterious crashes. One of the duplicates must be removed or renamed.
 GET /api/pdf-jobs?where[module][equals]=73&limit=1 200 in 430ms
objc[39152]: Class GNotificationCenterDelegate is implemented in both /Users/abenezernuro/projects/Expos/rws_cms/node_modules/@img/sharp-libvips-darwin-arm64/lib/libvips-cpp.8.16.1.dylib (0x1255c5a98) and /Users/abenezernuro/projects/Expos/rws_cms/node_modules/canvas/build/Release/libgio-2.0.0.dylib (0x106600648). This may cause spurious casting failures and mysterious crashes. One of the duplicates must be removed or renamed.
 GET /api/pdf-jobs?where[module][equals]=73&limit=1 200 in 437ms
objc[39267]: Class GNotificationCenterDelegate is implemented in both /Users/abenezernuro/projects/Expos/rws_cms/node_modules/@img/sharp-libvips-darwin-arm64/lib/libvips-cpp.8.16.1.dylib (0x1195c5a98) and /Users/abenezernuro/projects/Expos/rws_cms/node_modules/canvas/build/Release/libgio-2.0.0.dylib (0x10a3e8648). This may cause spurious casting failures and mysterious crashes. One of the duplicates must be removed or renamed.
 GET /api/pdf-jobs?where[module][equals]=73&limit=1 200 in 246ms
objc[39309]: Class GNotificationCenterDelegate is implemented in both /Users/abenezernuro/projects/Expos/rws_cms/node_modules/@img/sharp-libvips-darwin-arm64/lib/libvips-cpp.8.16.1.dylib (0x1255c5a98) and /Users/abenezernuro/projects/Expos/rws_cms/node_modules/canvas/build/Release/libgio-2.0.0.dylib (0x106824648). This may cause spurious casting failures and mysterious crashes. One of the duplicates must be removed or renamed.
 GET /api/pdf-jobs?where[module][equals]=73&limit=1 200 in 251ms
objc[39377]: Class GNotificationCenterDelegate is implemented in both /Users/abenezernuro/projects/Expos/rws_cms/node_modules/@img/sharp-libvips-darwin-arm64/lib/libvips-cpp.8.16.1.dylib (0x1275c5a98) and /Users/abenezernuro/projects/Expos/rws_cms/node_modules/canvas/build/Release/libgio-2.0.0.dylib (0x108850648). This may cause spurious casting failures and mysterious crashes. One of the duplicates must be removed or renamed.
 GET /api/pdf-jobs?where[module][equals]=73&limit=1 200 in 240ms
objc[39378]: Class GNotificationCenterDelegate is implemented in both /Users/abenezernuro/projects/Expos/rws_cms/node_modules/@img/sharp-libvips-darwin-arm64/lib/libvips-cpp.8.16.1.dylib (0x1275c5a98) and /Users/abenezernuro/projects/Expos/rws_cms/node_modules/canvas/build/Release/libgio-2.0.0.dylib (0x108620648). This may cause spurious casting failures and mysterious crashes. One of the duplicates must be removed or renamed.
 GET /api/pdf-jobs?where[module][equals]=73&limit=1 200 in 244ms
 GET /api/pdf-jobs?where[module][equals]=73&limit=1 200 in 265ms
objc[39452]: Class GNotificationCenterDelegate is implemented in both /Users/abenezernuro/projects/Expos/rws_cms/node_modules/@img/sharp-libvips-darwin-arm64/lib/libvips-cpp.8.16.1.dylib (0x126dc5a98) and /Users/abenezernuro/projects/Expos/rws_cms/node_modules/canvas/build/Release/libgio-2.0.0.dylib (0x1080f8648). This may cause spurious casting failures and mysterious crashes. One of the duplicates must be removed or renamed.
 GET /api/pdf-jobs?where[module][equals]=73&limit=1 200 in 285ms
objc[39491]: Class GNotificationCenterDelegate is implemented in both /Users/abenezernuro/projects/Expos/rws_cms/node_modules/@img/sharp-libvips-darwin-arm64/lib/libvips-cpp.8.16.1.dylib (0x128dc5a98) and /Users/abenezernuro/projects/Expos/rws_cms/node_modules/canvas/build/Release/libgio-2.0.0.dylib (0x109e90648). This may cause spurious casting failures and mysterious crashes. One of the duplicates must be removed or renamed.
 GET /api/pdf-jobs?where[module][equals]=73&limit=1 200 in 269ms
objc[39559]: Class GNotificationCenterDelegate is implemented in both /Users/abenezernuro/projects/Expos/rws_cms/node_modules/@img/sharp-libvips-darwin-arm64/lib/libvips-cpp.8.16.1.dylib (0x120685a98) and /Users/abenezernuro/projects/Expos/rws_cms/node_modules/canvas/build/Release/libgio-2.0.0.dylib (0x108b08648). This may cause spurious casting failures and mysterious crashes. One of the duplicates must be removed or renamed.
 GET /api/pdf-jobs?where[module][equals]=73&limit=1 200 in 342ms
objc[39560]: Class GNotificationCenterDelegate is implemented in both /Users/abenezernuro/projects/Expos/rws_cms/node_modules/@img/sharp-libvips-darwin-arm64/lib/libvips-cpp.8.16.1.dylib (0x124dc5a98) and /Users/abenezernuro/projects/Expos/rws_cms/node_modules/canvas/build/Release/libgio-2.0.0.dylib (0x10620c648). This may cause spurious casting failures and mysterious crashes. One of the duplicates must be removed or renamed.
 GET /api/pdf-jobs?where[module][equals]=73&limit=1 200 in 231ms
objc[39670]: Class GNotificationCenterDelegate is implemented in both /Users/abenezernuro/projects/Expos/rws_cms/node_modules/@img/sharp-libvips-darwin-arm64/lib/libvips-cpp.8.16.1.dylib (0x1275c5a98) and /Users/abenezernuro/projects/Expos/rws_cms/node_modules/canvas/build/Release/libgio-2.0.0.dylib (0x108ac0648). This may cause spurious casting failures and mysterious crashes. One of the duplicates must be removed or renamed.
 GET /api/pdf-jobs?where[module][equals]=73&limit=1 200 in 466ms
objc[39672]: Class GNotificationCenterDelegate is implemented in both /Users/abenezernuro/projects/Expos/rws_cms/node_modules/@img/sharp-libvips-darwin-arm64/lib/libvips-cpp.8.16.1.dylib (0x12a5c5a98) and /Users/abenezernuro/projects/Expos/rws_cms/node_modules/canvas/build/Release/libgio-2.0.0.dylib (0x10aa2c648). This may cause spurious casting failures and mysterious crashes. One of the duplicates must be removed or renamed.
 GET /api/pdf-jobs?where[module][equals]=73&limit=1 200 in 313ms
objc[39776]: Class GNotificationCenterDelegate is implemented in both /Users/abenezernuro/projects/Expos/rws_cms/node_modules/@img/sharp-libvips-darwin-arm64/lib/libvips-cpp.8.16.1.dylib (0x128dc5a98) and /Users/abenezernuro/projects/Expos/rws_cms/node_modules/canvas/build/Release/libgio-2.0.0.dylib (0x10a4cc648). This may cause spurious casting failures and mysterious crashes. One of the duplicates must be removed or renamed.
 GET /api/pdf-jobs?where[module][equals]=73&limit=1 200 in 307ms
objc[39820]: Class GNotificationCenterDelegate is implemented in both /Users/abenezernuro/projects/Expos/rws_cms/node_modules/@img/sharp-libvips-darwin-arm64/lib/libvips-cpp.8.16.1.dylib (0x1275c5a98) and /Users/abenezernuro/projects/Expos/rws_cms/node_modules/canvas/build/Release/libgio-2.0.0.dylib (0x108918648). This may cause spurious casting failures and mysterious crashes. One of the duplicates must be removed or renamed.
 GET /api/pdf-jobs?where[module][equals]=73&limit=1 200 in 262ms
objc[39915]: Class GNotificationCenterDelegate is implemented in both /Users/abenezernuro/projects/Expos/rws_cms/node_modules/@img/sharp-libvips-darwin-arm64/lib/libvips-cpp.8.16.1.dylib (0x124dc5a98) and /Users/abenezernuro/projects/Expos/rws_cms/node_modules/canvas/build/Release/libgio-2.0.0.dylib (0x106278648). This may cause spurious casting failures and mysterious crashes. One of the duplicates must be removed or renamed.
 GET /api/pdf-jobs?where[module][equals]=73&limit=1 200 in 424ms
objc[39917]: Class GNotificationCenterDelegate is implemented in both /Users/abenezernuro/projects/Expos/rws_cms/node_modules/@img/sharp-libvips-darwin-arm64/lib/libvips-cpp.8.16.1.dylib (0x1206c5a98) and /Users/abenezernuro/projects/Expos/rws_cms/node_modules/canvas/build/Release/libgio-2.0.0.dylib (0x108be0648). This may cause spurious casting failures and mysterious crashes. One of the duplicates must be removed or renamed.
 GET /api/pdf-jobs?where[module][equals]=73&limit=1 200 in 269ms
objc[39983]: Class GNotificationCenterDelegate is implemented in both /Users/abenezernuro/projects/Expos/rws_cms/node_modules/@img/sharp-libvips-darwin-arm64/lib/libvips-cpp.8.16.1.dylib (0x128dc5a98) and /Users/abenezernuro/projects/Expos/rws_cms/node_modules/canvas/build/Release/libgio-2.0.0.dylib (0x109efc648). This may cause spurious casting failures and mysterious crashes. One of the duplicates must be removed or renamed.
 GET /api/pdf-jobs?where[module][equals]=73&limit=1 200 in 239ms
objc[40025]: Class GNotificationCenterDelegate is implemented in both /Users/abenezernuro/projects/Expos/rws_cms/node_modules/@img/sharp-libvips-darwin-arm64/lib/libvips-cpp.8.16.1.dylib (0x124dc5a98) and /Users/abenezernuro/projects/Expos/rws_cms/node_modules/canvas/build/Release/libgio-2.0.0.dylib (0x106168648). This may cause spurious casting failures and mysterious crashes. One of the duplicates must be removed or renamed.
 GET /api/pdf-jobs?where[module][equals]=73&limit=1 200 in 239ms
objc[40098]: Class GNotificationCenterDelegate is implemented in both /Users/abenezernuro/projects/Expos/rws_cms/node_modules/@img/sharp-libvips-darwin-arm64/lib/libvips-cpp.8.16.1.dylib (0x1255c5a98) and /Users/abenezernuro/projects/Expos/rws_cms/node_modules/canvas/build/Release/libgio-2.0.0.dylib (0x1068b4648). This may cause spurious casting failures and mysterious crashes. One of the duplicates must be removed or renamed.
 GET /api/pdf-jobs?where[module][equals]=73&limit=1 200 in 233ms
objc[40141]: Class GNotificationCenterDelegate is implemented in both /Users/abenezernuro/projects/Expos/rws_cms/node_modules/@img/sharp-libvips-darwin-arm64/lib/libvips-cpp.8.16.1.dylib (0x1285c5a98) and /Users/abenezernuro/projects/Expos/rws_cms/node_modules/canvas/build/Release/libgio-2.0.0.dylib (0x108a4c648). This may cause spurious casting failures and mysterious crashes. One of the duplicates must be removed or renamed.
 GET /api/pdf-jobs?where[module][equals]=73&limit=1 200 in 248ms
objc[40207]: Class GNotificationCenterDelegate is implemented in both /Users/abenezernuro/projects/Expos/rws_cms/node_modules/@img/sharp-libvips-darwin-arm64/lib/libvips-cpp.8.16.1.dylib (0x128dc5a98) and /Users/abenezernuro/projects/Expos/rws_cms/node_modules/canvas/build/Release/libgio-2.0.0.dylib (0x109c84648). This may cause spurious casting failures and mysterious crashes. One of the duplicates must be removed or renamed.
 GET /api/pdf-jobs?where[module][equals]=73&limit=1 200 in 284ms
objc[40247]: Class GNotificationCenterDelegate is implemented in both /Users/abenezernuro/projects/Expos/rws_cms/node_modules/@img/sharp-libvips-darwin-arm64/lib/libvips-cpp.8.16.1.dylib (0x1255c5a98) and /Users/abenezernuro/projects/Expos/rws_cms/node_modules/canvas/build/Release/libgio-2.0.0.dylib (0x106548648). This may cause spurious casting failures and mysterious crashes. One of the duplicates must be removed or renamed.
 GET /api/pdf-jobs?where[module][equals]=73&limit=1 200 in 237ms
objc[40356]: Class GNotificationCenterDelegate is implemented in both /Users/abenezernuro/projects/Expos/rws_cms/node_modules/@img/sharp-libvips-darwin-arm64/lib/libvips-cpp.8.16.1.dylib (0x1275c5a98) and /Users/abenezernuro/projects/Expos/rws_cms/node_modules/canvas/build/Release/libgio-2.0.0.dylib (0x10854c648). This may cause spurious casting failures and mysterious crashes. One of the duplicates must be removed or renamed.
 GET /api/pdf-jobs?where[module][equals]=73&limit=1 200 in 239ms
objc[40366]: Class GNotificationCenterDelegate is implemented in both /Users/abenezernuro/projects/Expos/rws_cms/node_modules/@img/sharp-libvips-darwin-arm64/lib/libvips-cpp.8.16.1.dylib (0x1195c5a98) and /Users/abenezernuro/projects/Expos/rws_cms/node_modules/canvas/build/Release/libgio-2.0.0.dylib (0x10a6a0648). This may cause spurious casting failures and mysterious crashes. One of the duplicates must be removed or renamed.
 âœ“ Compiled in 421ms (2750 modules)
 GET /api/pdf-jobs?where[module][equals]=73&limit=1 200 in 1397ms
objc[40481]: Class GNotificationCenterDelegate is implemented in both /Users/abenezernuro/projects/Expos/rws_cms/node_modules/@img/sharp-libvips-darwin-arm64/lib/libvips-cpp.8.16.1.dylib (0x127dc5a98) and /Users/abenezernuro/projects/Expos/rws_cms/node_modules/canvas/build/Release/libgio-2.0.0.dylib (0x108bc4648). This may cause spurious casting failures and mysterious crashes. One of the duplicates must be removed or renamed.
 GET /api/pdf-jobs?where[module][equals]=73&limit=1 200 in 713ms
 GET /api/pdf-jobs?where[module][equals]=73&limit=1 200 in 227ms
objc[40512]: Class GNotificationCenterDelegate is implemented in both /Users/abenezernuro/projects/Expos/rws_cms/node_modules/@img/sharp-libvips-darwin-arm64/lib/libvips-cpp.8.16.1.dylib (0x1295c5a98) and /Users/abenezernuro/projects/Expos/rws_cms/node_modules/canvas/build/Release/libgio-2.0.0.dylib (0x10a4ec648). This may cause spurious casting failures and mysterious crashes. One of the duplicates must be removed or renamed.
 GET /api/pdf-jobs?where[module][equals]=73&limit=1 200 in 246ms
objc[40561]: Class GNotificationCenterDelegate is implemented in both /Users/abenezernuro/projects/Expos/rws_cms/node_modules/@img/sharp-libvips-darwin-arm64/lib/libvips-cpp.8.16.1.dylib (0x1295c5a98) and /Users/abenezernuro/projects/Expos/rws_cms/node_modules/canvas/build/Release/libgio-2.0.0.dylib (0x10a5fc648). This may cause spurious casting failures and mysterious crashes. One of the duplicates must be removed or renamed.
 GET /api/pdf-jobs?where[module][equals]=73&limit=1 200 in 247ms
objc[40627]: Class GNotificationCenterDelegate is implemented in both /Users/abenezernuro/projects/Expos/rws_cms/node_modules/@img/sharp-libvips-darwin-arm64/lib/libvips-cpp.8.16.1.dylib (0x124dc5a98) and /Users/abenezernuro/projects/Expos/rws_cms/node_modules/canvas/build/Release/libgio-2.0.0.dylib (0x105e5c648). This may cause spurious casting failures and mysterious crashes. One of the duplicates must be removed or renamed.
 GET /api/pdf-jobs?where[module][equals]=73&limit=1 200 in 225ms
objc[40667]: Class GNotificationCenterDelegate is implemented in both /Users/abenezernuro/projects/Expos/rws_cms/node_modules/@img/sharp-libvips-darwin-arm64/lib/libvips-cpp.8.16.1.dylib (0x124dc5a98) and /Users/abenezernuro/projects/Expos/rws_cms/node_modules/canvas/build/Release/libgio-2.0.0.dylib (0x1060fc648). This may cause spurious casting failures and mysterious crashes. One of the duplicates must be removed or renamed.
 GET /api/pdf-jobs?where[module][equals]=73&limit=1 200 in 231ms
objc[40735]: Class GNotificationCenterDelegate is implemented in both /Users/abenezernuro/projects/Expos/rws_cms/node_modules/@img/sharp-libvips-darwin-arm64/lib/libvips-cpp.8.16.1.dylib (0x126dc5a98) and /Users/abenezernuro/projects/Expos/rws_cms/node_modules/canvas/build/Release/libgio-2.0.0.dylib (0x107d14648). This may cause spurious casting failures and mysterious crashes. One of the duplicates must be removed or renamed.
 GET /api/pdf-jobs?where[module][equals]=73&limit=1 200 in 287ms
objc[40786]: Class GNotificationCenterDelegate is implemented in both /Users/abenezernuro/projects/Expos/rws_cms/node_modules/@img/sharp-libvips-darwin-arm64/lib/libvips-cpp.8.16.1.dylib (0x126dc5a98) and /Users/abenezernuro/projects/Expos/rws_cms/node_modules/canvas/build/Release/libgio-2.0.0.dylib (0x107ea8648). This may cause spurious casting failures and mysterious crashes. One of the duplicates must be removed or renamed.
 GET /api/pdf-jobs?where[module][equals]=73&limit=1 200 in 236ms
objc[40900]: Class GNotificationCenterDelegate is implemented in both /Users/abenezernuro/projects/Expos/rws_cms/node_modules/@img/sharp-libvips-darwin-arm64/lib/libvips-cpp.8.16.1.dylib (0x121a05a98) and /Users/abenezernuro/projects/Expos/rws_cms/node_modules/canvas/build/Release/libgio-2.0.0.dylib (0x10a0f8648). This may cause spurious casting failures and mysterious crashes. One of the duplicates must be removed or renamed.
 GET /api/pdf-jobs?where[module][equals]=73&limit=1 200 in 240ms
objc[40909]: Class GNotificationCenterDelegate is implemented in both /Users/abenezernuro/projects/Expos/rws_cms/node_modules/@img/sharp-libvips-darwin-arm64/lib/libvips-cpp.8.16.1.dylib (0x1255c5a98) and /Users/abenezernuro/projects/Expos/rws_cms/node_modules/canvas/build/Release/libgio-2.0.0.dylib (0x1068c0648). This may cause spurious casting failures and mysterious crashes. One of the duplicates must be removed or renamed.
 GET /api/pdf-jobs?where[module][equals]=73&limit=1 200 in 240ms
objc[40977]: Class GNotificationCenterDelegate is implemented in both /Users/abenezernuro/projects/Expos/rws_cms/node_modules/@img/sharp-libvips-darwin-arm64/lib/libvips-cpp.8.16.1.dylib (0x1295c5a98) and /Users/abenezernuro/projects/Expos/rws_cms/node_modules/canvas/build/Release/libgio-2.0.0.dylib (0x10a884648). This may cause spurious casting failures and mysterious crashes. One of the duplicates must be removed or renamed.
 GET /api/pdf-jobs?where[module][equals]=73&limit=1 200 in 236ms
objc[40979]: Class GNotificationCenterDelegate is implemented in both /Users/abenezernuro/projects/Expos/rws_cms/node_modules/@img/sharp-libvips-darwin-arm64/lib/libvips-cpp.8.16.1.dylib (0x1195c5a98) and /Users/abenezernuro/projects/Expos/rws_cms/node_modules/canvas/build/Release/libgio-2.0.0.dylib (0x10a690648). This may cause spurious casting failures and mysterious crashes. One of the duplicates must be removed or renamed.
 GET /api/pdf-jobs?where[module][equals]=73&limit=1 200 in 233ms
objc[41050]: Class GNotificationCenterDelegate is implemented in both /Users/abenezernuro/projects/Expos/rws_cms/node_modules/@img/sharp-libvips-darwin-arm64/lib/libvips-cpp.8.16.1.dylib (0x128dc5a98) and /Users/abenezernuro/projects/Expos/rws_cms/node_modules/canvas/build/Release/libgio-2.0.0.dylib (0x109f28648). This may cause spurious casting failures and mysterious crashes. One of the duplicates must be removed or renamed.
 GET /api/pdf-jobs?where[module][equals]=73&limit=1 200 in 238ms
objc[41093]: Class GNotificationCenterDelegate is implemented in both /Users/abenezernuro/projects/Expos/rws_cms/node_modules/@img/sharp-libvips-darwin-arm64/lib/libvips-cpp.8.16.1.dylib (0x1195c5a98) and /Users/abenezernuro/projects/Expos/rws_cms/node_modules/canvas/build/Release/libgio-2.0.0.dylib (0x10a660648). This may cause spurious casting failures and mysterious crashes. One of the duplicates must be removed or renamed.
 GET /api/pdf-jobs?where[module][equals]=73&limit=1 200 in 277ms
objc[41159]: Class GNotificationCenterDelegate is implemented in both /Users/abenezernuro/projects/Expos/rws_cms/node_modules/@img/sharp-libvips-darwin-arm64/lib/libvips-cpp.8.16.1.dylib (0x1275c5a98) and /Users/abenezernuro/projects/Expos/rws_cms/node_modules/canvas/build/Release/libgio-2.0.0.dylib (0x108680648). This may cause spurious casting failures and mysterious crashes. One of the duplicates must be removed or renamed.
 GET /api/pdf-jobs?where[module][equals]=73&limit=1 200 in 235ms
 GET /api/pdf-jobs?where[module][equals]=73&limit=1 200 in 256ms
objc[41267]: Class GNotificationCenterDelegate is implemented in both /Users/abenezernuro/projects/Expos/rws_cms/node_modules/@img/sharp-libvips-darwin-arm64/lib/libvips-cpp.8.16.1.dylib (0x1255c5a98) and /Users/abenezernuro/projects/Expos/rws_cms/node_modules/canvas/build/Release/libgio-2.0.0.dylib (0x106650648). This may cause spurious casting failures and mysterious crashes. One of the duplicates must be removed or renamed.
 GET /api/pdf-jobs?where[module][equals]=73&limit=1 200 in 234ms
objc[41312]: Class GNotificationCenterDelegate is implemented in both /Users/abenezernuro/projects/Expos/rws_cms/node_modules/@img/sharp-libvips-darwin-arm64/lib/libvips-cpp.8.16.1.dylib (0x128dc5a98) and /Users/abenezernuro/projects/Expos/rws_cms/node_modules/canvas/build/Release/libgio-2.0.0.dylib (0x10a0ec648). This may cause spurious casting failures and mysterious crashes. One of the duplicates must be removed or renamed.
 GET /api/pdf-jobs?where[module][equals]=73&limit=1 200 in 237ms
objc[41418]: Class GNotificationCenterDelegate is implemented in both /Users/abenezernuro/projects/Expos/rws_cms/node_modules/@img/sharp-libvips-darwin-arm64/lib/libvips-cpp.8.16.1.dylib (0x125dc5a98) and /Users/abenezernuro/projects/Expos/rws_cms/node_modules/canvas/build/Release/libgio-2.0.0.dylib (0x106a94648). This may cause spurious casting failures and mysterious crashes. One of the duplicates must be removed or renamed.
 GET /api/pdf-jobs?where[module][equals]=73&limit=1 200 in 238ms
objc[41419]: Class GNotificationCenterDelegate is implemented in both /Users/abenezernuro/projects/Expos/rws_cms/node_modules/@img/sharp-libvips-darwin-arm64/lib/libvips-cpp.8.16.1.dylib (0x122085a98) and /Users/abenezernuro/projects/Expos/rws_cms/node_modules/canvas/build/Release/libgio-2.0.0.dylib (0x10a72c648). This may cause spurious casting failures and mysterious crashes. One of the duplicates must be removed or renamed.
 GET /api/pdf-jobs?where[module][equals]=73&limit=1 200 in 236ms
 âœ“ Compiled in 307ms (2750 modules)
objc[41488]: Class GNotificationCenterDelegate is implemented in both /Users/abenezernuro/projects/Expos/rws_cms/node_modules/@img/sharp-libvips-darwin-arm64/lib/libvips-cpp.8.16.1.dylib (0x1275c5a98) and /Users/abenezernuro/projects/Expos/rws_cms/node_modules/canvas/build/Release/libgio-2.0.0.dylib (0x108b34648). This may cause spurious casting failures and mysterious crashes. One of the duplicates must be removed or renamed.
 GET /api/pdf-jobs?where[module][equals]=73&limit=1 200 in 652ms
objc[41548]: Class GNotificationCenterDelegate is implemented in both /Users/abenezernuro/projects/Expos/rws_cms/node_modules/@img/sharp-libvips-darwin-arm64/lib/libvips-cpp.8.16.1.dylib (0x11e385a98) and /Users/abenezernuro/projects/Expos/rws_cms/node_modules/canvas/build/Release/libgio-2.0.0.dylib (0x106b28648). This may cause spurious casting failures and mysterious crashes. One of the duplicates must be removed or renamed.
 GET /api/pdf-jobs?where[module][equals]=73&limit=1 200 in 243ms
 GET /api/pdf-jobs?where[module][equals]=73&limit=1 200 in 237ms
objc[41619]: Class GNotificationCenterDelegate is implemented in both /Users/abenezernuro/projects/Expos/rws_cms/node_modules/@img/sharp-libvips-darwin-arm64/lib/libvips-cpp.8.16.1.dylib (0x1275c5a98) and /Users/abenezernuro/projects/Expos/rws_cms/node_modules/canvas/build/Release/libgio-2.0.0.dylib (0x1089a4648). This may cause spurious casting failures and mysterious crashes. One of the duplicates must be removed or renamed.
 GET /api/pdf-jobs?where[module][equals]=73&limit=1 200 in 233ms
objc[41688]: Class GNotificationCenterDelegate is implemented in both /Users/abenezernuro/projects/Expos/rws_cms/node_modules/@img/sharp-libvips-darwin-arm64/lib/libvips-cpp.8.16.1.dylib (0x127dc5a98) and /Users/abenezernuro/projects/Expos/rws_cms/node_modules/canvas/build/Release/libgio-2.0.0.dylib (0x108b14648). This may cause spurious casting failures and mysterious crashes. One of the duplicates must be removed or renamed.
 GET /api/pdf-jobs?where[module][equals]=73&limit=1 200 in 237ms
objc[41692]: Class GNotificationCenterDelegate is implemented in both /Users/abenezernuro/projects/Expos/rws_cms/node_modules/@img/sharp-libvips-darwin-arm64/lib/libvips-cpp.8.16.1.dylib (0x11e045a98) and /Users/abenezernuro/projects/Expos/rws_cms/node_modules/canvas/build/Release/libgio-2.0.0.dylib (0x10663c648). This may cause spurious casting failures and mysterious crashes. One of the duplicates must be removed or renamed.
 GET /api/pdf-jobs?where[module][equals]=73&limit=1 200 in 258ms
objc[41807]: Class GNotificationCenterDelegate is implemented in both /Users/abenezernuro/projects/Expos/rws_cms/node_modules/@img/sharp-libvips-darwin-arm64/lib/libvips-cpp.8.16.1.dylib (0x1195c5a98) and /Users/abenezernuro/projects/Expos/rws_cms/node_modules/canvas/build/Release/libgio-2.0.0.dylib (0x10a43c648). This may cause spurious casting failures and mysterious crashes. One of the duplicates must be removed or renamed.
 GET /api/pdf-jobs?where[module][equals]=73&limit=1 200 in 234ms
objc[41849]: Class GNotificationCenterDelegate is implemented in both /Users/abenezernuro/projects/Expos/rws_cms/node_modules/@img/sharp-libvips-darwin-arm64/lib/libvips-cpp.8.16.1.dylib (0x1255c5a98) and /Users/abenezernuro/projects/Expos/rws_cms/node_modules/canvas/build/Release/libgio-2.0.0.dylib (0x1067a4648). This may cause spurious casting failures and mysterious crashes. One of the duplicates must be removed or renamed.
 GET /api/pdf-jobs?where[module][equals]=73&limit=1 200 in 234ms
objc[41959]: Class GNotificationCenterDelegate is implemented in both /Users/abenezernuro/projects/Expos/rws_cms/node_modules/@img/sharp-libvips-darwin-arm64/lib/libvips-cpp.8.16.1.dylib (0x124dc5a98) and /Users/abenezernuro/projects/Expos/rws_cms/node_modules/canvas/build/Release/libgio-2.0.0.dylib (0x105e60648). This may cause spurious casting failures and mysterious crashes. One of the duplicates must be removed or renamed.
 GET /api/pdf-jobs?where[module][equals]=73&limit=1 200 in 238ms
objc[41960]: Class GNotificationCenterDelegate is implemented in both /Users/abenezernuro/projects/Expos/rws_cms/node_modules/@img/sharp-libvips-darwin-arm64/lib/libvips-cpp.8.16.1.dylib (0x126dc5a98) and /Users/abenezernuro/projects/Expos/rws_cms/node_modules/canvas/build/Release/libgio-2.0.0.dylib (0x1082b0648). This may cause spurious casting failures and mysterious crashes. One of the duplicates must be removed or renamed.
 GET /api/pdf-jobs?where[module][equals]=73&limit=1 200 in 247ms
objc[42036]: Class GNotificationCenterDelegate is implemented in both /Users/abenezernuro/projects/Expos/rws_cms/node_modules/@img/sharp-libvips-darwin-arm64/lib/libvips-cpp.8.16.1.dylib (0x124dc5a98) and /Users/abenezernuro/projects/Expos/rws_cms/node_modules/canvas/build/Release/libgio-2.0.0.dylib (0x10603c648). This may cause spurious casting failures and mysterious crashes. One of the duplicates must be removed or renamed.
 GET /api/pdf-jobs?where[module][equals]=73&limit=1 200 in 237ms
objc[42038]: Class GNotificationCenterDelegate is implemented in both /Users/abenezernuro/projects/Expos/rws_cms/node_modules/@img/sharp-libvips-darwin-arm64/lib/libvips-cpp.8.16.1.dylib (0x128dc5a98) and /Users/abenezernuro/projects/Expos/rws_cms/node_modules/canvas/build/Release/libgio-2.0.0.dylib (0x109ed8648). This may cause spurious casting failures and mysterious crashes. One of the duplicates must be removed or renamed.
 GET /api/pdf-jobs?where[module][equals]=73&limit=1 200 in 256ms
objc[42106]: Class GNotificationCenterDelegate is implemented in both /Users/abenezernuro/projects/Expos/rws_cms/node_modules/@img/sharp-libvips-darwin-arm64/lib/libvips-cpp.8.16.1.dylib (0x117dc5a98) and /Users/abenezernuro/projects/Expos/rws_cms/node_modules/canvas/build/Release/libgio-2.0.0.dylib (0x108b20648). This may cause spurious casting failures and mysterious crashes. One of the duplicates must be removed or renamed.
 GET /api/pdf-jobs?where[module][equals]=73&limit=1 200 in 222ms
objc[42149]: Class GNotificationCenterDelegate is implemented in both /Users/abenezernuro/projects/Expos/rws_cms/node_modules/@img/sharp-libvips-darwin-arm64/lib/libvips-cpp.8.16.1.dylib (0x125dc5a98) and /Users/abenezernuro/projects/Expos/rws_cms/node_modules/canvas/build/Release/libgio-2.0.0.dylib (0x1063d0648). This may cause spurious casting failures and mysterious crashes. One of the duplicates must be removed or renamed.
 GET /api/pdf-jobs?where[module][equals]=73&limit=1 200 in 268ms
objc[42221]: Class GNotificationCenterDelegate is implemented in both /Users/abenezernuro/projects/Expos/rws_cms/node_modules/@img/sharp-libvips-darwin-arm64/lib/libvips-cpp.8.16.1.dylib (0x11e3c5a98) and /Users/abenezernuro/projects/Expos/rws_cms/node_modules/canvas/build/Release/libgio-2.0.0.dylib (0x106a40648). This may cause spurious casting failures and mysterious crashes. One of the duplicates must be removed or renamed.
 GET /api/pdf-jobs?where[module][equals]=73&limit=1 200 in 244ms
objc[42224]: Class GNotificationCenterDelegate is implemented in both /Users/abenezernuro/projects/Expos/rws_cms/node_modules/@img/sharp-libvips-darwin-arm64/lib/libvips-cpp.8.16.1.dylib (0x1275c5a98) and /Users/abenezernuro/projects/Expos/rws_cms/node_modules/canvas/build/Release/libgio-2.0.0.dylib (0x1087d0648). This may cause spurious casting failures and mysterious crashes. One of the duplicates must be removed or renamed.
 GET /api/pdf-jobs?where[module][equals]=73&limit=1 200 in 249ms
objc[42328]: Class GNotificationCenterDelegate is implemented in both /Users/abenezernuro/projects/Expos/rws_cms/node_modules/@img/sharp-libvips-darwin-arm64/lib/libvips-cpp.8.16.1.dylib (0x1255c5a98) and /Users/abenezernuro/projects/Expos/rws_cms/node_modules/canvas/build/Release/libgio-2.0.0.dylib (0x1064f4648). This may cause spurious casting failures and mysterious crashes. One of the duplicates must be removed or renamed.
 GET /api/pdf-jobs?where[module][equals]=73&limit=1 200 in 242ms
objc[42377]: Class GNotificationCenterDelegate is implemented in both /Users/abenezernuro/projects/Expos/rws_cms/node_modules/@img/sharp-libvips-darwin-arm64/lib/libvips-cpp.8.16.1.dylib (0x11fc45a98) and /Users/abenezernuro/projects/Expos/rws_cms/node_modules/canvas/build/Release/libgio-2.0.0.dylib (0x107fd0648). This may cause spurious casting failures and mysterious crashes. One of the duplicates must be removed or renamed.
 GET /api/pdf-jobs?where[module][equals]=73&limit=1 200 in 273ms
objc[42484]: Class GNotificationCenterDelegate is implemented in both /Users/abenezernuro/projects/Expos/rws_cms/node_modules/@img/sharp-libvips-darwin-arm64/lib/libvips-cpp.8.16.1.dylib (0x126dc5a98) and /Users/abenezernuro/projects/Expos/rws_cms/node_modules/canvas/build/Release/libgio-2.0.0.dylib (0x108214648). This may cause spurious casting failures and mysterious crashes. One of the duplicates must be removed or renamed.
 GET /api/pdf-jobs?where[module][equals]=73&limit=1 200 in 238ms
objc[42491]: Class GNotificationCenterDelegate is implemented in both /Users/abenezernuro/projects/Expos/rws_cms/node_modules/@img/sharp-libvips-darwin-arm64/lib/libvips-cpp.8.16.1.dylib (0x1255c5a98) and /Users/abenezernuro/projects/Expos/rws_cms/node_modules/canvas/build/Release/libgio-2.0.0.dylib (0x1069d4648). This may cause spurious casting failures and mysterious crashes. One of the duplicates must be removed or renamed.
 GET /api/pdf-jobs?where[module][equals]=73&limit=1 200 in 223ms
objc[42560]: Class GNotificationCenterDelegate is implemented in both /Users/abenezernuro/projects/Expos/rws_cms/node_modules/@img/sharp-libvips-darwin-arm64/lib/libvips-cpp.8.16.1.dylib (0x1295c5a98) and /Users/abenezernuro/projects/Expos/rws_cms/node_modules/canvas/build/Release/libgio-2.0.0.dylib (0x10a2e8648). This may cause spurious casting failures and mysterious crashes. One of the duplicates must be removed or renamed.
 GET /api/pdf-jobs?where[module][equals]=73&limit=1 200 in 283ms
objc[42562]: Class GNotificationCenterDelegate is implemented in both /Users/abenezernuro/projects/Expos/rws_cms/node_modules/@img/sharp-libvips-darwin-arm64/lib/libvips-cpp.8.16.1.dylib (0x1255c5a98) and /Users/abenezernuro/projects/Expos/rws_cms/node_modules/canvas/build/Release/libgio-2.0.0.dylib (0x106a68648). This may cause spurious casting failures and mysterious crashes. One of the duplicates must be removed or renamed.
 GET /api/pdf-jobs?where[module][equals]=73&limit=1 200 in 240ms
objc[42656]: Class GNotificationCenterDelegate is implemented in both /Users/abenezernuro/projects/Expos/rws_cms/node_modules/@img/sharp-libvips-darwin-arm64/lib/libvips-cpp.8.16.1.dylib (0x124dc5a98) and /Users/abenezernuro/projects/Expos/rws_cms/node_modules/canvas/build/Release/libgio-2.0.0.dylib (0x106204648). This may cause spurious casting failures and mysterious crashes. One of the duplicates must be removed or renamed.
 GET /api/pdf-jobs?where[module][equals]=73&limit=1 200 in 226ms
objc[42704]: Class GNotificationCenterDelegate is implemented in both /Users/abenezernuro/projects/Expos/rws_cms/node_modules/@img/sharp-libvips-darwin-arm64/lib/libvips-cpp.8.16.1.dylib (0x11e1c5a98) and /Users/abenezernuro/projects/Expos/rws_cms/node_modules/canvas/build/Release/libgio-2.0.0.dylib (0x1066f8648). This may cause spurious casting failures and mysterious crashes. One of the duplicates must be removed or renamed.
 GET /api/pdf-jobs?where[module][equals]=73&limit=1 200 in 237ms
objc[42771]: Class GNotificationCenterDelegate is implemented in both /Users/abenezernuro/projects/Expos/rws_cms/node_modules/@img/sharp-libvips-darwin-arm64/lib/libvips-cpp.8.16.1.dylib (0x1275c5a98) and /Users/abenezernuro/projects/Expos/rws_cms/node_modules/canvas/build/Release/libgio-2.0.0.dylib (0x1083a8648). This may cause spurious casting failures and mysterious crashes. One of the duplicates must be removed or renamed.
 GET /api/pdf-jobs?where[module][equals]=73&limit=1 200 in 225ms
objc[42773]: Class GNotificationCenterDelegate is implemented in both /Users/abenezernuro/projects/Expos/rws_cms/node_modules/@img/sharp-libvips-darwin-arm64/lib/libvips-cpp.8.16.1.dylib (0x11e105a98) and /Users/abenezernuro/projects/Expos/rws_cms/node_modules/canvas/build/Release/libgio-2.0.0.dylib (0x1067dc648). This may cause spurious casting failures and mysterious crashes. One of the duplicates must be removed or renamed.
 GET /api/pdf-jobs?where[module][equals]=73&limit=1 200 in 227ms
objc[42878]: Class GNotificationCenterDelegate is implemented in both /Users/abenezernuro/projects/Expos/rws_cms/node_modules/@img/sharp-libvips-darwin-arm64/lib/libvips-cpp.8.16.1.dylib (0x124dc5a98) and /Users/abenezernuro/projects/Expos/rws_cms/node_modules/canvas/build/Release/libgio-2.0.0.dylib (0x106058648). This may cause spurious casting failures and mysterious crashes. One of the duplicates must be removed or renamed.
 GET /api/pdf-jobs?where[module][equals]=73&limit=1 200 in 233ms
objc[42917]: Class GNotificationCenterDelegate is implemented in both /Users/abenezernuro/projects/Expos/rws_cms/node_modules/@img/sharp-libvips-darwin-arm64/lib/libvips-cpp.8.16.1.dylib (0x1255c5a98) and /Users/abenezernuro/projects/Expos/rws_cms/node_modules/canvas/build/Release/libgio-2.0.0.dylib (0x106698648). This may cause spurious casting failures and mysterious crashes. One of the duplicates must be removed or renamed.
 GET /api/pdf-jobs?where[module][equals]=73&limit=1 200 in 239ms
objc[43028]: Class GNotificationCenterDelegate is implemented in both /Users/abenezernuro/projects/Expos/rws_cms/node_modules/@img/sharp-libvips-darwin-arm64/lib/libvips-cpp.8.16.1.dylib (0x126dc5a98) and /Users/abenezernuro/projects/Expos/rws_cms/node_modules/canvas/build/Release/libgio-2.0.0.dylib (0x1080e0648). This may cause spurious casting failures and mysterious crashes. One of the duplicates must be removed or renamed.
 GET /api/pdf-jobs?where[module][equals]=73&limit=1 200 in 310ms
objc[43102]: Class GNotificationCenterDelegate is implemented in both /Users/abenezernuro/projects/Expos/rws_cms/node_modules/@img/sharp-libvips-darwin-arm64/lib/libvips-cpp.8.16.1.dylib (0x1275c5a98) and /Users/abenezernuro/projects/Expos/rws_cms/node_modules/canvas/build/Release/libgio-2.0.0.dylib (0x108514648). This may cause spurious casting failures and mysterious crashes. One of the duplicates must be removed or renamed.
 GET /api/pdf-jobs?where[module][equals]=73&limit=1 200 in 239ms
 GET /api/pdf-jobs?where[module][equals]=73&limit=1 200 in 250ms
objc[43211]: Class GNotificationCenterDelegate is implemented in both /Users/abenezernuro/projects/Expos/rws_cms/node_modules/@img/sharp-libvips-darwin-arm64/lib/libvips-cpp.8.16.1.dylib (0x126dc5a98) and /Users/abenezernuro/projects/Expos/rws_cms/node_modules/canvas/build/Release/libgio-2.0.0.dylib (0x10809c648). This may cause spurious casting failures and mysterious crashes. One of the duplicates must be removed or renamed.
 GET /api/pdf-jobs?where[module][equals]=73&limit=1 200 in 275ms
objc[43283]: Class GNotificationCenterDelegate is implemented in both /Users/abenezernuro/projects/Expos/rws_cms/node_modules/@img/sharp-libvips-darwin-arm64/lib/libvips-cpp.8.16.1.dylib (0x1175c5a98) and /Users/abenezernuro/projects/Expos/rws_cms/node_modules/canvas/build/Release/libgio-2.0.0.dylib (0x108628648). This may cause spurious casting failures and mysterious crashes. One of the duplicates must be removed or renamed.
 GET /api/pdf-jobs?where[module][equals]=73&limit=1 200 in 232ms
 âœ“ Compiled in 287ms (2750 modules)
objc[43286]: Class GNotificationCenterDelegate is implemented in both /Users/abenezernuro/projects/Expos/rws_cms/node_modules/@img/sharp-libvips-darwin-arm64/lib/libvips-cpp.8.16.1.dylib (0x1275c5a98) and /Users/abenezernuro/projects/Expos/rws_cms/node_modules/canvas/build/Release/libgio-2.0.0.dylib (0x108644648). This may cause spurious casting failures and mysterious crashes. One of the duplicates must be removed or renamed.
 GET /api/pdf-jobs?where[module][equals]=73&limit=1 200 in 529ms
objc[43395]: Class GNotificationCenterDelegate is implemented in both /Users/abenezernuro/projects/Expos/rws_cms/node_modules/@img/sharp-libvips-darwin-arm64/lib/libvips-cpp.8.16.1.dylib (0x129dc5a98) and /Users/abenezernuro/projects/Expos/rws_cms/node_modules/canvas/build/Release/libgio-2.0.0.dylib (0x10ac44648). This may cause spurious casting failures and mysterious crashes. One of the duplicates must be removed or renamed.
 GET /api/pdf-jobs?where[module][equals]=73&limit=1 200 in 250ms
 GET /api/pdf-jobs?where[module][equals]=73&limit=1 200 in 245ms
objc[43451]: Class GNotificationCenterDelegate is implemented in both /Users/abenezernuro/projects/Expos/rws_cms/node_modules/@img/sharp-libvips-darwin-arm64/lib/libvips-cpp.8.16.1.dylib (0x120485a98) and /Users/abenezernuro/projects/Expos/rws_cms/node_modules/canvas/build/Release/libgio-2.0.0.dylib (0x10899c648). This may cause spurious casting failures and mysterious crashes. One of the duplicates must be removed or renamed.
 GET /api/pdf-jobs?where[module][equals]=73&limit=1 200 in 241ms
 GET /api/pdf-jobs?where[module][equals]=73&limit=1 200 in 251ms
objc[43561]: Class GNotificationCenterDelegate is implemented in both /Users/abenezernuro/projects/Expos/rws_cms/node_modules/@img/sharp-libvips-darwin-arm64/lib/libvips-cpp.8.16.1.dylib (0x1255c5a98) and /Users/abenezernuro/projects/Expos/rws_cms/node_modules/canvas/build/Release/libgio-2.0.0.dylib (0x106480648). This may cause spurious casting failures and mysterious crashes. One of the duplicates must be removed or renamed.
 GET /api/pdf-jobs?where[module][equals]=73&limit=1 200 in 257ms
objc[43637]: Class GNotificationCenterDelegate is implemented in both /Users/abenezernuro/projects/Expos/rws_cms/node_modules/@img/sharp-libvips-darwin-arm64/lib/libvips-cpp.8.16.1.dylib (0x1255c5a98) and /Users/abenezernuro/projects/Expos/rws_cms/node_modules/canvas/build/Release/libgio-2.0.0.dylib (0x106a0c648). This may cause spurious casting failures and mysterious crashes. One of the duplicates must be removed or renamed.
 GET /api/pdf-jobs?where[module][equals]=73&limit=1 200 in 235ms
 GET /api/pdf-jobs?where[module][equals]=73&limit=1 200 in 240ms
objc[43726]: Class GNotificationCenterDelegate is implemented in both /Users/abenezernuro/projects/Expos/rws_cms/node_modules/@img/sharp-libvips-darwin-arm64/lib/libvips-cpp.8.16.1.dylib (0x1255c5a98) and /Users/abenezernuro/projects/Expos/rws_cms/node_modules/canvas/build/Release/libgio-2.0.0.dylib (0x106c14648). This may cause spurious casting failures and mysterious crashes. One of the duplicates must be removed or renamed.
 GET /api/pdf-jobs?where[module][equals]=73&limit=1 200 in 239ms
objc[43746]: Class GNotificationCenterDelegate is implemented in both /Users/abenezernuro/projects/Expos/rws_cms/node_modules/@img/sharp-libvips-darwin-arm64/lib/libvips-cpp.8.16.1.dylib (0x124dc5a98) and /Users/abenezernuro/projects/Expos/rws_cms/node_modules/canvas/build/Release/libgio-2.0.0.dylib (0x105ee0648). This may cause spurious casting failures and mysterious crashes. One of the duplicates must be removed or renamed.
 GET /api/pdf-jobs?where[module][equals]=73&limit=1 200 in 250ms
objc[43797]: Class GNotificationCenterDelegate is implemented in both /Users/abenezernuro/projects/Expos/rws_cms/node_modules/@img/sharp-libvips-darwin-arm64/lib/libvips-cpp.8.16.1.dylib (0x1255c5a98) and /Users/abenezernuro/projects/Expos/rws_cms/node_modules/canvas/build/Release/libgio-2.0.0.dylib (0x1067e8648). This may cause spurious casting failures and mysterious crashes. One of the duplicates must be removed or renamed.
 GET /api/pdf-jobs?where[module][equals]=73&limit=1 200 in 251ms
objc[43818]: Class GNotificationCenterDelegate is implemented in both /Users/abenezernuro/projects/Expos/rws_cms/node_modules/@img/sharp-libvips-darwin-arm64/lib/libvips-cpp.8.16.1.dylib (0x128dc5a98) and /Users/abenezernuro/projects/Expos/rws_cms/node_modules/canvas/build/Release/libgio-2.0.0.dylib (0x109eb0648). This may cause spurious casting failures and mysterious crashes. One of the duplicates must be removed or renamed.
 GET /api/pdf-jobs?where[module][equals]=73&limit=1 200 in 258ms
objc[43978]: Class GNotificationCenterDelegate is implemented in both /Users/abenezernuro/projects/Expos/rws_cms/node_modules/@img/sharp-libvips-darwin-arm64/lib/libvips-cpp.8.16.1.dylib (0x1295c5a98) and /Users/abenezernuro/projects/Expos/rws_cms/node_modules/canvas/build/Release/libgio-2.0.0.dylib (0x10aa1c648). This may cause spurious casting failures and mysterious crashes. One of the duplicates must be removed or renamed.
 GET /api/pdf-jobs?where[module][equals]=73&limit=1 200 in 235ms
objc[44051]: Class GNotificationCenterDelegate is implemented in both /Users/abenezernuro/projects/Expos/rws_cms/node_modules/@img/sharp-libvips-darwin-arm64/lib/libvips-cpp.8.16.1.dylib (0x124dc5a98) and /Users/abenezernuro/projects/Expos/rws_cms/node_modules/canvas/build/Release/libgio-2.0.0.dylib (0x1061ec648). This may cause spurious casting failures and mysterious crashes. One of the duplicates must be removed or renamed.
 GET /api/pdf-jobs?where[module][equals]=73&limit=1 200 in 242ms
objc[44068]: Class GNotificationCenterDelegate is implemented in both /Users/abenezernuro/projects/Expos/rws_cms/node_modules/@img/sharp-libvips-darwin-arm64/lib/libvips-cpp.8.16.1.dylib (0x1295c5a98) and /Users/abenezernuro/projects/Expos/rws_cms/node_modules/canvas/build/Release/libgio-2.0.0.dylib (0x10a438648). This may cause spurious casting failures and mysterious crashes. One of the duplicates must be removed or renamed.
 GET /api/pdf-jobs?where[module][equals]=73&limit=1 200 in 239ms
objc[44089]: Class GNotificationCenterDelegate is implemented in both /Users/abenezernuro/projects/Expos/rws_cms/node_modules/@img/sharp-libvips-darwin-arm64/lib/libvips-cpp.8.16.1.dylib (0x11fcc5a98) and /Users/abenezernuro/projects/Expos/rws_cms/node_modules/canvas/build/Release/libgio-2.0.0.dylib (0x10809c648). This may cause spurious casting failures and mysterious crashes. One of the duplicates must be removed or renamed.
 GET /api/pdf-jobs?where[module][equals]=73&limit=1 200 in 236ms
objc[44147]: Class GNotificationCenterDelegate is implemented in both /Users/abenezernuro/projects/Expos/rws_cms/node_modules/@img/sharp-libvips-darwin-arm64/lib/libvips-cpp.8.16.1.dylib (0x11fc45a98) and /Users/abenezernuro/projects/Expos/rws_cms/node_modules/canvas/build/Release/libgio-2.0.0.dylib (0x108208648). This may cause spurious casting failures and mysterious crashes. One of the duplicates must be removed or renamed.
 GET /api/pdf-jobs?where[module][equals]=73&limit=1 200 in 238ms
objc[44164]: Class GNotificationCenterDelegate is implemented in both /Users/abenezernuro/projects/Expos/rws_cms/node_modules/@img/sharp-libvips-darwin-arm64/lib/libvips-cpp.8.16.1.dylib (0x1275c5a98) and /Users/abenezernuro/projects/Expos/rws_cms/node_modules/canvas/build/Release/libgio-2.0.0.dylib (0x1085cc648). This may cause spurious casting failures and mysterious crashes. One of the duplicates must be removed or renamed.
 GET /api/pdf-jobs?where[module][equals]=73&limit=1 200 in 233ms
objc[44254]: Class GNotificationCenterDelegate is implemented in both /Users/abenezernuro/projects/Expos/rws_cms/node_modules/@img/sharp-libvips-darwin-arm64/lib/libvips-cpp.8.16.1.dylib (0x11ddc5a98) and /Users/abenezernuro/projects/Expos/rws_cms/node_modules/canvas/build/Release/libgio-2.0.0.dylib (0x106408648). This may cause spurious casting failures and mysterious crashes. One of the duplicates must be removed or renamed.
 GET /api/pdf-jobs?where[module][equals]=73&limit=1 200 in 240ms
objc[44272]: Class GNotificationCenterDelegate is implemented in both /Users/abenezernuro/projects/Expos/rws_cms/node_modules/@img/sharp-libvips-darwin-arm64/lib/libvips-cpp.8.16.1.dylib (0x1275c5a98) and /Users/abenezernuro/projects/Expos/rws_cms/node_modules/canvas/build/Release/libgio-2.0.0.dylib (0x1089f8648). This may cause spurious casting failures and mysterious crashes. One of the duplicates must be removed or renamed.
 GET /api/pdf-jobs?where[module][equals]=73&limit=1 200 in 234ms
objc[44327]: Class GNotificationCenterDelegate is implemented in both /Users/abenezernuro/projects/Expos/rws_cms/node_modules/@img/sharp-libvips-darwin-arm64/lib/libvips-cpp.8.16.1.dylib (0x126dc5a98) and /Users/abenezernuro/projects/Expos/rws_cms/node_modules/canvas/build/Release/libgio-2.0.0.dylib (0x108014648). This may cause spurious casting failures and mysterious crashes. One of the duplicates must be removed or renamed.
 GET /api/pdf-jobs?where[module][equals]=73&limit=1 200 in 238ms
 âœ“ Compiled in 250ms (2750 modules)
objc[44384]: Class GNotificationCenterDelegate is implemented in both /Users/abenezernuro/projects/Expos/rws_cms/node_modules/@img/sharp-libvips-darwin-arm64/lib/libvips-cpp.8.16.1.dylib (0x1155c5a98) and /Users/abenezernuro/projects/Expos/rws_cms/node_modules/canvas/build/Release/libgio-2.0.0.dylib (0x1067d0648). This may cause spurious casting failures and mysterious crashes. One of the duplicates must be removed or renamed.
 GET /api/pdf-jobs?where[module][equals]=73&limit=1 200 in 528ms
objc[44488]: Class GNotificationCenterDelegate is implemented in both /Users/abenezernuro/projects/Expos/rws_cms/node_modules/@img/sharp-libvips-darwin-arm64/lib/libvips-cpp.8.16.1.dylib (0x127dc5a98) and /Users/abenezernuro/projects/Expos/rws_cms/node_modules/canvas/build/Release/libgio-2.0.0.dylib (0x108d1c648). This may cause spurious casting failures and mysterious crashes. One of the duplicates must be removed or renamed.
 GET /api/pdf-jobs?where[module][equals]=73&limit=1 200 in 238ms
 GET /api/pdf-jobs?where[module][equals]=73&limit=1 200 in 231ms
objc[44587]: Class GNotificationCenterDelegate is implemented in both /Users/abenezernuro/projects/Expos/rws_cms/node_modules/@img/sharp-libvips-darwin-arm64/lib/libvips-cpp.8.16.1.dylib (0x1295c5a98) and /Users/abenezernuro/projects/Expos/rws_cms/node_modules/canvas/build/Release/libgio-2.0.0.dylib (0x10a788648). This may cause spurious casting failures and mysterious crashes. One of the duplicates must be removed or renamed.
 GET /api/pdf-jobs?where[module][equals]=73&limit=1 200 in 236ms
objc[44607]: Class GNotificationCenterDelegate is implemented in both /Users/abenezernuro/projects/Expos/rws_cms/node_modules/@img/sharp-libvips-darwin-arm64/lib/libvips-cpp.8.16.1.dylib (0x1275c5a98) and /Users/abenezernuro/projects/Expos/rws_cms/node_modules/canvas/build/Release/libgio-2.0.0.dylib (0x108708648). This may cause spurious casting failures and mysterious crashes. One of the duplicates must be removed or renamed.
 GET /api/pdf-jobs?where[module][equals]=73&limit=1 200 in 239ms
objc[44661]: Class GNotificationCenterDelegate is implemented in both /Users/abenezernuro/projects/Expos/rws_cms/node_modules/@img/sharp-libvips-darwin-arm64/lib/libvips-cpp.8.16.1.dylib (0x118dc5a98) and /Users/abenezernuro/projects/Expos/rws_cms/node_modules/canvas/build/Release/libgio-2.0.0.dylib (0x10a0d8648). This may cause spurious casting failures and mysterious crashes. One of the duplicates must be removed or renamed.
 GET /api/pdf-jobs?where[module][equals]=73&limit=1 200 in 237ms
objc[44708]: Class GNotificationCenterDelegate is implemented in both /Users/abenezernuro/projects/Expos/rws_cms/node_modules/@img/sharp-libvips-darwin-arm64/lib/libvips-cpp.8.16.1.dylib (0x1217c5a98) and /Users/abenezernuro/projects/Expos/rws_cms/node_modules/canvas/build/Release/libgio-2.0.0.dylib (0x109f2c648). This may cause spurious casting failures and mysterious crashes. One of the duplicates must be removed or renamed.
 GET /api/pdf-jobs?where[module][equals]=73&limit=1 200 in 234ms
objc[44798]: Class GNotificationCenterDelegate is implemented in both /Users/abenezernuro/projects/Expos/rws_cms/node_modules/@img/sharp-libvips-darwin-arm64/lib/libvips-cpp.8.16.1.dylib (0x1255c5a98) and /Users/abenezernuro/projects/Expos/rws_cms/node_modules/canvas/build/Release/libgio-2.0.0.dylib (0x106734648). This may cause spurious casting failures and mysterious crashes. One of the duplicates must be removed or renamed.
 GET /api/pdf-jobs?where[module][equals]=73&limit=1 200 in 233ms
objc[44821]: Class GNotificationCenterDelegate is implemented in both /Users/abenezernuro/projects/Expos/rws_cms/node_modules/@img/sharp-libvips-darwin-arm64/lib/libvips-cpp.8.16.1.dylib (0x1255c5a98) and /Users/abenezernuro/projects/Expos/rws_cms/node_modules/canvas/build/Release/libgio-2.0.0.dylib (0x106684648). This may cause spurious casting failures and mysterious crashes. One of the duplicates must be removed or renamed.
 GET /api/pdf-jobs?where[module][equals]=73&limit=1 200 in 235ms
objc[44870]: Class GNotificationCenterDelegate is implemented in both /Users/abenezernuro/projects/Expos/rws_cms/node_modules/@img/sharp-libvips-darwin-arm64/lib/libvips-cpp.8.16.1.dylib (0x119dc5a98) and /Users/abenezernuro/projects/Expos/rws_cms/node_modules/canvas/build/Release/libgio-2.0.0.dylib (0x10ab64648). This may cause spurious casting failures and mysterious crashes. One of the duplicates must be removed or renamed.
 GET /api/pdf-jobs?where[module][equals]=73&limit=1 200 in 260ms
objc[44929]: Class GNotificationCenterDelegate is implemented in both /Users/abenezernuro/projects/Expos/rws_cms/node_modules/@img/sharp-libvips-darwin-arm64/lib/libvips-cpp.8.16.1.dylib (0x1295c5a98) and /Users/abenezernuro/projects/Expos/rws_cms/node_modules/canvas/build/Release/libgio-2.0.0.dylib (0x10ab48648). This may cause spurious casting failures and mysterious crashes. One of the duplicates must be removed or renamed.
 GET /api/pdf-jobs?where[module][equals]=73&limit=1 200 in 241ms
objc[45017]: Class GNotificationCenterDelegate is implemented in both /Users/abenezernuro/projects/Expos/rws_cms/node_modules/@img/sharp-libvips-darwin-arm64/lib/libvips-cpp.8.16.1.dylib (0x1255c5a98) and /Users/abenezernuro/projects/Expos/rws_cms/node_modules/canvas/build/Release/libgio-2.0.0.dylib (0x1064ec648). This may cause spurious casting failures and mysterious crashes. One of the duplicates must be removed or renamed.
 GET /api/pdf-jobs?where[module][equals]=73&limit=1 200 in 235ms
objc[45079]: Class GNotificationCenterDelegate is implemented in both /Users/abenezernuro/projects/Expos/rws_cms/node_modules/@img/sharp-libvips-darwin-arm64/lib/libvips-cpp.8.16.1.dylib (0x1175c5a98) and /Users/abenezernuro/projects/Expos/rws_cms/node_modules/canvas/build/Release/libgio-2.0.0.dylib (0x108900648). This may cause spurious casting failures and mysterious crashes. One of the duplicates must be removed or renamed.
 GET /api/pdf-jobs?where[module][equals]=73&limit=1 200 in 241ms
objc[45130]: Class GNotificationCenterDelegate is implemented in both /Users/abenezernuro/projects/Expos/rws_cms/node_modules/@img/sharp-libvips-darwin-arm64/lib/libvips-cpp.8.16.1.dylib (0x11d685a98) and /Users/abenezernuro/projects/Expos/rws_cms/node_modules/canvas/build/Release/libgio-2.0.0.dylib (0x105d74648). This may cause spurious casting failures and mysterious crashes. One of the duplicates must be removed or renamed.
 GET /api/pdf-jobs?where[module][equals]=73&limit=1 200 in 239ms
objc[45148]: Class GNotificationCenterDelegate is implemented in both /Users/abenezernuro/projects/Expos/rws_cms/node_modules/@img/sharp-libvips-darwin-arm64/lib/libvips-cpp.8.16.1.dylib (0x1275c5a98) and /Users/abenezernuro/projects/Expos/rws_cms/node_modules/canvas/build/Release/libgio-2.0.0.dylib (0x108390648). This may cause spurious casting failures and mysterious crashes. One of the duplicates must be removed or renamed.
 GET /api/pdf-jobs?where[module][equals]=73&limit=1 200 in 238ms
objc[45202]: Class GNotificationCenterDelegate is implemented in both /Users/abenezernuro/projects/Expos/rws_cms/node_modules/@img/sharp-libvips-darwin-arm64/lib/libvips-cpp.8.16.1.dylib (0x1255c5a98) and /Users/abenezernuro/projects/Expos/rws_cms/node_modules/canvas/build/Release/libgio-2.0.0.dylib (0x106754648). This may cause spurious casting failures and mysterious crashes. One of the duplicates must be removed or renamed.

> rs-cms@1.0.0 dev
> cross-env NODE_OPTIONS=--no-deprecation next dev

 âš  Port 3000 is in use by process 1017
25376
30353
30356
30427
38038
55254
67845, using available port 3001 instead.
   â–² Next.js 15.4.5
   - Local:        http://localhost:3001
   - Network:      http://192.168.1.161:3001
   - Environments: .env
   - Experiments (use with caution):
     Â· swcPlugins

 âœ“ Starting...
 âœ“ Ready in 1340ms
 â—‹ Compiling /api/[...slug] ...
 âœ“ Compiled /api/[...slug] in 1697ms (2938 modules)
objc[46121]: Class GNotificationCenterDelegate is implemented in both /Users/abenezernuro/projects/Expos/rws_cms/node_modules/@img/sharp-libvips-darwin-arm64/lib/libvips-cpp.8.16.1.dylib (0x12ae4da98) and /Users/abenezernuro/projects/Expos/rws_cms/node_modules/canvas/build/Release/libgio-2.0.0.dylib (0x10a218648). This may cause spurious casting failures and mysterious crashes. One of the duplicates must be removed or renamed.
objc[46344]: Class GNotificationCenterDelegate is implemented in both /Users/abenezernuro/projects/Expos/rws_cms/node_modules/@img/sharp-libvips-darwin-arm64/lib/libvips-cpp.8.16.1.dylib (0x124dc5a98) and /Users/abenezernuro/projects/Expos/rws_cms/node_modules/canvas/build/Release/libgio-2.0.0.dylib (0x106384648). This may cause spurious casting failures and mysterious crashes. One of the duplicates must be removed or renamed.
[â£·] Pulling schema from database...
[2K[1G[â£¯] Pulling schema from database...
[2K[1G[â£Ÿ] Pulling schema from database...
objc[46432]: Class GNotificationCenterDelegate is implemented in both /Users/abenezernuro/projects/Expos/rws_cms/node_modules/@img/sharp-libvips-darwin-arm64/lib/libvips-cpp.8.16.1.dylib (0x11dc05a98) and /Users/abenezernuro/projects/Expos/rws_cms/node_modules/canvas/build/Release/libgio-2.0.0.dylib (0x106138648). This may cause spurious casting failures and mysterious crashes. One of the duplicates must be removed or renamed.
[2K[1G[â¡¿] Pulling schema from database...
[2K[1G[â¢¿] Pulling schema from database...
[2K[1G[â£»] Pulling schema from database...
[2K[1G[â£½] Pulling schema from database...
[2K[1G[â£·] Pulling schema from database...
[2K[1G[â£¯] Pulling schema from database...
[2K[1G[â£Ÿ] Pulling schema from database...
[2K[1G[â¡¿] Pulling schema from database...
[2K[1G[â¢¿] Pulling schema from database...
[2K[1G[â£»] Pulling schema from database...
[2K[1G[â£½] Pulling schema from database...
[2K[1G[â£·] Pulling schema from database...
[2K[1G[â£¯] Pulling schema from database...
[2K[1G[âœ“] Pulling schema from database...
[18:00:45] [33mWARN[39m: [36mNo email adapter provided. Email will be written to console. More info at https://payloadcms.com/docs/email/overview.[39m
 GET /api/pdf-jobs?where[module][equals]=73&limit=1 200 in 4336ms
 GET /api/pdf-jobs?where[module][equals]=73&limit=1 200 in 5304ms
 GET /api/pdf-jobs?where[module][equals]=73&limit=1 200 in 6314ms
 GET /api/pdf-jobs?where[module][equals]=73&limit=1 200 in 2956ms
 GET /api/pdf-jobs?where[module][equals]=73&limit=1 200 in 6955ms
 GET /api/pdf-jobs?where[module][equals]=73&limit=1 200 in 4101ms
 GET /api/pdf-jobs?where[module][equals]=73&limit=1 200 in 430ms
 â—‹ Compiling /admin/[[...segments]] ...
 GET /api/pdf-jobs?where[module][equals]=73&limit=1 200 in 558ms
objc[46581]: Class GNotificationCenterDelegate is implemented in both /Users/abenezernuro/projects/Expos/rws_cms/node_modules/@img/sharp-libvips-darwin-arm64/lib/libvips-cpp.8.16.1.dylib (0x12a3c9a98) and /Users/abenezernuro/projects/Expos/rws_cms/node_modules/canvas/build/Release/libgio-2.0.0.dylib (0x10a578648). This may cause spurious casting failures and mysterious crashes. One of the duplicates must be removed or renamed.
 âœ“ Compiled /admin/[[...segments]] in 3.3s (5026 modules)
 GET /api/pdf-jobs?where[module][equals]=73&limit=1 200 in 1856ms
 GET /api/pdf-jobs?where[module][equals]=73&limit=1 200 in 2371ms
 GET /api/pdf-jobs?where[module][equals]=73&limit=1 200 in 850ms
 GET /api/pdf-jobs?where[module][equals]=73&limit=1 200 in 4421ms
 GET /api/pdf-jobs?where[module][equals]=73&limit=1 200 in 3547ms
 GET /api/pdf-jobs?where[module][equals]=73&limit=1 200 in 240ms
objc[46826]: Class GNotificationCenterDelegate is implemented in both /Users/abenezernuro/projects/Expos/rws_cms/node_modules/@img/sharp-libvips-darwin-arm64/lib/libvips-cpp.8.16.1.dylib (0x1275c5a98) and /Users/abenezernuro/projects/Expos/rws_cms/node_modules/canvas/build/Release/libgio-2.0.0.dylib (0x108378648). This may cause spurious casting failures and mysterious crashes. One of the duplicates must be removed or renamed.
objc[46831]: Class GNotificationCenterDelegate is implemented in both /Users/abenezernuro/projects/Expos/rws_cms/node_modules/@img/sharp-libvips-darwin-arm64/lib/libvips-cpp.8.16.1.dylib (0x1295c5a98) and /Users/abenezernuro/projects/Expos/rws_cms/node_modules/canvas/build/Release/libgio-2.0.0.dylib (0x10aa38648). This may cause spurious casting failures and mysterious crashes. One of the duplicates must be removed or renamed.
 GET /api/pdf-jobs?where[module][equals]=73&limit=1 200 in 489ms
 GET /admin/collections/modules/73 200 in 7386ms
objc[46909]: Class GNotificationCenterDelegate is implemented in both /Users/abenezernuro/projects/Expos/rws_cms/node_modules/@img/sharp-libvips-darwin-arm64/lib/libvips-cpp.8.16.1.dylib (0x128dc5a98) and /Users/abenezernuro/projects/Expos/rws_cms/node_modules/canvas/build/Release/libgio-2.0.0.dylib (0x10a0ac648). This may cause spurious casting failures and mysterious crashes. One of the duplicates must be removed or renamed.
objc[46981]: Class GNotificationCenterDelegate is implemented in both /Users/abenezernuro/projects/Expos/rws_cms/node_modules/@img/sharp-libvips-darwin-arm64/lib/libvips-cpp.8.16.1.dylib (0x126dc5a98) and /Users/abenezernuro/projects/Expos/rws_cms/node_modules/canvas/build/Release/libgio-2.0.0.dylib (0x108198648). This may cause spurious casting failures and mysterious crashes. One of the duplicates must be removed or renamed.
 GET /api/users/me 200 in 200ms
 POST /api/pdfs 200 in 284ms
 POST /api/slides 200 in 313ms
 GET /api/payload-preferences/nav 200 in 314ms
 GET /api/users/me 200 in 153ms
 GET /api/pdf-jobs?where[module][equals]=73&limit=1 200 in 582ms
 GET /api/payload-preferences/collection-modules 200 in 593ms
objc[47295]: Class GNotificationCenterDelegate is implemented in both /Users/abenezernuro/projects/Expos/rws_cms/node_modules/@img/sharp-libvips-darwin-arm64/lib/libvips-cpp.8.16.1.dylib (0x127dc5a98) and /Users/abenezernuro/projects/Expos/rws_cms/node_modules/canvas/build/Release/libgio-2.0.0.dylib (0x108b34648). This may cause spurious casting failures and mysterious crashes. One of the duplicates must be removed or renamed.
 GET /api/pdf-jobs?where[module][equals]=73&limit=1 200 in 268ms
objc[47337]: Class GNotificationCenterDelegate is implemented in both /Users/abenezernuro/projects/Expos/rws_cms/node_modules/@img/sharp-libvips-darwin-arm64/lib/libvips-cpp.8.16.1.dylib (0x125dc5a98) and /Users/abenezernuro/projects/Expos/rws_cms/node_modules/canvas/build/Release/libgio-2.0.0.dylib (0x1069b0648). This may cause spurious casting failures and mysterious crashes. One of the duplicates must be removed or renamed.
 GET /api/pdf-jobs?where[module][equals]=73&limit=1 200 in 247ms
objc[47417]: Class GNotificationCenterDelegate is implemented in both /Users/abenezernuro/projects/Expos/rws_cms/node_modules/@img/sharp-libvips-darwin-arm64/lib/libvips-cpp.8.16.1.dylib (0x1175c5a98) and /Users/abenezernuro/projects/Expos/rws_cms/node_modules/canvas/build/Release/libgio-2.0.0.dylib (0x1086d0648). This may cause spurious casting failures and mysterious crashes. One of the duplicates must be removed or renamed.
 GET /api/pdf-jobs?where[module][equals]=73&limit=1 200 in 260ms
objc[47501]: Class GNotificationCenterDelegate is implemented in both /Users/abenezernuro/projects/Expos/rws_cms/node_modules/@img/sharp-libvips-darwin-arm64/lib/libvips-cpp.8.16.1.dylib (0x121945a98) and /Users/abenezernuro/projects/Expos/rws_cms/node_modules/canvas/build/Release/libgio-2.0.0.dylib (0x109da4648). This may cause spurious casting failures and mysterious crashes. One of the duplicates must be removed or renamed.
 GET /api/pdf-jobs?where[module][equals]=73&limit=1 200 in 247ms
 GET /api/pdf-jobs?where[module][equals]=73&limit=1 200 in 235ms
objc[47616]: Class GNotificationCenterDelegate is implemented in both /Users/abenezernuro/projects/Expos/rws_cms/node_modules/@img/sharp-libvips-darwin-arm64/lib/libvips-cpp.8.16.1.dylib (0x1275c5a98) and /Users/abenezernuro/projects/Expos/rws_cms/node_modules/canvas/build/Release/libgio-2.0.0.dylib (0x1088cc648). This may cause spurious casting failures and mysterious crashes. One of the duplicates must be removed or renamed.
 GET /api/pdf-jobs?where[module][equals]=73&limit=1 200 in 276ms
objc[47651]: Class GNotificationCenterDelegate is implemented in both /Users/abenezernuro/projects/Expos/rws_cms/node_modules/@img/sharp-libvips-darwin-arm64/lib/libvips-cpp.8.16.1.dylib (0x1275c5a98) and /Users/abenezernuro/projects/Expos/rws_cms/node_modules/canvas/build/Release/libgio-2.0.0.dylib (0x1089e0648). This may cause spurious casting failures and mysterious crashes. One of the duplicates must be removed or renamed.
 GET /api/pdf-jobs?where[module][equals]=73&limit=1 200 in 260ms
objc[47685]: Class GNotificationCenterDelegate is implemented in both /Users/abenezernuro/projects/Expos/rws_cms/node_modules/@img/sharp-libvips-darwin-arm64/lib/libvips-cpp.8.16.1.dylib (0x124dc5a98) and /Users/abenezernuro/projects/Expos/rws_cms/node_modules/canvas/build/Release/libgio-2.0.0.dylib (0x10614c648). This may cause spurious casting failures and mysterious crashes. One of the duplicates must be removed or renamed.
 GET /api/pdf-jobs?where[module][equals]=73&limit=1 200 in 307ms
objc[47721]: Class GNotificationCenterDelegate is implemented in both /Users/abenezernuro/projects/Expos/rws_cms/node_modules/@img/sharp-libvips-darwin-arm64/lib/libvips-cpp.8.16.1.dylib (0x126dc5a98) and /Users/abenezernuro/projects/Expos/rws_cms/node_modules/canvas/build/Release/libgio-2.0.0.dylib (0x1082f4648). This may cause spurious casting failures and mysterious crashes. One of the duplicates must be removed or renamed.
 GET /api/pdf-jobs?where[module][equals]=73&limit=1 200 in 234ms
objc[47799]: Class GNotificationCenterDelegate is implemented in both /Users/abenezernuro/projects/Expos/rws_cms/node_modules/@img/sharp-libvips-darwin-arm64/lib/libvips-cpp.8.16.1.dylib (0x11e185a98) and /Users/abenezernuro/projects/Expos/rws_cms/node_modules/canvas/build/Release/libgio-2.0.0.dylib (0x10678c648). This may cause spurious casting failures and mysterious crashes. One of the duplicates must be removed or renamed.
 GET /api/pdf-jobs?where[module][equals]=73&limit=1 200 in 246ms
objc[47835]: Class GNotificationCenterDelegate is implemented in both /Users/abenezernuro/projects/Expos/rws_cms/node_modules/@img/sharp-libvips-darwin-arm64/lib/libvips-cpp.8.16.1.dylib (0x116dc5a98) and /Users/abenezernuro/projects/Expos/rws_cms/node_modules/canvas/build/Release/libgio-2.0.0.dylib (0x107e58648). This may cause spurious casting failures and mysterious crashes. One of the duplicates must be removed or renamed.
 GET /api/pdf-jobs?where[module][equals]=73&limit=1 200 in 256ms
objc[47868]: Class GNotificationCenterDelegate is implemented in both /Users/abenezernuro/projects/Expos/rws_cms/node_modules/@img/sharp-libvips-darwin-arm64/lib/libvips-cpp.8.16.1.dylib (0x124dc5a98) and /Users/abenezernuro/projects/Expos/rws_cms/node_modules/canvas/build/Release/libgio-2.0.0.dylib (0x10626c648). This may cause spurious casting failures and mysterious crashes. One of the duplicates must be removed or renamed.
 GET /api/pdf-jobs?where[module][equals]=73&limit=1 200 in 483ms
objc[47940]: Class GNotificationCenterDelegate is implemented in both /Users/abenezernuro/projects/Expos/rws_cms/node_modules/@img/sharp-libvips-darwin-arm64/lib/libvips-cpp.8.16.1.dylib (0x124dc5a98) and /Users/abenezernuro/projects/Expos/rws_cms/node_modules/canvas/build/Release/libgio-2.0.0.dylib (0x105e20648). This may cause spurious casting failures and mysterious crashes. One of the duplicates must be removed or renamed.
 GET /api/pdf-jobs?where[module][equals]=73&limit=1 200 in 387ms
objc[48011]: Class GNotificationCenterDelegate is implemented in both /Users/abenezernuro/projects/Expos/rws_cms/node_modules/@img/sharp-libvips-darwin-arm64/lib/libvips-cpp.8.16.1.dylib (0x1255c5a98) and /Users/abenezernuro/projects/Expos/rws_cms/node_modules/canvas/build/Release/libgio-2.0.0.dylib (0x1063a8648). This may cause spurious casting failures and mysterious crashes. One of the duplicates must be removed or renamed.
 GET /api/pdf-jobs?where[module][equals]=73&limit=1 200 in 406ms
objc[48092]: Class GNotificationCenterDelegate is implemented in both /Users/abenezernuro/projects/Expos/rws_cms/node_modules/@img/sharp-libvips-darwin-arm64/lib/libvips-cpp.8.16.1.dylib (0x1293c9a98) and /Users/abenezernuro/projects/Expos/rws_cms/node_modules/canvas/build/Release/libgio-2.0.0.dylib (0x109f08648). This may cause spurious casting failures and mysterious crashes. One of the duplicates must be removed or renamed.
 GET /api/pdf-jobs?where[module][equals]=73&limit=1 200 in 264ms
objc[48125]: Class GNotificationCenterDelegate is implemented in both /Users/abenezernuro/projects/Expos/rws_cms/node_modules/@img/sharp-libvips-darwin-arm64/lib/libvips-cpp.8.16.1.dylib (0x1275c5a98) and /Users/abenezernuro/projects/Expos/rws_cms/node_modules/canvas/build/Release/libgio-2.0.0.dylib (0x1085c0648). This may cause spurious casting failures and mysterious crashes. One of the duplicates must be removed or renamed.
 GET /api/pdf-jobs?where[module][equals]=73&limit=1 200 in 263ms
objc[48159]: Class GNotificationCenterDelegate is implemented in both /Users/abenezernuro/projects/Expos/rws_cms/node_modules/@img/sharp-libvips-darwin-arm64/lib/libvips-cpp.8.16.1.dylib (0x1295c5a98) and /Users/abenezernuro/projects/Expos/rws_cms/node_modules/canvas/build/Release/libgio-2.0.0.dylib (0x10a6c4648). This may cause spurious casting failures and mysterious crashes. One of the duplicates must be removed or renamed.
 GET /api/pdf-jobs?where[module][equals]=73&limit=1 200 in 250ms
objc[48193]: Class GNotificationCenterDelegate is implemented in both /Users/abenezernuro/projects/Expos/rws_cms/node_modules/@img/sharp-libvips-darwin-arm64/lib/libvips-cpp.8.16.1.dylib (0x127dc5a98) and /Users/abenezernuro/projects/Expos/rws_cms/node_modules/canvas/build/Release/libgio-2.0.0.dylib (0x108bf0648). This may cause spurious casting failures and mysterious crashes. One of the duplicates must be removed or renamed.
 GET /api/pdf-jobs?where[module][equals]=73&limit=1 200 in 240ms
objc[48236]: Class GNotificationCenterDelegate is implemented in both /Users/abenezernuro/projects/Expos/rws_cms/node_modules/@img/sharp-libvips-darwin-arm64/lib/libvips-cpp.8.16.1.dylib (0x129dc5a98) and /Users/abenezernuro/projects/Expos/rws_cms/node_modules/canvas/build/Release/libgio-2.0.0.dylib (0x10ac24648). This may cause spurious casting failures and mysterious crashes. One of the duplicates must be removed or renamed.
 GET /api/pdf-jobs?where[module][equals]=73&limit=1 200 in 262ms
objc[48310]: Class GNotificationCenterDelegate is implemented in both /Users/abenezernuro/projects/Expos/rws_cms/node_modules/@img/sharp-libvips-darwin-arm64/lib/libvips-cpp.8.16.1.dylib (0x1295c5a98) and /Users/abenezernuro/projects/Expos/rws_cms/node_modules/canvas/build/Release/libgio-2.0.0.dylib (0x10a86c648). This may cause spurious casting failures and mysterious crashes. One of the duplicates must be removed or renamed.
 GET /api/pdf-jobs?where[module][equals]=73&limit=1 200 in 249ms
objc[48343]: Class GNotificationCenterDelegate is implemented in both /Users/abenezernuro/projects/Expos/rws_cms/node_modules/@img/sharp-libvips-darwin-arm64/lib/libvips-cpp.8.16.1.dylib (0x1275c5a98) and /Users/abenezernuro/projects/Expos/rws_cms/node_modules/canvas/build/Release/libgio-2.0.0.dylib (0x108474648). This may cause spurious casting failures and mysterious crashes. One of the duplicates must be removed or renamed.
 GET /api/pdf-jobs?where[module][equals]=73&limit=1 200 in 250ms
objc[48376]: Class GNotificationCenterDelegate is implemented in both /Users/abenezernuro/projects/Expos/rws_cms/node_modules/@img/sharp-libvips-darwin-arm64/lib/libvips-cpp.8.16.1.dylib (0x124dc5a98) and /Users/abenezernuro/projects/Expos/rws_cms/node_modules/canvas/build/Release/libgio-2.0.0.dylib (0x106378648). This may cause spurious casting failures and mysterious crashes. One of the duplicates must be removed or renamed.
 GET /api/pdf-jobs?where[module][equals]=73&limit=1 200 in 243ms
objc[48449]: Class GNotificationCenterDelegate is implemented in both /Users/abenezernuro/projects/Expos/rws_cms/node_modules/@img/sharp-libvips-darwin-arm64/lib/libvips-cpp.8.16.1.dylib (0x118dc5a98) and /Users/abenezernuro/projects/Expos/rws_cms/node_modules/canvas/build/Release/libgio-2.0.0.dylib (0x109da8648). This may cause spurious casting failures and mysterious crashes. One of the duplicates must be removed or renamed.
 GET /api/pdf-jobs?where[module][equals]=73&limit=1 200 in 247ms
objc[48528]: Class GNotificationCenterDelegate is implemented in both /Users/abenezernuro/projects/Expos/rws_cms/node_modules/@img/sharp-libvips-darwin-arm64/lib/libvips-cpp.8.16.1.dylib (0x124dc5a98) and /Users/abenezernuro/projects/Expos/rws_cms/node_modules/canvas/build/Release/libgio-2.0.0.dylib (0x1060e0648). This may cause spurious casting failures and mysterious crashes. One of the duplicates must be removed or renamed.
 GET /api/pdf-jobs?where[module][equals]=73&limit=1 200 in 316ms
objc[48601]: Class GNotificationCenterDelegate is implemented in both /Users/abenezernuro/projects/Expos/rws_cms/node_modules/@img/sharp-libvips-darwin-arm64/lib/libvips-cpp.8.16.1.dylib (0x129dc5a98) and /Users/abenezernuro/projects/Expos/rws_cms/node_modules/canvas/build/Release/libgio-2.0.0.dylib (0x10aca4648). This may cause spurious casting failures and mysterious crashes. One of the duplicates must be removed or renamed.
 GET /api/pdf-jobs?where[module][equals]=73&limit=1 200 in 247ms
objc[48634]: Class GNotificationCenterDelegate is implemented in both /Users/abenezernuro/projects/Expos/rws_cms/node_modules/@img/sharp-libvips-darwin-arm64/lib/libvips-cpp.8.16.1.dylib (0x1255c5a98) and /Users/abenezernuro/projects/Expos/rws_cms/node_modules/canvas/build/Release/libgio-2.0.0.dylib (0x10697c648). This may cause spurious casting failures and mysterious crashes. One of the duplicates must be removed or renamed.
 GET /api/pdf-jobs?where[module][equals]=73&limit=1 200 in 249ms
objc[48668]: Class GNotificationCenterDelegate is implemented in both /Users/abenezernuro/projects/Expos/rws_cms/node_modules/@img/sharp-libvips-darwin-arm64/lib/libvips-cpp.8.16.1.dylib (0x1255c5a98) and /Users/abenezernuro/projects/Expos/rws_cms/node_modules/canvas/build/Release/libgio-2.0.0.dylib (0x10655c648). This may cause spurious casting failures and mysterious crashes. One of the duplicates must be removed or renamed.
 GET /api/pdf-jobs?where[module][equals]=73&limit=1 200 in 242ms
objc[48677]: Class GNotificationCenterDelegate is implemented in both /Users/abenezernuro/projects/Expos/rws_cms/node_modules/@img/sharp-libvips-darwin-arm64/lib/libvips-cpp.8.16.1.dylib (0x1275c5a98) and /Users/abenezernuro/projects/Expos/rws_cms/node_modules/canvas/build/Release/libgio-2.0.0.dylib (0x10899c648). This may cause spurious casting failures and mysterious crashes. One of the duplicates must be removed or renamed.
 GET /api/pdf-jobs?where[module][equals]=73&limit=1 200 in 250ms
 GET /api/pdf-jobs?where[module][equals]=73&limit=1 200 in 251ms
objc[48784]: Class GNotificationCenterDelegate is implemented in both /Users/abenezernuro/projects/Expos/rws_cms/node_modules/@img/sharp-libvips-darwin-arm64/lib/libvips-cpp.8.16.1.dylib (0x1295c5a98) and /Users/abenezernuro/projects/Expos/rws_cms/node_modules/canvas/build/Release/libgio-2.0.0.dylib (0x10a66c648). This may cause spurious casting failures and mysterious crashes. One of the duplicates must be removed or renamed.
 GET /api/pdf-jobs?where[module][equals]=73&limit=1 200 in 238ms
 GET /api/pdf-jobs?where[module][equals]=73&limit=1 200 in 265ms
objc[48854]: Class GNotificationCenterDelegate is implemented in both /Users/abenezernuro/projects/Expos/rws_cms/node_modules/@img/sharp-libvips-darwin-arm64/lib/libvips-cpp.8.16.1.dylib (0x124dc5a98) and /Users/abenezernuro/projects/Expos/rws_cms/node_modules/canvas/build/Release/libgio-2.0.0.dylib (0x10602c648). This may cause spurious casting failures and mysterious crashes. One of the duplicates must be removed or renamed.
 GET /api/pdf-jobs?where[module][equals]=73&limit=1 200 in 242ms
objc[48977]: Class GNotificationCenterDelegate is implemented in both /Users/abenezernuro/projects/Expos/rws_cms/node_modules/@img/sharp-libvips-darwin-arm64/lib/libvips-cpp.8.16.1.dylib (0x128dc5a98) and /Users/abenezernuro/projects/Expos/rws_cms/node_modules/canvas/build/Release/libgio-2.0.0.dylib (0x10a140648). This may cause spurious casting failures and mysterious crashes. One of the duplicates must be removed or renamed.
 GET /api/pdf-jobs?where[module][equals]=73&limit=1 200 in 262ms
objc[49026]: Class GNotificationCenterDelegate is implemented in both /Users/abenezernuro/projects/Expos/rws_cms/node_modules/@img/sharp-libvips-darwin-arm64/lib/libvips-cpp.8.16.1.dylib (0x124dc5a98) and /Users/abenezernuro/projects/Expos/rws_cms/node_modules/canvas/build/Release/libgio-2.0.0.dylib (0x105bec648). This may cause spurious casting failures and mysterious crashes. One of the duplicates must be removed or renamed.
 GET /api/pdf-jobs?where[module][equals]=73&limit=1 200 in 237ms
objc[49132]: Class GNotificationCenterDelegate is implemented in both /Users/abenezernuro/projects/Expos/rws_cms/node_modules/@img/sharp-libvips-darwin-arm64/lib/libvips-cpp.8.16.1.dylib (0x1275c5a98) and /Users/abenezernuro/projects/Expos/rws_cms/node_modules/canvas/build/Release/libgio-2.0.0.dylib (0x108538648). This may cause spurious casting failures and mysterious crashes. One of the duplicates must be removed or renamed.
 GET /api/pdf-jobs?where[module][equals]=73&limit=1 200 in 237ms
objc[49134]: Class GNotificationCenterDelegate is implemented in both /Users/abenezernuro/projects/Expos/rws_cms/node_modules/@img/sharp-libvips-darwin-arm64/lib/libvips-cpp.8.16.1.dylib (0x1275c5a98) and /Users/abenezernuro/projects/Expos/rws_cms/node_modules/canvas/build/Release/libgio-2.0.0.dylib (0x1083bc648). This may cause spurious casting failures and mysterious crashes. One of the duplicates must be removed or renamed.
 GET /api/pdf-jobs?where[module][equals]=73&limit=1 200 in 243ms
objc[49205]: Class GNotificationCenterDelegate is implemented in both /Users/abenezernuro/projects/Expos/rws_cms/node_modules/@img/sharp-libvips-darwin-arm64/lib/libvips-cpp.8.16.1.dylib (0x128dc5a98) and /Users/abenezernuro/projects/Expos/rws_cms/node_modules/canvas/build/Release/libgio-2.0.0.dylib (0x10a048648). This may cause spurious casting failures and mysterious crashes. One of the duplicates must be removed or renamed.
 GET /api/pdf-jobs?where[module][equals]=73&limit=1 200 in 494ms
objc[49213]: Class GNotificationCenterDelegate is implemented in both /Users/abenezernuro/projects/Expos/rws_cms/node_modules/@img/sharp-libvips-darwin-arm64/lib/libvips-cpp.8.16.1.dylib (0x1175c5a98) and /Users/abenezernuro/projects/Expos/rws_cms/node_modules/canvas/build/Release/libgio-2.0.0.dylib (0x1086e8648). This may cause spurious casting failures and mysterious crashes. One of the duplicates must be removed or renamed.
 GET /api/pdf-jobs?where[module][equals]=73&limit=1 200 in 257ms
objc[49282]: Class GNotificationCenterDelegate is implemented in both /Users/abenezernuro/projects/Expos/rws_cms/node_modules/@img/sharp-libvips-darwin-arm64/lib/libvips-cpp.8.16.1.dylib (0x122045a98) and /Users/abenezernuro/projects/Expos/rws_cms/node_modules/canvas/build/Release/libgio-2.0.0.dylib (0x10a4fc648). This may cause spurious casting failures and mysterious crashes. One of the duplicates must be removed or renamed.
 GET /api/pdf-jobs?where[module][equals]=73&limit=1 200 in 361ms
objc[49325]: Class GNotificationCenterDelegate is implemented in both /Users/abenezernuro/projects/Expos/rws_cms/node_modules/@img/sharp-libvips-darwin-arm64/lib/libvips-cpp.8.16.1.dylib (0x1275c5a98) and /Users/abenezernuro/projects/Expos/rws_cms/node_modules/canvas/build/Release/libgio-2.0.0.dylib (0x108840648). This may cause spurious casting failures and mysterious crashes. One of the duplicates must be removed or renamed.
 GET /api/pdf-jobs?where[module][equals]=73&limit=1 200 in 241ms
objc[49395]: Class GNotificationCenterDelegate is implemented in both /Users/abenezernuro/projects/Expos/rws_cms/node_modules/@img/sharp-libvips-darwin-arm64/lib/libvips-cpp.8.16.1.dylib (0x126dc5a98) and /Users/abenezernuro/projects/Expos/rws_cms/node_modules/canvas/build/Release/libgio-2.0.0.dylib (0x1080c8648). This may cause spurious casting failures and mysterious crashes. One of the duplicates must be removed or renamed.
 GET /api/pdf-jobs?where[module][equals]=73&limit=1 200 in 236ms
objc[49398]: Class GNotificationCenterDelegate is implemented in both /Users/abenezernuro/projects/Expos/rws_cms/node_modules/@img/sharp-libvips-darwin-arm64/lib/libvips-cpp.8.16.1.dylib (0x1275c5a98) and /Users/abenezernuro/projects/Expos/rws_cms/node_modules/canvas/build/Release/libgio-2.0.0.dylib (0x1088e8648). This may cause spurious casting failures and mysterious crashes. One of the duplicates must be removed or renamed.
 GET /api/pdf-jobs?where[module][equals]=73&limit=1 200 in 255ms
objc[49502]: Class GNotificationCenterDelegate is implemented in both /Users/abenezernuro/projects/Expos/rws_cms/node_modules/@img/sharp-libvips-darwin-arm64/lib/libvips-cpp.8.16.1.dylib (0x1275c5a98) and /Users/abenezernuro/projects/Expos/rws_cms/node_modules/canvas/build/Release/libgio-2.0.0.dylib (0x1089d0648). This may cause spurious casting failures and mysterious crashes. One of the duplicates must be removed or renamed.
 GET /api/pdf-jobs?where[module][equals]=73&limit=1 200 in 248ms
objc[49542]: Class GNotificationCenterDelegate is implemented in both /Users/abenezernuro/projects/Expos/rws_cms/node_modules/@img/sharp-libvips-darwin-arm64/lib/libvips-cpp.8.16.1.dylib (0x11da45a98) and /Users/abenezernuro/projects/Expos/rws_cms/node_modules/canvas/build/Release/libgio-2.0.0.dylib (0x10606c648). This may cause spurious casting failures and mysterious crashes. One of the duplicates must be removed or renamed.
 GET /api/pdf-jobs?where[module][equals]=73&limit=1 200 in 249ms
objc[49647]: Class GNotificationCenterDelegate is implemented in both /Users/abenezernuro/projects/Expos/rws_cms/node_modules/@img/sharp-libvips-darwin-arm64/lib/libvips-cpp.8.16.1.dylib (0x1295c5a98) and /Users/abenezernuro/projects/Expos/rws_cms/node_modules/canvas/build/Release/libgio-2.0.0.dylib (0x10a258648). This may cause spurious casting failures and mysterious crashes. One of the duplicates must be removed or renamed.
 GET /api/pdf-jobs?where[module][equals]=73&limit=1 200 in 240ms
objc[49656]: Class GNotificationCenterDelegate is implemented in both /Users/abenezernuro/projects/Expos/rws_cms/node_modules/@img/sharp-libvips-darwin-arm64/lib/libvips-cpp.8.16.1.dylib (0x1255c5a98) and /Users/abenezernuro/projects/Expos/rws_cms/node_modules/canvas/build/Release/libgio-2.0.0.dylib (0x106834648). This may cause spurious casting failures and mysterious crashes. One of the duplicates must be removed or renamed.
 GET /api/pdf-jobs?where[module][equals]=73&limit=1 200 in 268ms
 GET /api/pdf-jobs?where[module][equals]=73&limit=1 200 in 249ms
objc[49723]: Class GNotificationCenterDelegate is implemented in both /Users/abenezernuro/projects/Expos/rws_cms/node_modules/@img/sharp-libvips-darwin-arm64/lib/libvips-cpp.8.16.1.dylib (0x124dc5a98) and /Users/abenezernuro/projects/Expos/rws_cms/node_modules/canvas/build/Release/libgio-2.0.0.dylib (0x105ec4648). This may cause spurious casting failures and mysterious crashes. One of the duplicates must be removed or renamed.
 GET /api/pdf-jobs?where[module][equals]=73&limit=1 200 in 290ms
objc[49759]: Class GNotificationCenterDelegate is implemented in both /Users/abenezernuro/projects/Expos/rws_cms/node_modules/@img/sharp-libvips-darwin-arm64/lib/libvips-cpp.8.16.1.dylib (0x125dc5a98) and /Users/abenezernuro/projects/Expos/rws_cms/node_modules/canvas/build/Release/libgio-2.0.0.dylib (0x106bc8648). This may cause spurious casting failures and mysterious crashes. One of the duplicates must be removed or renamed.
 GET /api/pdf-jobs?where[module][equals]=73&limit=1 200 in 278ms
objc[49835]: Class GNotificationCenterDelegate is implemented in both /Users/abenezernuro/projects/Expos/rws_cms/node_modules/@img/sharp-libvips-darwin-arm64/lib/libvips-cpp.8.16.1.dylib (0x1275c5a98) and /Users/abenezernuro/projects/Expos/rws_cms/node_modules/canvas/build/Release/libgio-2.0.0.dylib (0x1088a8648). This may cause spurious casting failures and mysterious crashes. One of the duplicates must be removed or renamed.
 GET /api/pdf-jobs?where[module][equals]=73&limit=1 200 in 496ms
 GET /api/pdf-jobs?where[module][equals]=73&limit=1 200 in 266ms
objc[49908]: Class GNotificationCenterDelegate is implemented in both /Users/abenezernuro/projects/Expos/rws_cms/node_modules/@img/sharp-libvips-darwin-arm64/lib/libvips-cpp.8.16.1.dylib (0x1255c5a98) and /Users/abenezernuro/projects/Expos/rws_cms/node_modules/canvas/build/Release/libgio-2.0.0.dylib (0x106418648). This may cause spurious casting failures and mysterious crashes. One of the duplicates must be removed or renamed.
 GET /api/pdf-jobs?where[module][equals]=73&limit=1 200 in 268ms
 GET /api/pdf-jobs?where[module][equals]=73&limit=1 200 in 241ms
objc[50012]: Class GNotificationCenterDelegate is implemented in both /Users/abenezernuro/projects/Expos/rws_cms/node_modules/@img/sharp-libvips-darwin-arm64/lib/libvips-cpp.8.16.1.dylib (0x1275c5a98) and /Users/abenezernuro/projects/Expos/rws_cms/node_modules/canvas/build/Release/libgio-2.0.0.dylib (0x108994648). This may cause spurious casting failures and mysterious crashes. One of the duplicates must be removed or renamed.
 GET /api/pdf-jobs?where[module][equals]=73&limit=1 200 in 408ms
 GET /api/pdf-jobs?where[module][equals]=73&limit=1 200 in 267ms
objc[50176]: Class GNotificationCenterDelegate is implemented in both /Users/abenezernuro/projects/Expos/rws_cms/node_modules/@img/sharp-libvips-darwin-arm64/lib/libvips-cpp.8.16.1.dylib (0x125bc9a98) and /Users/abenezernuro/projects/Expos/rws_cms/node_modules/canvas/build/Release/libgio-2.0.0.dylib (0x105e78648). This may cause spurious casting failures and mysterious crashes. One of the duplicates must be removed or renamed.
 GET /api/pdf-jobs?where[module][equals]=73&limit=1 200 in 357ms
objc[50229]: Class GNotificationCenterDelegate is implemented in both /Users/abenezernuro/projects/Expos/rws_cms/node_modules/@img/sharp-libvips-darwin-arm64/lib/libvips-cpp.8.16.1.dylib (0x126dc5a98) and /Users/abenezernuro/projects/Expos/rws_cms/node_modules/canvas/build/Release/libgio-2.0.0.dylib (0x107d18648). This may cause spurious casting failures and mysterious crashes. One of the duplicates must be removed or renamed.
 GET /api/pdf-jobs?where[module][equals]=73&limit=1 200 in 310ms
objc[50247]: Class GNotificationCenterDelegate is implemented in both /Users/abenezernuro/projects/Expos/rws_cms/node_modules/@img/sharp-libvips-darwin-arm64/lib/libvips-cpp.8.16.1.dylib (0x124dc5a98) and /Users/abenezernuro/projects/Expos/rws_cms/node_modules/canvas/build/Release/libgio-2.0.0.dylib (0x1061ac648). This may cause spurious casting failures and mysterious crashes. One of the duplicates must be removed or renamed.
 GET /api/pdf-jobs?where[module][equals]=73&limit=1 200 in 365ms
 GET /api/pdf-jobs?where[module][equals]=73&limit=1 200 in 238ms
objc[50296]: Class GNotificationCenterDelegate is implemented in both /Users/abenezernuro/projects/Expos/rws_cms/node_modules/@img/sharp-libvips-darwin-arm64/lib/libvips-cpp.8.16.1.dylib (0x1275c5a98) and /Users/abenezernuro/projects/Expos/rws_cms/node_modules/canvas/build/Release/libgio-2.0.0.dylib (0x1085a0648). This may cause spurious casting failures and mysterious crashes. One of the duplicates must be removed or renamed.
 GET /api/pdf-jobs?where[module][equals]=73&limit=1 200 in 331ms
objc[50397]: Class GNotificationCenterDelegate is implemented in both /Users/abenezernuro/projects/Expos/rws_cms/node_modules/@img/sharp-libvips-darwin-arm64/lib/libvips-cpp.8.16.1.dylib (0x1295c5a98) and /Users/abenezernuro/projects/Expos/rws_cms/node_modules/canvas/build/Release/libgio-2.0.0.dylib (0x10a7c8648). This may cause spurious casting failures and mysterious crashes. One of the duplicates must be removed or renamed.
 GET /api/pdf-jobs?where[module][equals]=73&limit=1 200 in 283ms
 GET /api/pdf-jobs?where[module][equals]=73&limit=1 200 in 240ms
objc[50503]: Class GNotificationCenterDelegate is implemented in both /Users/abenezernuro/projects/Expos/rws_cms/node_modules/@img/sharp-libvips-darwin-arm64/lib/libvips-cpp.8.16.1.dylib (0x120045a98) and /Users/abenezernuro/projects/Expos/rws_cms/node_modules/canvas/build/Release/libgio-2.0.0.dylib (0x1084e8648). This may cause spurious casting failures and mysterious crashes. One of the duplicates must be removed or renamed.
 GET /api/pdf-jobs?where[module][equals]=73&limit=1 200 in 244ms
objc[50594]: Class GNotificationCenterDelegate is implemented in both /Users/abenezernuro/projects/Expos/rws_cms/node_modules/@img/sharp-libvips-darwin-arm64/lib/libvips-cpp.8.16.1.dylib (0x1295c5a98) and /Users/abenezernuro/projects/Expos/rws_cms/node_modules/canvas/build/Release/libgio-2.0.0.dylib (0x10a3e8648). This may cause spurious casting failures and mysterious crashes. One of the duplicates must be removed or renamed.
 GET /api/pdf-jobs?where[module][equals]=73&limit=1 200 in 237ms
objc[50668]: Class GNotificationCenterDelegate is implemented in both /Users/abenezernuro/projects/Expos/rws_cms/node_modules/@img/sharp-libvips-darwin-arm64/lib/libvips-cpp.8.16.1.dylib (0x1275c5a98) and /Users/abenezernuro/projects/Expos/rws_cms/node_modules/canvas/build/Release/libgio-2.0.0.dylib (0x10871c648). This may cause spurious casting failures and mysterious crashes. One of the duplicates must be removed or renamed.
 GET /api/pdf-jobs?where[module][equals]=73&limit=1 200 in 238ms
objc[50704]: Class GNotificationCenterDelegate is implemented in both /Users/abenezernuro/projects/Expos/rws_cms/node_modules/@img/sharp-libvips-darwin-arm64/lib/libvips-cpp.8.16.1.dylib (0x125dc5a98) and /Users/abenezernuro/projects/Expos/rws_cms/node_modules/canvas/build/Release/libgio-2.0.0.dylib (0x106bf4648). This may cause spurious casting failures and mysterious crashes. One of the duplicates must be removed or renamed.
 GET /api/pdf-jobs?where[module][equals]=73&limit=1 200 in 239ms
objc[50737]: Class GNotificationCenterDelegate is implemented in both /Users/abenezernuro/projects/Expos/rws_cms/node_modules/@img/sharp-libvips-darwin-arm64/lib/libvips-cpp.8.16.1.dylib (0x1295c5a98) and /Users/abenezernuro/projects/Expos/rws_cms/node_modules/canvas/build/Release/libgio-2.0.0.dylib (0x10a7c8648). This may cause spurious casting failures and mysterious crashes. One of the duplicates must be removed or renamed.
 GET /api/pdf-jobs?where[module][equals]=73&limit=1 200 in 237ms
objc[50773]: Class GNotificationCenterDelegate is implemented in both /Users/abenezernuro/projects/Expos/rws_cms/node_modules/@img/sharp-libvips-darwin-arm64/lib/libvips-cpp.8.16.1.dylib (0x121c45a98) and /Users/abenezernuro/projects/Expos/rws_cms/node_modules/canvas/build/Release/libgio-2.0.0.dylib (0x109fe4648). This may cause spurious casting failures and mysterious crashes. One of the duplicates must be removed or renamed.
 GET /api/pdf-jobs?where[module][equals]=73&limit=1 200 in 338ms
objc[50812]: Class GNotificationCenterDelegate is implemented in both /Users/abenezernuro/projects/Expos/rws_cms/node_modules/@img/sharp-libvips-darwin-arm64/lib/libvips-cpp.8.16.1.dylib (0x1295c5a98) and /Users/abenezernuro/projects/Expos/rws_cms/node_modules/canvas/build/Release/libgio-2.0.0.dylib (0x10a758648). This may cause spurious casting failures and mysterious crashes. One of the duplicates must be removed or renamed.
 GET /api/pdf-jobs?where[module][equals]=73&limit=1 200 in 418ms
objc[50890]: Class GNotificationCenterDelegate is implemented in both /Users/abenezernuro/projects/Expos/rws_cms/node_modules/@img/sharp-libvips-darwin-arm64/lib/libvips-cpp.8.16.1.dylib (0x1295c5a98) and /Users/abenezernuro/projects/Expos/rws_cms/node_modules/canvas/build/Release/libgio-2.0.0.dylib (0x10a718648). This may cause spurious casting failures and mysterious crashes. One of the duplicates must be removed or renamed.
 GET /api/pdf-jobs?where[module][equals]=73&limit=1 200 in 244ms
objc[50923]: Class GNotificationCenterDelegate is implemented in both /Users/abenezernuro/projects/Expos/rws_cms/node_modules/@img/sharp-libvips-darwin-arm64/lib/libvips-cpp.8.16.1.dylib (0x128dc5a98) and /Users/abenezernuro/projects/Expos/rws_cms/node_modules/canvas/build/Release/libgio-2.0.0.dylib (0x109da8648). This may cause spurious casting failures and mysterious crashes. One of the duplicates must be removed or renamed.
 âœ“ Compiled in 1104ms (5026 modules)
 GET /api/pdf-jobs?where[module][equals]=73&limit=1 200 in 1072ms
 GET /api/pdf-jobs?where[module][equals]=73&limit=1 200 in 1856ms
 GET /api/pdf-jobs?where[module][equals]=73&limit=1 200 in 261ms
objc[51066]: Class GNotificationCenterDelegate is implemented in both /Users/abenezernuro/projects/Expos/rws_cms/node_modules/@img/sharp-libvips-darwin-arm64/lib/libvips-cpp.8.16.1.dylib (0x1275c5a98) and /Users/abenezernuro/projects/Expos/rws_cms/node_modules/canvas/build/Release/libgio-2.0.0.dylib (0x1089a8648). This may cause spurious casting failures and mysterious crashes. One of the duplicates must be removed or renamed.
 GET /api/pdf-jobs?where[module][equals]=73&limit=1 200 in 242ms
objc[51182]: Class GNotificationCenterDelegate is implemented in both /Users/abenezernuro/projects/Expos/rws_cms/node_modules/@img/sharp-libvips-darwin-arm64/lib/libvips-cpp.8.16.1.dylib (0x1255c5a98) and /Users/abenezernuro/projects/Expos/rws_cms/node_modules/canvas/build/Release/libgio-2.0.0.dylib (0x106bbc648). This may cause spurious casting failures and mysterious crashes. One of the duplicates must be removed or renamed.
 GET /api/pdf-jobs?where[module][equals]=73&limit=1 200 in 241ms
objc[51216]: Class GNotificationCenterDelegate is implemented in both /Users/abenezernuro/projects/Expos/rws_cms/node_modules/@img/sharp-libvips-darwin-arm64/lib/libvips-cpp.8.16.1.dylib (0x126dc5a98) and /Users/abenezernuro/projects/Expos/rws_cms/node_modules/canvas/build/Release/libgio-2.0.0.dylib (0x107f70648). This may cause spurious casting failures and mysterious crashes. One of the duplicates must be removed or renamed.
 GET /api/pdf-jobs?where[module][equals]=73&limit=1 200 in 338ms
objc[51249]: Class GNotificationCenterDelegate is implemented in both /Users/abenezernuro/projects/Expos/rws_cms/node_modules/@img/sharp-libvips-darwin-arm64/lib/libvips-cpp.8.16.1.dylib (0x128dc5a98) and /Users/abenezernuro/projects/Expos/rws_cms/node_modules/canvas/build/Release/libgio-2.0.0.dylib (0x10a3b0648). This may cause spurious casting failures and mysterious crashes. One of the duplicates must be removed or renamed.
 GET /api/pdf-jobs?where[module][equals]=73&limit=1 200 in 270ms
objc[51289]: Class GNotificationCenterDelegate is implemented in both /Users/abenezernuro/projects/Expos/rws_cms/node_modules/@img/sharp-libvips-darwin-arm64/lib/libvips-cpp.8.16.1.dylib (0x126dc5a98) and /Users/abenezernuro/projects/Expos/rws_cms/node_modules/canvas/build/Release/libgio-2.0.0.dylib (0x1082d4648). This may cause spurious casting failures and mysterious crashes. One of the duplicates must be removed or renamed.
 GET /api/pdf-jobs?where[module][equals]=73&limit=1 200 in 392ms
objc[51322]: Class GNotificationCenterDelegate is implemented in both /Users/abenezernuro/projects/Expos/rws_cms/node_modules/@img/sharp-libvips-darwin-arm64/lib/libvips-cpp.8.16.1.dylib (0x11e5c5a98) and /Users/abenezernuro/projects/Expos/rws_cms/node_modules/canvas/build/Release/libgio-2.0.0.dylib (0x106c2c648). This may cause spurious casting failures and mysterious crashes. One of the duplicates must be removed or renamed.
 âœ“ Compiled in 949ms (5026 modules)
 GET /api/pdf-jobs?where[module][equals]=73&limit=1 200 in 1127ms
 GET /api/pdf-jobs?where[module][equals]=73&limit=1 200 in 228ms
objc[51502]: Class GNotificationCenterDelegate is implemented in both /Users/abenezernuro/projects/Expos/rws_cms/node_modules/@img/sharp-libvips-darwin-arm64/lib/libvips-cpp.8.16.1.dylib (0x124dc5a98) and /Users/abenezernuro/projects/Expos/rws_cms/node_modules/canvas/build/Release/libgio-2.0.0.dylib (0x106038648). This may cause spurious casting failures and mysterious crashes. One of the duplicates must be removed or renamed.
 GET /api/pdf-jobs?where[module][equals]=73&limit=1 200 in 236ms
objc[51555]: Class GNotificationCenterDelegate is implemented in both /Users/abenezernuro/projects/Expos/rws_cms/node_modules/@img/sharp-libvips-darwin-arm64/lib/libvips-cpp.8.16.1.dylib (0x124dc5a98) and /Users/abenezernuro/projects/Expos/rws_cms/node_modules/canvas/build/Release/libgio-2.0.0.dylib (0x106378648). This may cause spurious casting failures and mysterious crashes. One of the duplicates must be removed or renamed.
 GET /admin/collections/modules/73 200 in 1376ms
objc[52516]: Class GNotificationCenterDelegate is implemented in both /Users/abenezernuro/projects/Expos/rws_cms/node_modules/@img/sharp-libvips-darwin-arm64/lib/libvips-cpp.8.16.1.dylib (0x1255c5a98) and /Users/abenezernuro/projects/Expos/rws_cms/node_modules/canvas/build/Release/libgio-2.0.0.dylib (0x1067c4648). This may cause spurious casting failures and mysterious crashes. One of the duplicates must be removed or renamed.
 GET /api/users/me 200 in 186ms
 GET /api/pdf-jobs?where[module][equals]=73&limit=1 200 in 223ms
 GET /api/payload-preferences/collection-modules 200 in 255ms
 POST /api/pdfs 200 in 259ms
 POST /api/slides 200 in 246ms
 GET /api/payload-preferences/nav 200 in 261ms
 GET /api/users/me 200 in 157ms
objc[52713]: Class GNotificationCenterDelegate is implemented in both /Users/abenezernuro/projects/Expos/rws_cms/node_modules/@img/sharp-libvips-darwin-arm64/lib/libvips-cpp.8.16.1.dylib (0x11df05a98) and /Users/abenezernuro/projects/Expos/rws_cms/node_modules/canvas/build/Release/libgio-2.0.0.dylib (0x1063d8648). This may cause spurious casting failures and mysterious crashes. One of the duplicates must be removed or renamed.
 GET /api/pdf-jobs?where[module][equals]=73&limit=1 200 in 239ms
objc[52827]: Class GNotificationCenterDelegate is implemented in both /Users/abenezernuro/projects/Expos/rws_cms/node_modules/@img/sharp-libvips-darwin-arm64/lib/libvips-cpp.8.16.1.dylib (0x1255c5a98) and /Users/abenezernuro/projects/Expos/rws_cms/node_modules/canvas/build/Release/libgio-2.0.0.dylib (0x106720648). This may cause spurious casting failures and mysterious crashes. One of the duplicates must be removed or renamed.
 GET /api/pdf-jobs?where[module][equals]=73&limit=1 200 in 225ms
objc[52873]: Class GNotificationCenterDelegate is implemented in both /Users/abenezernuro/projects/Expos/rws_cms/node_modules/@img/sharp-libvips-darwin-arm64/lib/libvips-cpp.8.16.1.dylib (0x1295c5a98) and /Users/abenezernuro/projects/Expos/rws_cms/node_modules/canvas/build/Release/libgio-2.0.0.dylib (0x10a550648). This may cause spurious casting failures and mysterious crashes. One of the duplicates must be removed or renamed.
 GET /api/pdf-jobs?where[module][equals]=73&limit=1 200 in 235ms
objc[52941]: Class GNotificationCenterDelegate is implemented in both /Users/abenezernuro/projects/Expos/rws_cms/node_modules/@img/sharp-libvips-darwin-arm64/lib/libvips-cpp.8.16.1.dylib (0x128dc5a98) and /Users/abenezernuro/projects/Expos/rws_cms/node_modules/canvas/build/Release/libgio-2.0.0.dylib (0x109fbc648). This may cause spurious casting failures and mysterious crashes. One of the duplicates must be removed or renamed.
 GET /api/pdf-jobs?where[module][equals]=73&limit=1 200 in 233ms
 GET /api/pdf-jobs?where[module][equals]=73&limit=1 200 in 232ms
objc[52944]: Class GNotificationCenterDelegate is implemented in both /Users/abenezernuro/projects/Expos/rws_cms/node_modules/@img/sharp-libvips-darwin-arm64/lib/libvips-cpp.8.16.1.dylib (0x120845a98) and /Users/abenezernuro/projects/Expos/rws_cms/node_modules/canvas/build/Release/libgio-2.0.0.dylib (0x108bdc648). This may cause spurious casting failures and mysterious crashes. One of the duplicates must be removed or renamed.
 GET /api/pdf-jobs?where[module][equals]=73&limit=1 200 in 249ms
objc[53011]: Class GNotificationCenterDelegate is implemented in both /Users/abenezernuro/projects/Expos/rws_cms/node_modules/@img/sharp-libvips-darwin-arm64/lib/libvips-cpp.8.16.1.dylib (0x126dc5a98) and /Users/abenezernuro/projects/Expos/rws_cms/node_modules/canvas/build/Release/libgio-2.0.0.dylib (0x10824c648). This may cause spurious casting failures and mysterious crashes. One of the duplicates must be removed or renamed.
 GET /api/pdf-jobs?where[module][equals]=73&limit=1 200 in 243ms
 GET /api/pdf-jobs?where[module][equals]=73&limit=1 200 in 236ms
objc[53124]: Class GNotificationCenterDelegate is implemented in both /Users/abenezernuro/projects/Expos/rws_cms/node_modules/@img/sharp-libvips-darwin-arm64/lib/libvips-cpp.8.16.1.dylib (0x1195c5a98) and /Users/abenezernuro/projects/Expos/rws_cms/node_modules/canvas/build/Release/libgio-2.0.0.dylib (0x10a428648). This may cause spurious casting failures and mysterious crashes. One of the duplicates must be removed or renamed.
 GET /api/pdf-jobs?where[module][equals]=73&limit=1 200 in 240ms
objc[53176]: Class GNotificationCenterDelegate is implemented in both /Users/abenezernuro/projects/Expos/rws_cms/node_modules/@img/sharp-libvips-darwin-arm64/lib/libvips-cpp.8.16.1.dylib (0x121b05a98) and /Users/abenezernuro/projects/Expos/rws_cms/node_modules/canvas/build/Release/libgio-2.0.0.dylib (0x109eb0648). This may cause spurious casting failures and mysterious crashes. One of the duplicates must be removed or renamed.
 âœ“ Compiled in 958ms (3843 modules)
Generating import map
No new imports found, skipping writing import map
 GET /admin/collections/modules/73 200 in 2560ms
 âœ“ Compiled in 401ms (3843 modules)
Generating import map
No new imports found, skipping writing import map
 GET /admin/collections/modules/73 200 in 1316ms
 âœ“ Compiled in 505ms (4854 modules)
 GET /admin/collections/modules/73 200 in 4459ms
 â—‹ Compiling /api/[...slug] ...
 âœ“ Compiled /api/[...slug] in 2.6s (4009 modules)
 GET /api/users/me 200 in 4099ms
 POST /api/slides 200 in 4209ms
 GET /api/payload-preferences/collection-modules 200 in 4219ms
 GET /api/pdf-jobs?where[module][equals]=73&limit=1 200 in 4219ms
 GET /api/payload-preferences/nav 200 in 4222ms
 GET /api/pdf-jobs?where[module][equals]=73&limit=1 200 in 882ms
 GET /api/pdf-jobs?where[module][equals]=73&limit=1 200 in 905ms
 GET /api/pdf-jobs?where[module][equals]=73&limit=1 200 in 917ms
 GET /api/pdf-jobs?where[module][equals]=73&limit=1 200 in 939ms
 POST /api/pdfs 200 in 5511ms
 GET /api/users/me 200 in 167ms
 GET /api/pdf-jobs?where[module][equals]=73&limit=1 200 in 243ms
 GET /api/pdf-jobs?where[module][equals]=73&limit=1 200 in 252ms
 GET /admin/collections/modules/73 200 in 1611ms
 GET /api/pdf-jobs?where[module][equals]=73&limit=1 200 in 241ms
 GET /api/pdf-jobs?where[module][equals]=73&limit=1 200 in 239ms
 GET /api/pdf-jobs?where[module][equals]=73&limit=1 200 in 228ms
 GET /admin/collections/modules 200 in 1531ms
 GET /admin/collections/modules/80 200 in 1121ms
 POST /api/slides 200 in 240ms
 GET /api/pdf-jobs?where[module][equals]=80&limit=1 200 in 258ms
 GET /api/pdf-jobs?where[module][equals]=80&limit=1 200 in 236ms
 GET /api/pdf-jobs?where[module][equals]=80&limit=1 200 in 749ms
 GET /api/pdf-jobs?where[module][equals]=80&limit=1 200 in 231ms
 GET /api/pdf-jobs?where[module][equals]=80&limit=1 200 in 429ms
 GET /api/payload-preferences/collection-modules-80 200 in 154ms
 POST /admin/collections/modules/80 200 in 508ms
 GET /api/pdf-jobs?where[module][equals]=80&limit=1 200 in 225ms
 POST /admin/collections/modules/80 200 in 348ms
 GET /api/pdf-jobs?where[module][equals]=80&limit=1 200 in 229ms
 POST /admin/collections/modules/80 200 in 236ms
 GET /api/pdf-jobs?where[module][equals]=80&limit=1 200 in 224ms
 GET /api/payload-preferences/collection-slides 200 in 224ms
 GET /api/pdf-jobs?where[module][equals]=80&limit=1 200 in 242ms
 GET /api/pdf-jobs?where[module][equals]=80&limit=1 200 in 241ms
 POST /admin/collections/modules/80 200 in 314ms
 GET /api/payload-preferences/collection-media 200 in 397ms
 POST /admin/collections/modules/80 200 in 1036ms
 POST /admin/collections/modules/80 200 in 772ms
 POST /admin/collections/modules/80 200 in 247ms
 GET /api/payload-preferences/collection-pdfs 200 in 246ms
 GET /api/payload-preferences/undefined 200 in 163ms
 POST /admin/collections/modules/80 200 in 92ms
 POST /api/pdfs?depth=0&fallback-locale=null 201 in 1726ms
 POST /api/pdfs 200 in 331ms
 POST /admin/collections/modules/80 200 in 1236ms
 POST /admin/collections/modules/80 200 in 392ms
ðŸŽ¯ PDF processing triggered for module: 80
ðŸ“„ PDF found: sample-local-pdf-9.pdf
ðŸŒ Fetching PDF from: http://localhost:3001/api/pdfs/file/sample-local-pdf-9.pdf
 GET /api/pdfs/file/sample-local-pdf-9.pdf 200 in 286ms
âœ… PDF loaded successfully, size: 49672 bytes
ðŸ”§ PDFProcessor.processPDFToSlides called
ðŸ“‹ Parameters: {
  bufferSize: 49672,
  moduleId: 80,
  pdfFilename: 'sample-local-pdf-9.pdf'
}
ðŸš€ Initializing Payload...
ðŸ“– Loading PDF document...
ðŸ“Š PDF info: { pages: 3, filename: 'sample-local-pdf-9.pdf' }
Processing PDF: sample-local-pdf-9.pdf with 3 pages
ðŸ–¼ï¸ Converting PDF to images...
ðŸ§¹ Cleaned Array.prototype pollution: [ 'random' ]
ðŸ”§ Using pdf2pic for PDF conversion
ðŸ”„ Starting page-by-page processing (3 pages)...
ðŸ“„ Processing page 1/3
ðŸ“¦ Image buffer size: 1035570 bytes
ðŸ“¤ Uploading image to media collection: sample-local-pdf-9_page_1.png
âœ… Image uploaded with ID: 2411
ðŸŽ¯ Creating slide for page 1...
âœ… Slide created with ID: 2831
âœ… Page 1 processing complete
ðŸ“„ Processing page 2/3
ðŸ“¦ Image buffer size: 940027 bytes
ðŸ“¤ Uploading image to media collection: sample-local-pdf-9_page_2.png
âœ… Image uploaded with ID: 2412
ðŸŽ¯ Creating slide for page 2...
âœ… Slide created with ID: 2832
âœ… Page 2 processing complete
ðŸ“„ Processing page 3/3
ðŸ“¦ Image buffer size: 685100 bytes
ðŸ“¤ Uploading image to media collection: sample-local-pdf-9_page_3.png
âœ… Image uploaded with ID: 2413
ðŸŽ¯ Creating slide for page 3...
âœ… Slide created with ID: 2833
âœ… Page 3 processing complete
ðŸ” Fetching current module 80 to update slides...
ðŸ“Š Module slides status: { existingSlides: 3, newSlides: 3, totalSlides: 6 }
ðŸ’¾ Updating module with new slides...
âš ï¸ Immediate module update failed, retrying shortly... Error: Failed query: delete from "payload_locked_documents" where "payload_locked_documents"."id" in ($1)
params: 146
    at async PDFProcessor.processPDFToSlides (src/utils/pdfProcessor.ts:255:8)
    at async Modules.hooks.afterChange (src/collections/Modules.ts:124:31)
  253 |       console.log('ðŸ’¾ Updating module with new slides...')
  254 |       try {
> 255 |         await payload.update({
      |        ^
  256 |           collection: 'modules',
  257 |           id: String(moduleId),
  258 |           data: { {
  query: 'delete from "payload_locked_documents" where "payload_locked_documents"."id" in ($1)',
  params: [Array],
  [cause]: error: canceling statement due to statement timeout
      at async PDFProcessor.processPDFToSlides (src/utils/pdfProcessor.ts:255:8)
      at async Modules.hooks.afterChange (src/collections/Modules.ts:124:31)
    253 |       console.log('ðŸ’¾ Updating module with new slides...')
    254 |       try {
  > 255 |         await payload.update({
        |        ^
    256 |           collection: 'modules',
    257 |           id: String(moduleId),
    258 |           data: { {
    length: 176,
    severity: 'ERROR',
    code: '57014',
    detail: undefined,
    hint: undefined,
    position: undefined,
    internalPosition: undefined,
    internalQuery: undefined,
    where: 'while deleting tuple (0,3) in relation "payload_locked_documents"',
    schema: undefined,
    table: undefined,
    column: undefined,
    dataType: undefined,
    constraint: undefined,
    file: 'postgres.c',
    line: '3330',
    routine: 'ProcessInterrupts'
  }
}
ðŸŽ‰ PDF processing completed successfully! Created 3 slides.
âœ… PDF processing result: {
  success: true,
  slidesCreated: 3,
  slideIds: [ 2831, 2832, 2833 ],
  moduleUpdated: true
}
 PATCH /api/modules/80?depth=0&fallback-locale=null 200 in 251734ms
 POST /api/modules/access/80? 200 in 168ms
 POST /api/modules/access/80? 200 in 164ms
 POST /admin/collections/modules/80 200 in 87ms
âœ… Module updated on retry
 GET /admin/collections/modules/80 200 in 3648ms
 GET /api/users/me 200 in 225ms
 POST /api/pdfs 200 in 350ms
 GET /api/pdf-jobs?where[module][equals]=80&limit=1 200 in 336ms
 GET /api/payload-preferences/collection-modules 200 in 338ms
 POST /api/slides 200 in 411ms
 GET /api/payload-preferences/nav 200 in 455ms
 GET /api/users/me 200 in 153ms
 GET /admin/collections/pdf-jobs 200 in 718ms
 GET /api/pdf-jobs?where[module][equals]=80&limit=1 200 in 338ms
 GET /admin/collections/pdfs 200 in 724ms
 â¨¯ ./src/utils/pdfProcessor.ts
Error:   [31mx[0m Expected a semicolon
     ,-[[36;1;4m/Users/abenezernuro/projects/Expos/rws_cms/src/utils/pdfProcessor.ts[0m:161:1]
 [2m158[0m |           images.push(buffer)
 [2m159[0m |           console.log(`ðŸ“„ Processing page ${page}/${totalPages}`)
 [2m160[0m |         }
 [2m161[0m |       } finally {
     : [35;1m        ^^^^^^^[0m
 [2m162[0m |         // Restore Array.prototype
 [2m163[0m |         for (const prop of pollutedProps) {
 [2m164[0m |           ;(Array.prototype as any)[prop] = arrayProtoBackup[prop]
     `----

Caused by:
    Syntax Error

Import trace for requested module:
./src/utils/pdfProcessor.ts
./src/collections/Modules.ts
./src/payload.config.ts
./src/app/(payload)/layout.tsx
<w> [webpack.cache.PackFileCacheStrategy] Restoring pack failed from /Users/abenezernuro/projects/Expos/rws_cms/.next/cache/webpack/client-development-fallback.pack.gz: Error: incorrect header check
 â—‹ Compiling /_error ...
 â¨¯ ./src/utils/pdfProcessor.ts
Error:   [31mx[0m Expected a semicolon
     ,-[[36;1;4m/Users/abenezernuro/projects/Expos/rws_cms/src/utils/pdfProcessor.ts[0m:161:1]
 [2m158[0m |           images.push(buffer)
 [2m159[0m |           console.log(`ðŸ“„ Processing page ${page}/${totalPages}`)
 [2m160[0m |         }
 [2m161[0m |       } finally {
     : [35;1m        ^^^^^^^[0m
 [2m162[0m |         // Restore Array.prototype
 [2m163[0m |         for (const prop of pollutedProps) {
 [2m164[0m |           ;(Array.prototype as any)[prop] = arrayProtoBackup[prop]
     `----

Caused by:
    Syntax Error

Import trace for requested module:
./src/utils/pdfProcessor.ts
./src/collections/Modules.ts
./src/payload.config.ts
./src/app/(payload)/layout.tsx
 â¨¯ ./src/utils/pdfProcessor.ts
Error:   [31mx[0m Expected a semicolon
     ,-[[36;1;4m/Users/abenezernuro/projects/Expos/rws_cms/src/utils/pdfProcessor.ts[0m:161:1]
 [2m158[0m |           images.push(buffer)
 [2m159[0m |           console.log(`ðŸ“„ Processing page ${page}/${totalPages}`)
 [2m160[0m |         }
 [2m161[0m |       } finally {
     : [35;1m        ^^^^^^^[0m
 [2m162[0m |         // Restore Array.prototype
 [2m163[0m |         for (const prop of pollutedProps) {
 [2m164[0m |           ;(Array.prototype as any)[prop] = arrayProtoBackup[prop]
     `----

Caused by:
    Syntax Error

Import trace for requested module:
./src/utils/pdfProcessor.ts
./src/collections/Modules.ts
./src/payload.config.ts
./src/app/(payload)/layout.tsx
 GET /admin/collections/pdfs?limit=10 500 in 2938ms
 GET /admin/collections/pdfs?limit=10 500 in 880ms
 âœ“ Compiled /_not-found in 1589ms (5190 modules)
 âš  Fast Refresh had to perform a full reload due to a runtime error.
 GET /_next/static/webpack/c5edf22efe6bcc34.webpack.hot-update.json 404 in 1832ms
Generating import map
No new imports found, skipping writing import map
 GET /admin/collections/pdfs?limit=10 200 in 1939ms
 â—‹ Compiling /api/[...slug] ...
 âœ“ Compiled /api/[...slug] in 579ms (4193 modules)
 GET /api/users/me 200 in 1681ms
 GET /api/payload-preferences/nav 200 in 1680ms
 GET /api/users/me 200 in 162ms
 GET /admin/collections/pdfs?limit=10 200 in 682ms
 GET /admin/collections/pdf-jobs 200 in 481ms
 GET /admin/collections/pdfs 200 in 461ms
 GET /admin/collections/modules 200 in 1547ms
 GET /admin/collections/modules/73 200 in 843ms
 POST /api/pdfs 200 in 278ms
 GET /api/payload-preferences/collection-modules 200 in 277ms
 GET /api/pdf-jobs?where[module][equals]=73&limit=1 200 in 236ms
 POST /api/slides 200 in 259ms
 GET /api/pdf-jobs?where[module][equals]=73&limit=1 200 in 228ms
 GET /api/pdf-jobs?where[module][equals]=73&limit=1 200 in 240ms
 GET /api/pdf-jobs?where[module][equals]=73&limit=1 200 in 240ms
 GET /api/pdf-jobs?where[module][equals]=73&limit=1 200 in 243ms
 GET /api/pdf-jobs?where[module][equals]=73&limit=1 200 in 234ms
 GET /api/pdf-jobs?where[module][equals]=73&limit=1 200 in 235ms
 GET /admin/collections/modules?limit=10&page=2 200 in 877ms
 GET /admin/collections/modules/create 200 in 248ms
 GET /api/payload-preferences/undefined 200 in 169ms
 POST /admin/collections/modules/create 200 in 89ms
 POST /admin/collections/modules/create 200 in 85ms
 POST /admin/collections/modules/create 200 in 744ms
 POST /admin/collections/modules/create 200 in 703ms
 POST /admin/collections/modules/create 200 in 713ms
 POST /admin/collections/modules/create 200 in 731ms
 POST /admin/collections/modules/create 200 in 691ms
 POST /api/pdfs 200 in 234ms
 POST /api/pdfs 200 in 231ms
 POST /admin/collections/modules/create 200 in 83ms
ðŸŽ¯ PDF processing triggered for module: 81
ðŸ“„ PDF found: sample-local-pdf.pdf
ðŸŒ Fetching PDF from: http://localhost:3001/api/pdfs/file/sample-local-pdf.pdf
 GET /api/pdfs/file/sample-local-pdf.pdf 200 in 396ms
âœ… PDF loaded successfully, size: 49672 bytes
ðŸ”§ PDFProcessor.processPDFToSlides called
ðŸ“‹ Parameters: {
  bufferSize: 49672,
  moduleId: 81,
  pdfFilename: 'sample-local-pdf.pdf'
}
ðŸš€ Initializing Payload...
ðŸ“– Loading PDF document...
ðŸ“Š PDF info: { pages: 3, filename: 'sample-local-pdf.pdf' }
Processing PDF: sample-local-pdf.pdf with 3 pages
ðŸ–¼ï¸ Converting PDF to images...
ðŸ§¹ Cleaned Array.prototype pollution: [ 'random' ]
ðŸ”§ Using worker thread for PDF conversion
ðŸ“„ Processing page 1/3 in worker
ðŸ“„ Processing page 2/3 in worker
ðŸ“„ Processing page 3/3 in worker
ðŸ”„ Creating slides from 3 processed pages...
ðŸ“„ Creating slide 1/3
ðŸ“¦ Image buffer size: 1035570 bytes
ðŸ“¤ Uploading image to media collection: sample-local-pdf_page_1.png
âœ… Image uploaded with ID: 2414
ðŸŽ¯ Creating slide for page 1...
âœ… Slide created with ID: 2834
âœ… Page 1 processing complete
ðŸ“„ Creating slide 2/3
ðŸ“¦ Image buffer size: 940027 bytes
ðŸ“¤ Uploading image to media collection: sample-local-pdf_page_2.png
âœ… Image uploaded with ID: 2415
ðŸŽ¯ Creating slide for page 2...
âœ… Slide created with ID: 2835
âœ… Page 2 processing complete
ðŸ“„ Creating slide 3/3
ðŸ“¦ Image buffer size: 685100 bytes
ðŸ“¤ Uploading image to media collection: sample-local-pdf_page_3.png
âœ… Image uploaded with ID: 2416
ðŸŽ¯ Creating slide for page 3...
âœ… Slide created with ID: 2836
âœ… Page 3 processing complete
ðŸ” Fetching current module 81 to update slides...
ðŸ’¥ PDF processing error: NotFound: Not Found
    at async PDFProcessor.processPDFToSlides (src/utils/pdfProcessor.ts:280:28)
    at async Modules.hooks.afterChange (src/collections/Modules.ts:124:31)
  278 |       // Get current module and add new slides to existing ones
  279 |       console.log(`ðŸ” Fetching current module ${moduleId} to update slides...`)
> 280 |       const currentModule = await payload.findByID({
      |                            ^
  281 |         collection: 'modules',
  282 |         id: String(moduleId),
  283 |       }) {
  data: null,
  isOperational: true,
  isPublic: false,
  status: 404,
  [cause]: null
}
ðŸ’¥ Error stack: NotFound: Not Found
    at findByIDOperation (webpack-internal:///(rsc)/./node_modules/payload/dist/collections/operations/findByID.js:118:23)
    at process.processTicksAndRejections (node:internal/process/task_queues:105:5)
    at async PDFProcessor.processPDFToSlides (webpack-internal:///(rsc)/./src/utils/pdfProcessor.ts:267:35)
    at async Modules.hooks.afterChange (webpack-internal:///(rsc)/./src/collections/Modules.ts:113:48)
    at async createOperation (webpack-internal:///(rsc)/./node_modules/payload/dist/collections/operations/create.js:290:26)
    at async createHandler (webpack-internal:///(rsc)/./node_modules/payload/dist/collections/endpoints/create.js:28:17)
    at async handleEndpoints (webpack-internal:///(rsc)/./node_modules/payload/dist/utilities/handleEndpoints.js:179:26)
    at async eval (webpack-internal:///(rsc)/./node_modules/@payloadcms/next/dist/routes/rest/index.js:27:20)
    at async AppRouteRouteModule.do (/Users/abenezernuro/projects/Expos/rws_cms/node_modules/next/dist/compiled/next-server/app-route.runtime.dev.js:5:38782)
    at async AppRouteRouteModule.handle (/Users/abenezernuro/projects/Expos/rws_cms/node_modules/next/dist/compiled/next-server/app-route.runtime.dev.js:5:45984)
    at async responseGenerator (webpack-internal:///(rsc)/./node_modules/next/dist/build/webpack/loaders/next-app-loader/index.js?name=app%2F(payload)%2Fapi%2F%5B...slug%5D%2Froute&page=%2F(payload)%2Fapi%2F%5B...slug%5D%2Froute&appPaths=&pagePath=private-next-app-dir%2F(payload)%2Fapi%2F%5B...slug%5D%2Froute.ts&appDir=%2FUsers%2Fabenezernuro%2Fprojects%2FExpos%2Frws_cms%2Fsrc%2Fapp&pageExtensions=tsx&pageExtensions=ts&pageExtensions=jsx&pageExtensions=js&rootDir=%2FUsers%2Fabenezernuro%2Fprojects%2FExpos%2Frws_cms&isDev=true&tsconfigPath=tsconfig.json&basePath=&assetPrefix=&nextConfigOutput=&preferredRegion=&middlewareConfig=e30%3D&isGlobalNotFoundEnabled=!:206:38)
    at async AppRouteRouteModule.handleResponse (/Users/abenezernuro/projects/Expos/rws_cms/node_modules/next/dist/compiled/next-server/app-route.runtime.dev.js:1:183692)
    at async handleResponse (webpack-internal:///(rsc)/./node_modules/next/dist/build/webpack/loaders/next-app-loader/index.js?name=app%2F(payload)%2Fapi%2F%5B...slug%5D%2Froute&page=%2F(payload)%2Fapi%2F%5B...slug%5D%2Froute&appPaths=&pagePath=private-next-app-dir%2F(payload)%2Fapi%2F%5B...slug%5D%2Froute.ts&appDir=%2FUsers%2Fabenezernuro%2Fprojects%2FExpos%2Frws_cms%2Fsrc%2Fapp&pageExtensions=tsx&pageExtensions=ts&pageExtensions=jsx&pageExtensions=js&rootDir=%2FUsers%2Fabenezernuro%2Fprojects%2FExpos%2Frws_cms&isDev=true&tsconfigPath=tsconfig.json&basePath=&assetPrefix=&nextConfigOutput=&preferredRegion=&middlewareConfig=e30%3D&isGlobalNotFoundEnabled=!:268:32)
    at async handler (webpack-internal:///(rsc)/./node_modules/next/dist/build/webpack/loaders/next-app-loader/index.js?name=app%2F(payload)%2Fapi%2F%5B...slug%5D%2Froute&page=%2F(payload)%2Fapi%2F%5B...slug%5D%2Froute&appPaths=&pagePath=private-next-app-dir%2F(payload)%2Fapi%2F%5B...slug%5D%2Froute.ts&appDir=%2FUsers%2Fabenezernuro%2Fprojects%2FExpos%2Frws_cms%2Fsrc%2Fapp&pageExtensions=tsx&pageExtensions=ts&pageExtensions=jsx&pageExtensions=js&rootDir=%2FUsers%2Fabenezernuro%2Fprojects%2FExpos%2Frws_cms&isDev=true&tsconfigPath=tsconfig.json&basePath=&assetPrefix=&nextConfigOutput=&preferredRegion=&middlewareConfig=e30%3D&isGlobalNotFoundEnabled=!:320:13)
    at async doRender (/Users/abenezernuro/projects/Expos/rws_cms/node_modules/next/dist/server/base-server.js:1587:34)
    at async DevServer.renderToResponseWithComponentsImpl (/Users/abenezernuro/projects/Expos/rws_cms/node_modules/next/dist/server/base-server.js:1929:13)
    at async DevServer.renderPageComponent (/Users/abenezernuro/projects/Expos/rws_cms/node_modules/next/dist/server/base-server.js:2395:24)
    at async DevServer.renderToResponseImpl (/Users/abenezernuro/projects/Expos/rws_cms/node_modules/next/dist/server/base-server.js:2435:32)
    at async DevServer.pipeImpl (/Users/abenezernuro/projects/Expos/rws_cms/node_modules/next/dist/server/base-server.js:1035:25)
    at async NextNodeServer.handleCatchallRenderRequest (/Users/abenezernuro/projects/Expos/rws_cms/node_modules/next/dist/server/next-server.js:393:17)
    at async DevServer.handleRequestImpl (/Users/abenezernuro/projects/Expos/rws_cms/node_modules/next/dist/server/base-server.js:925:17)
    at async /Users/abenezernuro/projects/Expos/rws_cms/node_modules/next/dist/server/dev/next-dev-server.js:398:20
    at async Span.traceAsyncFn (/Users/abenezernuro/projects/Expos/rws_cms/node_modules/next/dist/trace/trace.js:157:20)
    at async DevServer.handleRequest (/Users/abenezernuro/projects/Expos/rws_cms/node_modules/next/dist/server/dev/next-dev-server.js:394:24)
    at async invokeRender (/Users/abenezernuro/projects/Expos/rws_cms/node_modules/next/dist/server/lib/router-server.js:239:21)
    at async handleRequest (/Users/abenezernuro/projects/Expos/rws_cms/node_modules/next/dist/server/lib/router-server.js:436:24)
    at async requestHandlerImpl (/Users/abenezernuro/projects/Expos/rws_cms/node_modules/next/dist/server/lib/router-server.js:464:13)
    at async Server.requestListener (/Users/abenezernuro/projects/Expos/rws_cms/node_modules/next/dist/server/lib/start-server.js:218:13)
âœ… PDF processing result: {
  success: false,
  slidesCreated: 0,
  errors: [ 'Not Found' ],
  slideIds: [],
  moduleUpdated: false
}
 POST /api/modules?depth=0&fallback-locale=null 201 in 12192ms
 GET /admin/collections/modules/81 200 in 848ms
 POST /api/pdfs 200 in 374ms
 GET /api/pdf-jobs?where[module][equals]=81&limit=1 200 in 375ms
 GET /api/pdf-jobs?where[module][equals]=81&limit=1 200 in 270ms
 GET /api/pdf-jobs?where[module][equals]=81&limit=1 200 in 239ms
 GET /api/pdf-jobs?where[module][equals]=81&limit=1 200 in 255ms
 GET /api/pdf-jobs?where[module][equals]=81&limit=1 200 in 253ms
 GET /api/pdf-jobs?where[module][equals]=81&limit=1 200 in 234ms
 GET /api/pdf-jobs?where[module][equals]=81&limit=1 200 in 234ms
 GET /api/pdf-jobs?where[module][equals]=81&limit=1 200 in 237ms
 GET /api/pdf-jobs?where[module][equals]=81&limit=1 200 in 226ms
 GET /api/pdf-jobs?where[module][equals]=81&limit=1 200 in 236ms
 GET /admin/collections/modules/81 200 in 2492ms
 GET /api/users/me 200 in 180ms
 POST /api/pdfs 200 in 255ms
 GET /api/payload-preferences/nav 200 in 237ms
 GET /api/pdf-jobs?where[module][equals]=81&limit=1 200 in 305ms
 GET /api/payload-preferences/collection-modules 200 in 335ms
 GET /api/users/me 200 in 156ms
 GET /api/pdf-jobs?where[module][equals]=81&limit=1 200 in 237ms
 GET /api/pdf-jobs?where[module][equals]=81&limit=1 200 in 235ms
 GET /api/pdf-jobs?where[module][equals]=81&limit=1 200 in 277ms
 GET /api/pdf-jobs?where[module][equals]=81&limit=1 200 in 233ms
 GET /api/pdf-jobs?where[module][equals]=81&limit=1 200 in 223ms
 GET /api/pdf-jobs?where[module][equals]=81&limit=1 200 in 260ms
 GET /api/pdf-jobs?where[module][equals]=81&limit=1 200 in 437ms
 GET /api/pdf-jobs?where[module][equals]=81&limit=1 200 in 244ms
 GET /api/pdf-jobs?where[module][equals]=81&limit=1 200 in 232ms
 âœ“ Compiled in 1592ms (5349 modules)
 âœ“ Compiled in 661ms (5349 modules)
 GET /admin/collections/modules/81 200 in 3299ms
 GET /api/users/me 200 in 210ms
 POST /api/pdfs 200 in 294ms
 GET /api/payload-preferences/collection-modules 200 in 299ms
 GET /api/payload-preferences/nav 200 in 279ms
 GET /api/users/me 200 in 153ms
 GET /api/pdf-jobs?where[module][equals]=81&limit=1 200 in 314ms
 GET /api/pdf-jobs?where[module][equals]=81&limit=1 200 in 237ms
 GET /api/pdf-jobs?where[module][equals]=81&limit=1 200 in 242ms
 GET /api/pdf-jobs?where[module][equals]=81&limit=1 200 in 388ms
 GET /api/pdf-jobs?where[module][equals]=81&limit=1 200 in 228ms
 GET /api/pdf-jobs?where[module][equals]=81&limit=1 200 in 229ms
 GET /api/payload-preferences/collection-modules-81 200 in 157ms
 GET /api/pdf-jobs?where[module][equals]=81&limit=1 200 in 221ms
 POST /admin/collections/modules/81 200 in 467ms
 GET /api/pdf-jobs?where[module][equals]=81&limit=1 200 in 230ms
 POST /admin/collections/modules/81 200 in 702ms
 GET /api/pdf-jobs?where[module][equals]=81&limit=1 200 in 224ms
 POST /admin/collections/modules/81 200 in 693ms
 GET /api/pdf-jobs?where[module][equals]=81&limit=1 200 in 243ms
 POST /api/pdfs 200 in 391ms
 POST /admin/collections/modules/81 200 in 400ms
ðŸŽ¯ PDF processing triggered for module: 81
ðŸ“„ PDF found: sample-local-pdf-1.pdf
ðŸŒ Fetching PDF from: http://localhost:3001/api/pdfs/file/sample-local-pdf-1.pdf
 GET /api/pdfs/file/sample-local-pdf-1.pdf 200 in 483ms
âœ… PDF loaded successfully, size: 49672 bytes
ðŸ”§ PDFProcessor.processPDFToSlides called
ðŸ“‹ Parameters: {
  bufferSize: 49672,
  moduleId: 81,
  pdfFilename: 'sample-local-pdf-1.pdf'
}
ðŸš€ Initializing Payload...
ðŸ“– Loading PDF document...
ðŸ“Š PDF info: { pages: 3, filename: 'sample-local-pdf-1.pdf' }
Processing PDF: sample-local-pdf-1.pdf with 3 pages
ðŸ–¼ï¸ Converting PDF to images...
ðŸ§¹ Cleaned Array.prototype pollution: [ 'random' ]
ðŸ”§ Using worker thread for PDF conversion
ðŸ“„ Processing page 1/3 in worker
ðŸ“„ Processing page 2/3 in worker
ðŸ“„ Processing page 3/3 in worker
ðŸ”„ Creating slides from 3 processed pages...
 âœ“ Compiled in 2.2s (4024 modules)
Generating import map
No new imports found, skipping writing import map
 GET /admin/collections/modules/81 200 in 2971ms
 âœ“ Compiled in 708ms (4024 modules)
ðŸ“„ Creating slide 1/3
ðŸ“¦ Image buffer size: 1035570 bytes
ðŸ“¤ Uploading image to media collection: sample-local-pdf-1_page_1.png
âœ… Image uploaded with ID: 2417
ðŸŽ¯ Creating slide for page 1...
âœ… Slide created with ID: 2837
âœ… Page 1 processing complete
ðŸ“„ Creating slide 2/3
ðŸ“¦ Image buffer size: 940027 bytes
ðŸ“¤ Uploading image to media collection: sample-local-pdf-1_page_2.png
âœ… Image uploaded with ID: 2418
ðŸŽ¯ Creating slide for page 2...
âœ… Slide created with ID: 2838
âœ… Page 2 processing complete
ðŸ“„ Creating slide 3/3
ðŸ“¦ Image buffer size: 685100 bytes
ðŸ“¤ Uploading image to media collection: sample-local-pdf-1_page_3.png
âœ… Image uploaded with ID: 2419
ðŸŽ¯ Creating slide for page 3...
âœ… Slide created with ID: 2839
âœ… Page 3 processing complete
ðŸ” Fetching current module 81 to update slides...
ðŸ“Š Module slides status: { existingSlides: 0, newSlides: 3, totalSlides: 3 }
ðŸ’¾ Updating module with new slides...
[19:07:31] [31mERROR[39m: [36mThere was an error building form state[39m
    err: {
      "type": "DrizzleQueryError",
      "message": "Failed query: update \"payload_locked_documents\" set \"updated_at\" = $1 where \"payload_locked_documents\".\"id\" = $2\nparams: 2025-08-07T23:05:31.398Z,147: canceling statement due to statement timeout",
      "stack":
          Error: Failed query: update "payload_locked_documents" set "updated_at" = $1 where "payload_locked_documents"."id" = $2
          params: 2025-08-07T23:05:31.398Z,147
              at NodePgPreparedQuery.queryWithCache (webpack-internal:///(rsc)/./node_modules/drizzle-orm/pg-core/session.js:55:15)
              at process.processTicksAndRejections (node:internal/process/task_queues:105:5)
              at async upsertRow (webpack-internal:///(rsc)/./node_modules/@payloadcms/drizzle/dist/upsertRow/index.js:49:13)
              at async Object.updateOne (webpack-internal:///(rsc)/./node_modules/@payloadcms/drizzle/dist/updateOne.js:57:20)
              at async handleFormStateLocking (webpack-internal:///(rsc)/./node_modules/@payloadcms/ui/dist/utilities/handleFormStateLocking.js:67:11)
              at async buildFormState (webpack-internal:///(rsc)/./node_modules/@payloadcms/ui/dist/utilities/buildFormState.js:192:25)
              at async buildFormStateHandler (webpack-internal:///(rsc)/./node_modules/@payloadcms/ui/dist/utilities/buildFormState.js:57:17)
              at async executeActionAndPrepareForRender (/Users/abenezernuro/projects/Expos/rws_cms/node_modules/next/dist/compiled/next-server/app-page.runtime.dev.js:33:4432)
              at async /Users/abenezernuro/projects/Expos/rws_cms/node_modules/next/dist/compiled/next-server/app-page.runtime.dev.js:33:2264
              at async handleAction (/Users/abenezernuro/projects/Expos/rws_cms/node_modules/next/dist/compiled/next-server/app-page.runtime.dev.js:32:23711)
              at async renderToHTMLOrFlightImpl (/Users/abenezernuro/projects/Expos/rws_cms/node_modules/next/dist/compiled/next-server/app-page.runtime.dev.js:38:30115)
              at async doRender (webpack-internal:///(rsc)/./node_modules/next/dist/build/webpack/loaders/next-app-loader/index.js?name=app%2F(payload)%2Fadmin%2F%5B%5B...segments%5D%5D%2Fpage&page=%2F(payload)%2Fadmin%2F%5B%5B...segments%5D%5D%2Fpage&appPaths=%2F(payload)%2Fadmin%2F%5B%5B...segments%5D%5D%2Fpage&pagePath=private-next-app-dir%2F(payload)%2Fadmin%2F%5B%5B...segments%5D%5D%2Fpage.tsx&appDir=%2FUsers%2Fabenezernuro%2Fprojects%2FExpos%2Frws_cms%2Fsrc%2Fapp&pageExtensions=tsx&pageExtensions=ts&pageExtensions=jsx&pageExtensions=js&rootDir=%2FUsers%2Fabenezernuro%2Fprojects%2FExpos%2Frws_cms&isDev=true&tsconfigPath=tsconfig.json&basePath=&assetPrefix=&nextConfigOutput=&preferredRegion=&middlewareConfig=e30%3D&isGlobalNotFoundEnabled=!:434:28)
              at async AppPageRouteModule.handleResponse (/Users/abenezernuro/projects/Expos/rws_cms/node_modules/next/dist/compiled/next-server/app-page.runtime.dev.js:40:57850)
              at async handleResponse (webpack-internal:///(rsc)/./node_modules/next/dist/build/webpack/loaders/next-app-loader/index.js?name=app%2F(payload)%2Fadmin%2F%5B%5B...segments%5D%5D%2Fpage&page=%2F(payload)%2Fadmin%2F%5B%5B...segments%5D%5D%2Fpage&appPaths=%2F(payload)%2Fadmin%2F%5B%5B...segments%5D%5D%2Fpage&pagePath=private-next-app-dir%2F(payload)%2Fadmin%2F%5B%5B...segments%5D%5D%2Fpage.tsx&appDir=%2FUsers%2Fabenezernuro%2Fprojects%2FExpos%2Frws_cms%2Fsrc%2Fapp&pageExtensions=tsx&pageExtensions=ts&pageExtensions=jsx&pageExtensions=js&rootDir=%2FUsers%2Fabenezernuro%2Fprojects%2FExpos%2Frws_cms&isDev=true&tsconfigPath=tsconfig.json&basePath=&assetPrefix=&nextConfigOutput=&preferredRegion=&middlewareConfig=e30%3D&isGlobalNotFoundEnabled=!:583:32)
              at async handler (webpack-internal:///(rsc)/./node_modules/next/dist/build/webpack/loaders/next-app-loader/index.js?name=app%2F(payload)%2Fadmin%2F%5B%5B...segments%5D%5D%2Fpage&page=%2F(payload)%2Fadmin%2F%5B%5B...segments%5D%5D%2Fpage&appPaths=%2F(payload)%2Fadmin%2F%5B%5B...segments%5D%5D%2Fpage&pagePath=private-next-app-dir%2F(payload)%2Fadmin%2F%5B%5B...segments%5D%5D%2Fpage.tsx&appDir=%2FUsers%2Fabenezernuro%2Fprojects%2FExpos%2Frws_cms%2Fsrc%2Fapp&pageExtensions=tsx&pageExtensions=ts&pageExtensions=jsx&pageExtensions=js&rootDir=%2FUsers%2Fabenezernuro%2Fprojects%2FExpos%2Frws_cms&isDev=true&tsconfigPath=tsconfig.json&basePath=&assetPrefix=&nextConfigOutput=&preferredRegion=&middlewareConfig=e30%3D&isGlobalNotFoundEnabled=!:960:20)
              at async doRender (/Users/abenezernuro/projects/Expos/rws_cms/node_modules/next/dist/server/base-server.js:1587:34)
              at async DevServer.renderToResponseWithComponentsImpl (/Users/abenezernuro/projects/Expos/rws_cms/node_modules/next/dist/server/base-server.js:1929:13)
              at async DevServer.renderPageComponent (/Users/abenezernuro/projects/Expos/rws_cms/node_modules/next/dist/server/base-server.js:2395:24)
              at async DevServer.renderToResponseImpl (/Users/abenezernuro/projects/Expos/rws_cms/node_modules/next/dist/server/base-server.js:2435:32)
              at async DevServer.pipeImpl (/Users/abenezernuro/projects/Expos/rws_cms/node_modules/next/dist/server/base-server.js:1035:25)
              at async NextNodeServer.handleCatchallRenderRequest (/Users/abenezernuro/projects/Expos/rws_cms/node_modules/next/dist/server/next-server.js:393:17)
              at async DevServer.handleRequestImpl (/Users/abenezernuro/projects/Expos/rws_cms/node_modules/next/dist/server/base-server.js:925:17)
              at async /Users/abenezernuro/projects/Expos/rws_cms/node_modules/next/dist/server/dev/next-dev-server.js:398:20
              at async Span.traceAsyncFn (/Users/abenezernuro/projects/Expos/rws_cms/node_modules/next/dist/trace/trace.js:157:20)
              at async DevServer.handleRequest (/Users/abenezernuro/projects/Expos/rws_cms/node_modules/next/dist/server/dev/next-dev-server.js:394:24)
              at async invokeRender (/Users/abenezernuro/projects/Expos/rws_cms/node_modules/next/dist/server/lib/router-server.js:239:21)
              at async handleRequest (/Users/abenezernuro/projects/Expos/rws_cms/node_modules/next/dist/server/lib/router-server.js:436:24)
              at async requestHandlerImpl (/Users/abenezernuro/projects/Expos/rws_cms/node_modules/next/dist/server/lib/router-server.js:464:13)
              at async Server.requestListener (/Users/abenezernuro/projects/Expos/rws_cms/node_modules/next/dist/server/lib/start-server.js:218:13)
          caused by: error: canceling statement due to statement timeout
              at /Users/abenezernuro/projects/Expos/rws_cms/node_modules/pg-pool/index.js:45:11
              at process.processTicksAndRejections (node:internal/process/task_queues:105:5)
              at async eval (webpack-internal:///(rsc)/./node_modules/drizzle-orm/node-postgres/session.js:130:20)
              at async NodePgPreparedQuery.queryWithCache (webpack-internal:///(rsc)/./node_modules/drizzle-orm/pg-core/session.js:53:16)
              at async upsertRow (webpack-internal:///(rsc)/./node_modules/@payloadcms/drizzle/dist/upsertRow/index.js:49:13)
              at async Object.updateOne (webpack-internal:///(rsc)/./node_modules/@payloadcms/drizzle/dist/updateOne.js:57:20)
              at async handleFormStateLocking (webpack-internal:///(rsc)/./node_modules/@payloadcms/ui/dist/utilities/handleFormStateLocking.js:67:11)
              at async buildFormState (webpack-internal:///(rsc)/./node_modules/@payloadcms/ui/dist/utilities/buildFormState.js:192:25)
              at async buildFormStateHandler (webpack-internal:///(rsc)/./node_modules/@payloadcms/ui/dist/utilities/buildFormState.js:57:17)
              at async executeActionAndPrepareForRender (/Users/abenezernuro/projects/Expos/rws_cms/node_modules/next/dist/compiled/next-server/app-page.runtime.dev.js:33:4432)
              at async /Users/abenezernuro/projects/Expos/rws_cms/node_modules/next/dist/compiled/next-server/app-page.runtime.dev.js:33:2264
              at async handleAction (/Users/abenezernuro/projects/Expos/rws_cms/node_modules/next/dist/compiled/next-server/app-page.runtime.dev.js:32:23711)
              at async renderToHTMLOrFlightImpl (/Users/abenezernuro/projects/Expos/rws_cms/node_modules/next/dist/compiled/next-server/app-page.runtime.dev.js:38:30115)
              at async doRender (webpack-internal:///(rsc)/./node_modules/next/dist/build/webpack/loaders/next-app-loader/index.js?name=app%2F(payload)%2Fadmin%2F%5B%5B...segments%5D%5D%2Fpage&page=%2F(payload)%2Fadmin%2F%5B%5B...segments%5D%5D%2Fpage&appPaths=%2F(payload)%2Fadmin%2F%5B%5B...segments%5D%5D%2Fpage&pagePath=private-next-app-dir%2F(payload)%2Fadmin%2F%5B%5B...segments%5D%5D%2Fpage.tsx&appDir=%2FUsers%2Fabenezernuro%2Fprojects%2FExpos%2Frws_cms%2Fsrc%2Fapp&pageExtensions=tsx&pageExtensions=ts&pageExtensions=jsx&pageExtensions=js&rootDir=%2FUsers%2Fabenezernuro%2Fprojects%2FExpos%2Frws_cms&isDev=true&tsconfigPath=tsconfig.json&basePath=&assetPrefix=&nextConfigOutput=&preferredRegion=&middlewareConfig=e30%3D&isGlobalNotFoundEnabled=!:434:28)
              at async AppPageRouteModule.handleResponse (/Users/abenezernuro/projects/Expos/rws_cms/node_modules/next/dist/compiled/next-server/app-page.runtime.dev.js:40:57850)
              at async handleResponse (webpack-internal:///(rsc)/./node_modules/next/dist/build/webpack/loaders/next-app-loader/index.js?name=app%2F(payload)%2Fadmin%2F%5B%5B...segments%5D%5D%2Fpage&page=%2F(payload)%2Fadmin%2F%5B%5B...segments%5D%5D%2Fpage&appPaths=%2F(payload)%2Fadmin%2F%5B%5B...segments%5D%5D%2Fpage&pagePath=private-next-app-dir%2F(payload)%2Fadmin%2F%5B%5B...segments%5D%5D%2Fpage.tsx&appDir=%2FUsers%2Fabenezernuro%2Fprojects%2FExpos%2Frws_cms%2Fsrc%2Fapp&pageExtensions=tsx&pageExtensions=ts&pageExtensions=jsx&pageExtensions=js&rootDir=%2FUsers%2Fabenezernuro%2Fprojects%2FExpos%2Frws_cms&isDev=true&tsconfigPath=tsconfig.json&basePath=&assetPrefix=&nextConfigOutput=&preferredRegion=&middlewareConfig=e30%3D&isGlobalNotFoundEnabled=!:583:32)
              at async handler (webpack-internal:///(rsc)/./node_modules/next/dist/build/webpack/loaders/next-app-loader/index.js?name=app%2F(payload)%2Fadmin%2F%5B%5B...segments%5D%5D%2Fpage&page=%2F(payload)%2Fadmin%2F%5B%5B...segments%5D%5D%2Fpage&appPaths=%2F(payload)%2Fadmin%2F%5B%5B...segments%5D%5D%2Fpage&pagePath=private-next-app-dir%2F(payload)%2Fadmin%2F%5B%5B...segments%5D%5D%2Fpage.tsx&appDir=%2FUsers%2Fabenezernuro%2Fprojects%2FExpos%2Frws_cms%2Fsrc%2Fapp&pageExtensions=tsx&pageExtensions=ts&pageExtensions=jsx&pageExtensions=js&rootDir=%2FUsers%2Fabenezernuro%2Fprojects%2FExpos%2Frws_cms&isDev=true&tsconfigPath=tsconfig.json&basePath=&assetPrefix=&nextConfigOutput=&preferredRegion=&middlewareConfig=e30%3D&isGlobalNotFoundEnabled=!:960:20)
              at async doRender (/Users/abenezernuro/projects/Expos/rws_cms/node_modules/next/dist/server/base-server.js:1587:34)
              at async DevServer.renderToResponseWithComponentsImpl (/Users/abenezernuro/projects/Expos/rws_cms/node_modules/next/dist/server/base-server.js:1929:13)
              at async DevServer.renderPageComponent (/Users/abenezernuro/projects/Expos/rws_cms/node_modules/next/dist/server/base-server.js:2395:24)
              at async DevServer.renderToResponseImpl (/Users/abenezernuro/projects/Expos/rws_cms/node_modules/next/dist/server/base-server.js:2435:32)
              at async DevServer.pipeImpl (/Users/abenezernuro/projects/Expos/rws_cms/node_modules/next/dist/server/base-server.js:1035:25)
              at async NextNodeServer.handleCatchallRenderRequest (/Users/abenezernuro/projects/Expos/rws_cms/node_modules/next/dist/server/next-server.js:393:17)
              at async DevServer.handleRequestImpl (/Users/abenezernuro/projects/Expos/rws_cms/node_modules/next/dist/server/base-server.js:925:17)
              at async /Users/abenezernuro/projects/Expos/rws_cms/node_modules/next/dist/server/dev/next-dev-server.js:398:20
              at async Span.traceAsyncFn (/Users/abenezernuro/projects/Expos/rws_cms/node_modules/next/dist/trace/trace.js:157:20)
              at async DevServer.handleRequest (/Users/abenezernuro/projects/Expos/rws_cms/node_modules/next/dist/server/dev/next-dev-server.js:394:24)
              at async invokeRender (/Users/abenezernuro/projects/Expos/rws_cms/node_modules/next/dist/server/lib/router-server.js:239:21)
              at async handleRequest (/Users/abenezernuro/projects/Expos/rws_cms/node_modules/next/dist/server/lib/router-server.js:436:24)
              at async requestHandlerImpl (/Users/abenezernuro/projects/Expos/rws_cms/node_modules/next/dist/server/lib/router-server.js:464:13)
              at async Server.requestListener (/Users/abenezernuro/projects/Expos/rws_cms/node_modules/next/dist/server/lib/start-server.js:218:13)
      "query": "update \"payload_locked_documents\" set \"updated_at\" = $1 where \"payload_locked_documents\".\"id\" = $2",
      "params": [
        "2025-08-07T23:05:31.398Z",
        147
      ]
    }
 POST /admin/collections/modules/81 200 in 120450ms
 PATCH /api/modules/81?depth=0&fallback-locale=null 200 in 214820ms
 GET /admin/collections/modules/81 200 in 2580ms
 â—‹ Compiling /api/[...slug] ...
 âœ“ Compiled /api/[...slug] in 934ms (4190 modules)
 GET /api/users/me 200 in 2200ms
 GET /api/payload-preferences/nav 200 in 2263ms
 GET /api/payload-preferences/collection-modules 200 in 2292ms
 GET /api/pdf-jobs?where[module][equals]=81&limit=1 200 in 2271ms
 POST /api/pdfs 200 in 2384ms
 GET /api/pdf-jobs?where[module][equals]=81&limit=1 200 in 229ms
 GET /api/users/me 200 in 167ms
 GET /api/pdf-jobs?where[module][equals]=81&limit=1 200 in 229ms
 GET /admin/collections/modules/81 200 in 2116ms
 GET /api/pdf-jobs?where[module][equals]=81&limit=1 200 in 286ms
 GET /api/pdf-jobs?where[module][equals]=81&limit=1 200 in 282ms
 GET /api/pdf-jobs?where[module][equals]=81&limit=1 200 in 246ms
 GET /api/pdf-jobs?where[module][equals]=81&limit=1 200 in 232ms
 GET /api/pdf-jobs?where[module][equals]=81&limit=1 200 in 241ms
 GET /api/pdf-jobs?where[module][equals]=81&limit=1 200 in 236ms
 GET /api/pdf-jobs?where[module][equals]=81&limit=1 200 in 255ms
 GET /api/payload-preferences/collection-modules-81 200 in 164ms
 POST /admin/collections/modules/81 200 in 13597ms
 GET /admin/collections/modules/81 200 in 1348ms
 GET /api/users/me 200 in 194ms
 POST /api/pdfs 200 in 297ms
 GET /api/payload-preferences/nav 200 in 268ms
 GET /api/pdf-jobs?where[module][equals]=81&limit=1 200 in 278ms
 GET /api/payload-preferences/collection-modules 200 in 319ms
 GET /api/users/me 200 in 196ms
 GET /api/pdf-jobs?where[module][equals]=81&limit=1 200 in 227ms
 GET /api/pdf-jobs?where[module][equals]=81&limit=1 200 in 220ms
âš ï¸ Immediate module update failed, retrying shortly... Error: Failed query: delete from "payload_locked_documents" where "payload_locked_documents"."id" in ($1)
params: 147
    at async PDFProcessor.processPDFToSlides (src/utils/pdfProcessor.ts:296:8)
    at async Modules.hooks.afterChange (src/collections/Modules.ts:124:31)
  294 |       console.log('ðŸ’¾ Updating module with new slides...')
  295 |       try {
> 296 |         await payload.update({
      |        ^
  297 |           collection: 'modules',
  298 |           id: String(moduleId),
  299 |           data: { {
  query: 'delete from "payload_locked_documents" where "payload_locked_documents"."id" in ($1)',
  params: [Array],
  [cause]: error: canceling statement due to statement timeout
      at async PDFProcessor.processPDFToSlides (src/utils/pdfProcessor.ts:296:8)
      at async Modules.hooks.afterChange (src/collections/Modules.ts:124:31)
    294 |       console.log('ðŸ’¾ Updating module with new slides...')
    295 |       try {
  > 296 |         await payload.update({
        |        ^
    297 |           collection: 'modules',
    298 |           id: String(moduleId),
    299 |           data: { {
    length: 176,
    severity: 'ERROR',
    code: '57014',
    detail: undefined,
    hint: undefined,
    position: undefined,
    internalPosition: undefined,
    internalQuery: undefined,
    where: 'while deleting tuple (0,5) in relation "payload_locked_documents"',
    schema: undefined,
    table: undefined,
    column: undefined,
    dataType: undefined,
    constraint: undefined,
    file: 'postgres.c',
    line: '3330',
    routine: 'ProcessInterrupts'
  }
}
ðŸŽ‰ PDF processing completed successfully! Created 3 slides.
âœ… PDF processing result: {
  success: true,
  slidesCreated: 3,
  slideIds: [ 2837, 2838, 2839 ],
  moduleUpdated: true
}
 GET /api/pdf-jobs?where[module][equals]=81&limit=1 200 in 220ms
 GET /api/pdf-jobs?where[module][equals]=81&limit=1 200 in 222ms
 GET /api/pdf-jobs?where[module][equals]=81&limit=1 200 in 239ms
 GET /api/pdf-jobs?where[module][equals]=81&limit=1 200 in 252ms
âœ… Module updated on retry
 GET /api/pdf-jobs?where[module][equals]=81&limit=1 200 in 234ms
 GET /api/pdf-jobs?where[module][equals]=81&limit=1 200 in 229ms
 GET /api/pdf-jobs?where[module][equals]=81&limit=1 200 in 248ms
 GET /admin/collections/modules/81 200 in 1902ms
 GET /api/users/me 200 in 171ms
 POST /api/pdfs 200 in 225ms
 GET /api/payload-preferences/nav 200 in 228ms
 GET /api/pdf-jobs?where[module][equals]=81&limit=1 200 in 229ms
 GET /api/payload-preferences/collection-modules 200 in 249ms
 GET /api/users/me 200 in 160ms
 POST /api/slides 200 in 704ms
 GET /api/pdf-jobs?where[module][equals]=81&limit=1 200 in 228ms
 GET /api/pdf-jobs?where[module][equals]=81&limit=1 200 in 236ms
 GET /api/pdf-jobs?where[module][equals]=81&limit=1 200 in 294ms
 GET /api/pdf-jobs?where[module][equals]=81&limit=1 200 in 239ms
 GET /api/pdf-jobs?where[module][equals]=81&limit=1 200 in 243ms
 GET /api/pdf-jobs?where[module][equals]=81&limit=1 200 in 228ms
 GET /api/pdf-jobs?where[module][equals]=81&limit=1 200 in 238ms
 GET /api/pdf-jobs?where[module][equals]=81&limit=1 200 in 232ms
 GET /api/pdf-jobs?where[module][equals]=81&limit=1 200 in 233ms
 GET /admin/collections/modules/81 200 in 687ms
 GET /api/users/me 200 in 153ms
 GET /api/payload-preferences/nav 200 in 240ms
 POST /api/slides 200 in 246ms
 GET /api/pdf-jobs?where[module][equals]=81&limit=1 200 in 249ms
 GET /api/payload-preferences/collection-modules 200 in 263ms
 POST /api/pdfs 200 in 290ms
 GET /api/users/me 200 in 150ms
 GET /api/pdf-jobs?where[module][equals]=81&limit=1 200 in 224ms
 GET /api/pdf-jobs?where[module][equals]=81&limit=1 200 in 222ms
 GET /api/pdf-jobs?where[module][equals]=81&limit=1 200 in 218ms
 GET /api/pdf-jobs?where[module][equals]=81&limit=1 200 in 222ms
 GET /api/pdf-jobs?where[module][equals]=81&limit=1 200 in 276ms
 GET /api/pdf-jobs?where[module][equals]=81&limit=1 200 in 223ms
 GET /api/pdf-jobs?where[module][equals]=81&limit=1 200 in 235ms
 GET /api/pdf-jobs?where[module][equals]=81&limit=1 200 in 221ms
 GET /api/payload-preferences/collection-modules-81 200 in 148ms
 POST /admin/collections/modules/81 200 in 446ms
 GET /api/pdf-jobs?where[module][equals]=81&limit=1 200 in 215ms
 POST /admin/collections/modules/81 200 in 664ms
 POST /admin/collections/modules/81 200 in 667ms
 POST /admin/collections/modules/81 200 in 686ms
 POST /api/pdfs 200 in 226ms
 POST /admin/collections/modules/81 200 in 385ms
 PATCH /api/modules/81?depth=0&fallback-locale=null 200 in 1740ms
 POST /api/modules/access/81? 200 in 404ms
 POST /api/modules/access/81? 200 in 170ms
 POST /admin/collections/modules/81 200 in 92ms
 GET /admin/collections/modules/81 200 in 452ms
 GET /api/users/me 200 in 182ms
 POST /api/pdfs 200 in 302ms
 POST /api/slides 200 in 268ms
 GET /api/pdf-jobs?where[module][equals]=81&limit=1 200 in 281ms
 GET /api/payload-preferences/nav 200 in 281ms
 GET /api/payload-preferences/collection-modules 200 in 304ms
 GET /api/users/me 200 in 176ms
 GET /api/pdf-jobs?where[module][equals]=81&limit=1 200 in 231ms
 GET /api/pdf-jobs?where[module][equals]=81&limit=1 200 in 238ms
 GET /api/pdf-jobs?where[module][equals]=81&limit=1 200 in 229ms
 GET /api/pdf-jobs?where[module][equals]=81&limit=1 200 in 229ms
 GET /api/pdf-jobs?where[module][equals]=81&limit=1 200 in 225ms
 GET /api/pdf-jobs?where[module][equals]=81&limit=1 200 in 241ms
 GET /api/pdf-jobs?where[module][equals]=81&limit=1 200 in 229ms
 GET /api/pdf-jobs?where[module][equals]=81&limit=1 200 in 229ms
 GET /api/pdf-jobs?where[module][equals]=81&limit=1 200 in 234ms
 GET /api/payload-preferences/collection-modules-81 200 in 164ms
 POST /admin/collections/modules/81 200 in 473ms
 POST /admin/collections/modules/81 200 in 306ms
 POST /admin/collections/modules/81 200 in 348ms
 PATCH /api/modules/81?depth=0&fallback-locale=null 200 in 1648ms
 POST /api/modules/access/81? 200 in 167ms
 POST /api/modules/access/81? 200 in 198ms
 POST /admin/collections/modules/81 200 in 190ms
 POST /admin/collections/modules/81 200 in 1510ms
 POST /admin/collections/modules/81 200 in 698ms
 POST /admin/collections/modules/81 200 in 694ms
 POST /api/pdfs 200 in 740ms
 POST /admin/collections/modules/81 200 in 474ms
ðŸŽ¯ PDF processing triggered for module: 81
ðŸ“„ PDF found: sample-local-pdf.pdf
ðŸŒ Fetching PDF from: http://localhost:3001/api/pdfs/file/sample-local-pdf.pdf
 GET /api/pdfs/file/sample-local-pdf.pdf 200 in 488ms
âœ… PDF loaded successfully, size: 49672 bytes
ðŸ”§ PDFProcessor.processPDFToSlides called
ðŸ“‹ Parameters: {
  bufferSize: 49672,
  moduleId: 81,
  pdfFilename: 'sample-local-pdf.pdf'
}
ðŸš€ Initializing Payload...
ðŸ“– Loading PDF document...
ðŸ“Š PDF info: { pages: 3, filename: 'sample-local-pdf.pdf' }
Processing PDF: sample-local-pdf.pdf with 3 pages
ðŸ–¼ï¸ Converting PDF to images...
ðŸ§¹ Cleaned Array.prototype pollution: [ 'random' ]
ðŸ”§ Using worker thread for PDF conversion
ðŸ“„ Processing page 1/3 in worker
ðŸ“„ Processing page 2/3 in worker
ðŸ“„ Processing page 3/3 in worker
ðŸ”„ Creating slides from 3 processed pages...
 GET /admin/collections/pdf-jobs 200 in 1668ms
 GET /api/users/me 200 in 220ms
 GET /api/payload-preferences/nav 200 in 291ms
 GET /api/users/me 200 in 159ms
ðŸ“„ Creating slide 1/3
ðŸ“¦ Image buffer size: 1035570 bytes
ðŸ“¤ Uploading image to media collection: sample-local-pdf_page_1.png
âœ… Image uploaded with ID: 2420
ðŸŽ¯ Creating slide for page 1...
âœ… Slide created with ID: 2840
âœ… Page 1 processing complete
ðŸ“„ Creating slide 2/3
ðŸ“¦ Image buffer size: 940027 bytes
ðŸ“¤ Uploading image to media collection: sample-local-pdf_page_2.png
âœ… Image uploaded with ID: 2421
ðŸŽ¯ Creating slide for page 2...
âœ… Slide created with ID: 2841
âœ… Page 2 processing complete
ðŸ“„ Creating slide 3/3
ðŸ“¦ Image buffer size: 685100 bytes
ðŸ“¤ Uploading image to media collection: sample-local-pdf_page_3.png
âœ… Image uploaded with ID: 2422
ðŸŽ¯ Creating slide for page 3...
âœ… Slide created with ID: 2842
âœ… Page 3 processing complete
ðŸ” Fetching current module 81 to update slides...
ðŸ“Š Module slides status: { existingSlides: 0, newSlides: 3, totalSlides: 3 }
ðŸ’¾ Updating module with new slides...
âš ï¸ Immediate module update failed, retrying shortly... Error: Failed query: delete from "payload_locked_documents" where "payload_locked_documents"."id" in ($1)
params: 150
    at async PDFProcessor.processPDFToSlides (src/utils/pdfProcessor.ts:296:8)
    at async Modules.hooks.afterChange (src/collections/Modules.ts:124:31)
  294 |       console.log('ðŸ’¾ Updating module with new slides...')
  295 |       try {
> 296 |         await payload.update({
      |        ^
  297 |           collection: 'modules',
  298 |           id: String(moduleId),
  299 |           data: { {
  query: 'delete from "payload_locked_documents" where "payload_locked_documents"."id" in ($1)',
  params: [Array],
  [cause]: error: canceling statement due to statement timeout
      at async PDFProcessor.processPDFToSlides (src/utils/pdfProcessor.ts:296:8)
      at async Modules.hooks.afterChange (src/collections/Modules.ts:124:31)
    294 |       console.log('ðŸ’¾ Updating module with new slides...')
    295 |       try {
  > 296 |         await payload.update({
        |        ^
    297 |           collection: 'modules',
    298 |           id: String(moduleId),
    299 |           data: { {
    length: 176,
    severity: 'ERROR',
    code: '57014',
    detail: undefined,
    hint: undefined,
    position: undefined,
    internalPosition: undefined,
    internalQuery: undefined,
    where: 'while deleting tuple (0,9) in relation "payload_locked_documents"',
    schema: undefined,
    table: undefined,
    column: undefined,
    dataType: undefined,
    constraint: undefined,
    file: 'postgres.c',
    line: '3330',
    routine: 'ProcessInterrupts'
  }
}
ðŸŽ‰ PDF processing completed successfully! Created 3 slides.
âœ… PDF processing result: {
  success: true,
  slidesCreated: 3,
  slideIds: [ 2840, 2841, 2842 ],
  moduleUpdated: true
}
 PATCH /api/modules/81?depth=0&fallback-locale=null 200 in 254511ms
 POST /api/modules/access/81? 200 in 170ms
 POST /api/modules/access/81? 200 in 157ms
 POST /admin/collections/modules/81 200 in 98ms
âœ… Module updated on retry
 GET /admin/collections/modules/81 200 in 1035ms
 GET /api/users/me 200 in 236ms
 GET /api/pdf-jobs?where[module][equals]=81&limit=1 200 in 273ms
 POST /api/pdfs 200 in 300ms
 GET /api/payload-preferences/nav 200 in 284ms
 POST /api/slides 200 in 285ms
 GET /api/payload-preferences/collection-modules 200 in 310ms
 GET /api/users/me 200 in 154ms
 GET /api/pdf-jobs?where[module][equals]=81&limit=1 200 in 271ms
 GET /api/pdf-jobs?where[module][equals]=81&limit=1 200 in 319ms
 GET /api/pdf-jobs?where[module][equals]=81&limit=1 200 in 482ms
 GET /api/pdf-jobs?where[module][equals]=81&limit=1 200 in 263ms
